2021-06-21 13:45:36.333875: W tensorflow/stream_executor/platform/default/dso_loader.cc:64] Could not load dynamic library 'libcudart.so.11.0'; dlerror: libcudart.so.11.0: cannot open shared object file: No such file or directory
2021-06-21 13:45:36.333928: I tensorflow/stream_executor/cuda/cudart_stub.cc:29] Ignore above cudart dlerror if you do not have a GPU set up on your machine.
2021-06-21 13:45:37.706625: W tensorflow/stream_executor/platform/default/dso_loader.cc:64] Could not load dynamic library 'libcuda.so.1'; dlerror: libcuda.so.1: cannot open shared object file: No such file or directory
2021-06-21 13:45:37.706670: W tensorflow/stream_executor/cuda/cuda_driver.cc:326] failed call to cuInit: UNKNOWN ERROR (303)
2021-06-21 13:45:37.706689: I tensorflow/stream_executor/cuda/cuda_diagnostics.cc:156] kernel driver does not appear to be running on this host (instance-1): /proc/driver/nvidia/version does not exist
2021-06-21 13:45:37.706932: I tensorflow/core/platform/cpu_feature_guard.cc:142] This TensorFlow binary is optimized with oneAPI Deep Neural Network Library (oneDNN) to use the following CPU instructions in performance-critical operations:  AVX2 AVX512F FMA
To enable them in other operations, rebuild TensorFlow with the appropriate compiler flags.
2021-06-21 13:45:37.814292: I tensorflow/compiler/mlir/mlir_graph_optimization_pass.cc:176] None of the MLIR Optimization Passes are enabled (registered 2)
2021-06-21 13:45:37.814599: I tensorflow/core/platform/profile_utils/cpu_utils.cc:114] CPU Frequency: 3100270000 Hz
0, 58.0, 0
1, 42.0, 0
2, 77.0, 0
3, 64.0, 0
4, 72.0, 0
5, 175.0, 0
6, 63.0, 0
7, 171.0, 0
8, 97.0, 0
9, 48.0, 0
10, 72.0, 0
11, 200.0, 0
12, 105.0, 0
13, 146.0, 0
14, 40.0, 0
15, 77.0, 0
16, 26.0, 12
17, 12.0, 15
18, 9.0, 19
19, 9.0, 22
20, 9.0, 25
21, 9.0, 27
22, 60.0, 44
23, 53.0, 49
24, 17.0, 54
25, 88.0, 67
26, 27.0, 71
27, 10.0, 77
28, 8.0, 79
29, 15.0, 83
30, 26.0, 87
31, 14.0, 89
32, 14.0, 92
33, 25.0, 95
34, 9.0, 98
35, 13.0, 101
36, 24.0, 105
37, 70.0, 121
38, 24.0, 131
39, 17.0, 143
40, 134.0, 149
41, 11.0, 153
42, 10.0, 161
43, 71.0, 166
44, 24.0, 182
45, 16.0, 186
46, 15.0, 189
47, 15.0, 193
48, 11.0, 195
49, 10.0, 200
50, 9.0, 202
51, 10.0, 205
52, 12.0, 209
53, 19.0, 211
54, 10.0, 214
55, 8.0, 217
56, 11.0, 228
57, 13.0, 231
58, 23.0, 233
59, 19.0, 239
60, 11.0, 242
61, 11.0, 245
62, 19.0, 248
63, 13.0, 256
64, 13.0, 264
65, 9.0, 270
66, 18.0, 272
67, 106.0, 277
68, 10.0, 283
69, 12.0, 285
70, 11.0, 295
71, 104.0, 301
72, 14.0, 307
73, 11.0, 311
74, 30.0, 315
75, 10.0, 320
76, 12.0, 322
77, 10.0, 325
78, 11.0, 330
79, 9.0, 333
80, 10.0, 336
81, 10.0, 338
82, 10.0, 343
83, 10.0, 345
84, 9.0, 348
85, 16.0, 352
86, 11.0, 356
87, 37.0, 359
88, 26.0, 365
89, 24.0, 369
90, 13.0, 373
91, 10.0, 377
92, 9.0, 382
93, 9.0, 384
94, 10.0, 387
95, 9.0, 391
96, 14.0, 395
97, 14.0, 400
98, 13.0, 405
99, 11.0, 410
100, 16.0, 412
101, 10.0, 415
102, 29.0, 420
103, 169.0, 426
104, 12.0, 428
105, 9.0, 434
106, 10.0, 436
107, 10.0, 440
108, 200.0, 444
109, 9.0, 459
110, 22.0, 465
111, 200.0, 470
112, 10.0, 479
113, 10.0, 481
114, 16.0, 485
115, 141.0, 489
116, 11.0, 500
117, 13.0, 503
118, 10.0, 506
119, 12.0, 511
120, 14.0, 513
121, 136.0, 516
122, 11.0, 521
123, 9.0, 527
124, 9.0, 532
125, 10.0, 535
126, 19.0, 538
127, 9.0, 541
128, 10.0, 544
129, 10.0, 547
130, 10.0, 551
131, 10.0, 555
132, 9.0, 558
133, 13.0, 562
134, 10.0, 564
135, 14.0, 568
136, 110.0, 572
137, 8.0, 576
138, 9.0, 578
139, 9.0, 582
140, 8.0, 586
141, 10.0, 589
142, 8.0, 592
143, 10.0, 596
144, 10.0, 611
145, 97.0, 613
146, 9.0, 616
147, 10.0, 618
148, 10.0, 620
149, 9.0, 622
150, 10.0, 626
151, 72.0, 630
152, 10.0, 634
153, 168.0, 638
154, 8.0, 641
155, 10.0, 644
156, 10.0, 645
157, 12.0, 648
158, 9.0, 650
159, 12.0, 652
160, 10.0, 654
161, 10.0, 656
162, 8.0, 658
163, 10.0, 660
164, 12.0, 661
165, 10.0, 664
166, 11.0, 668
167, 98.0, 670
168, 9.0, 673
169, 8.0, 676
170, 78.0, 679
171, 95.0, 681
172, 9.0, 683
173, 9.0, 684
174, 12.0, 686
175, 9.0, 694
176, 13.0, 697
177, 10.0, 702
178, 10.0, 705
179, 9.0, 708
180, 10.0, 710
181, 9.0, 714
182, 10.0, 716
183, 86.0, 719
184, 73.0, 723
185, 9.0, 730
186, 9.0, 735
187, 81.0, 737
188, 9.0, 739
189, 8.0, 743
190, 13.0, 746
191, 10.0, 748
192, 10.0, 750
193, 15.0, 754
194, 10.0, 756
195, 84.0, 759
196, 9.0, 763
197, 10.0, 765
198, 9.0, 767
199, 10.0, 770
200, 9.0, 772
201, 200.0, 776
202, 10.0, 785
203, 14.0, 789
204, 10.0, 793
205, 107.0, 797
206, 74.0, 800
207, 10.0, 805
208, 10.0, 808
209, 12.0, 810
210, 10.0, 813
211, 148.0, 817
212, 9.0, 820
213, 10.0, 825
214, 9.0, 828
215, 10.0, 830
216, 92.0, 832
217, 9.0, 836
218, 10.0, 838
219, 148.0, 847
220, 10.0, 851
221, 10.0, 853
222, 9.0, 855
223, 10.0, 857
224, 11.0, 867
225, 9.0, 869
226, 12.0, 873
227, 12.0, 876
228, 10.0, 882
229, 10.0, 884
230, 8.0, 886
231, 9.0, 888
232, 8.0, 896
233, 130.0, 898
234, 111.0, 904
235, 10.0, 907
236, 9.0, 913
237, 8.0, 917
238, 75.0, 919
239, 9.0, 921
240, 9.0, 924
241, 9.0, 926
242, 9.0, 929
243, 8.0, 933
244, 9.0, 935
245, 10.0, 938
246, 10.0, 943
247, 10.0, 946
248, 10.0, 949
249, 10.0, 951
250, 10.0, 953
251, 9.0, 955
252, 11.0, 957
253, 9.0, 958
254, 10.0, 963
255, 9.0, 966
256, 9.0, 968
257, 9.0, 970
258, 9.0, 972
259, 9.0, 974
260, 148.0, 979
261, 133.0, 983
262, 10.0, 988
263, 11.0, 991
264, 10.0, 993
265, 10.0, 996
266, 200.0, 1001
267, 65.0, 1006
268, 106.0, 1009
269, 11.0, 1012
270, 148.0, 1015
271, 153.0, 1023
272, 11.0, 1026
273, 88.0, 1029
274, 12.0, 1031
275, 78.0, 1038
276, 119.0, 1041
277, 85.0, 1045
278, 61.0, 1051
279, 9.0, 1055
280, 76.0, 1057
281, 59.0, 1059
282, 200.0, 1061
283, 10.0, 1073
284, 68.0, 1075
285, 10.0, 1078
286, 88.0, 1081
287, 88.0, 1084
288, 72.0, 1087
289, 123.0, 1090
290, 84.0, 1093
291, 103.0, 1095
292, 9.0, 1108
293, 9.0, 1110
294, 11.0, 1112
295, 62.0, 1129
296, 96.0, 1137
297, 90.0, 1142
298, 86.0, 1146
299, 123.0, 1161
300, 106.0, 1167
301, 124.0, 1169
302, 112.0, 1175
303, 103.0, 1178
304, 80.0, 1182
305, 104.0, 1185
306, 10.0, 1198
307, 200.0, 1200
308, 10.0, 1207
309, 103.0, 1217
310, 70.0, 1219
311, 116.0, 1226
312, 9.0, 1234
313, 139.0, 1241
314, 130.0, 1246
315, 138.0, 1250
316, 9.0, 1275
317, 93.0, 1277
318, 93.0, 1291
319, 89.0, 1294
320, 200.0, 1296
321, 146.0, 1321
322, 113.0, 1324
323, 89.0, 1338
324, 124.0, 1343
325, 74.0, 1356
326, 91.0, 1359
327, 13.0, 1384
328, 93.0, 1388
329, 103.0, 1393
330, 153.0, 1411
331, 100.0, 1414
332, 102.0, 1417
333, 153.0, 1424
334, 131.0, 1438
335, 155.0, 1442
336, 116.0, 1446
337, 125.0, 1448
338, 98.0, 1452
339, 114.0, 1456
340, 99.0, 1472
341, 92.0, 1474
342, 10.0, 1477
343, 121.0, 1479
344, 125.0, 1490
345, 166.0, 1493
346, 87.0, 1499
347, 95.0, 1502
348, 200.0, 1517
349, 125.0, 1553
350, 179.0, 1557
351, 89.0, 1560
352, 125.0, 1569
353, 151.0, 1579
354, 200.0, 1600
355, 113.0, 1612
356, 198.0, 1617
357, 109.0, 1638
358, 91.0, 1642
359, 190.0, 1655
360, 150.0, 1675
361, 200.0, 1688
362, 110.0, 1695
363, 148.0, 1713
364, 167.0, 1716
365, 183.0, 1742
366, 191.0, 1749
367, 107.0, 1754
368, 83.0, 1756
369, 200.0, 1782
370, 200.0, 1800
371, 200.0, 1825
372, 162.0, 1832
373, 168.0, 1845
374, 147.0, 1856
375, 200.0, 1868
376, 122.0, 1878
377, 93.0, 1896
378, 101.0, 1902
379, 200.0, 1921
380, 148.0, 1932
381, 200.0, 1937
382, 148.0, 1950
383, 160.0, 1957
384, 109.0, 1964
385, 138.0, 1982
386, 135.0, 2006
387, 158.0, 2032
388, 156.0, 2046
389, 175.0, 2050
390, 111.0, 2053
391, 103.0, 2056
392, 92.0, 2076
393, 156.0, 2079
394, 87.0, 2087
395, 200.0, 2090
396, 170.0, 2109
397, 159.0, 2119
398, 169.0, 2128
399, 200.0, 2145
400, 170.0, 2150
401, 166.0, 2161
402, 164.0, 2167
403, 139.0, 2171
404, 123.0, 2175
405, 145.0, 2178
406, 99.0, 2197
407, 191.0, 2206
408, 166.0, 2222
409, 100.0, 2226
410, 154.0, 2229
411, 152.0, 2232
412, 184.0, 2235
413, 151.0, 2244
414, 163.0, 2253
415, 103.0, 2265
416, 89.0, 2269
417, 170.0, 2282
418, 88.0, 2307
419, 91.0, 2331
420, 81.0, 2333
421, 80.0, 2335
422, 154.0, 2341
423, 200.0, 2346
424, 84.0, 2360
425, 200.0, 2367
426, 98.0, 2371
427, 102.0, 2389
428, 86.0, 2407
429, 85.0, 2430
430, 92.0, 2444
431, 143.0, 2449
432, 136.0, 2459
433, 126.0, 2463
434, 94.0, 2475
435, 102.0, 2477
436, 97.0, 2489
437, 111.0, 2508
438, 82.0, 2520
439, 94.0, 2531
440, 200.0, 2538
441, 117.0, 2552
442, 154.0, 2589
443, 200.0, 2606
444, 200.0, 2611
445, 94.0, 2613
446, 124.0, 2616
447, 161.0, 2631
448, 200.0, 2634
449, 174.0, 2643
450, 106.0, 2652
451, 118.0, 2655
452, 111.0, 2661
453, 82.0, 2668
454, 131.0, 2683
455, 200.0, 2714
456, 117.0, 2721
457, 149.0, 2727
458, 55.0, 2733
459, 124.0, 2739
460, 146.0, 2749
461, 130.0, 2754
462, 157.0, 2762
463, 98.0, 2765
464, 118.0, 2769
465, 123.0, 2772
466, 106.0, 2775
467, 109.0, 2797
468, 116.0, 2807
469, 173.0, 2817
470, 112.0, 2841
471, 130.0, 2843
472, 122.0, 2845
473, 115.0, 2849
474, 166.0, 2862
475, 154.0, 2890
476, 118.0, 2914
477, 114.0, 2941
478, 200.0, 2957
479, 190.0, 2962
480, 108.0, 2978
481, 77.0, 2981
482, 23.0, 2987
483, 110.0, 2992
484, 125.0, 2999
485, 110.0, 3012
486, 200.0, 3034
487, 200.0, 3042
488, 162.0, 3048
489, 110.0, 3061
490, 193.0, 3072
491, 200.0, 3076
492, 164.0, 3085
493, 200.0, 3105
494, 114.0, 3119
495, 94.0, 3124
496, 147.0, 3153
497, 175.0, 3168
498, 136.0, 3179
499, 113.0, 3183
500, 177.0, 3202
501, 179.0, 3215
502, 96.0, 3236
503, 128.0, 3244
504, 129.0, 3251
505, 128.0, 3273
506, 87.0, 3278
507, 135.0, 3285
508, 168.0, 3294
509, 176.0, 3305
510, 93.0, 3307
511, 189.0, 3323
512, 97.0, 3338
513, 34.0, 3343
514, 116.0, 3347
515, 130.0, 3350
516, 95.0, 3370
517, 142.0, 3379
518, 184.0, 3390
519, 137.0, 3400
520, 95.0, 3402
521, 200.0, 3412
522, 147.0, 3418
523, 34.0, 3431
524, 26.0, 3435
525, 10.0, 3458
526, 161.0, 3460
527, 200.0, 3468
528, 103.0, 3479
529, 197.0, 3492
530, 158.0, 3509
531, 11.0, 3525
532, 119.0, 3528
533, 137.0, 3548
534, 177.0, 3552
535, 136.0, 3571
536, 99.0, 3578
537, 181.0, 3591
538, 160.0, 3598
539, 174.0, 3622
540, 159.0, 3644
541, 98.0, 3651
542, 147.0, 3656
543, 167.0, 3664
544, 156.0, 3667
545, 162.0, 3679
546, 108.0, 3681
547, 135.0, 3694
548, 26.0, 3716
549, 101.0, 3719
550, 137.0, 3723
551, 112.0, 3729
552, 95.0, 3752
553, 105.0, 3783
554, 111.0, 3800
555, 147.0, 3814
556, 162.0, 3829
557, 121.0, 3833
558, 86.0, 3857
559, 200.0, 3876
560, 200.0, 3882
561, 106.0, 3889
562, 92.0, 3892
563, 77.0, 3905
564, 99.0, 3919
565, 115.0, 3922
566, 109.0, 3930
567, 175.0, 3949
568, 200.0, 3952
569, 94.0, 3967
570, 129.0, 3988
571, 167.0, 3997
572, 183.0, 4009
573, 85.0, 4027
574, 98.0, 4041
575, 105.0, 4051
576, 87.0, 4053
577, 100.0, 4069
578, 85.0, 4090
579, 200.0, 4109
580, 161.0, 4128
581, 85.0, 4140
582, 125.0, 4160
583, 146.0, 4183
584, 103.0, 4198
585, 142.0, 4203
586, 89.0, 4215
587, 97.0, 4237
588, 200.0, 4257
589, 87.0, 4271
590, 81.0, 4280
591, 91.0, 4285
592, 121.0, 4303
593, 99.0, 4324
594, 95.0, 4328
595, 144.0, 4333
596, 100.0, 4348
597, 94.0, 4350
598, 121.0, 4369
599, 110.0, 4386
600, 94.0, 4394
601, 122.0, 4400
602, 114.0, 4409
603, 89.0, 4425
604, 119.0, 4430
605, 116.0, 4450
606, 105.0, 4454
607, 105.0, 4472
608, 137.0, 4495
609, 104.0, 4505
610, 84.0, 4509
611, 98.0, 4512
612, 88.0, 4535
613, 118.0, 4552
614, 134.0, 4559
615, 91.0, 4580
616, 135.0, 4594
617, 97.0, 4600
618, 96.0, 4622
619, 109.0, 4635
620, 96.0, 4648
621, 130.0, 4670
622, 87.0, 4684
623, 190.0, 4698
624, 130.0, 4703
625, 100.0, 4722
626, 85.0, 4738
627, 102.0, 4757
628, 132.0, 4759
629, 88.0, 4773
630, 95.0, 4778
631, 99.0, 4789
632, 99.0, 4799
633, 153.0, 4828
634, 86.0, 4847
635, 99.0, 4863
636, 145.0, 4875
637, 138.0, 4881
638, 89.0, 4898
639, 101.0, 4900
640, 111.0, 4917
641, 108.0, 4923
642, 147.0, 4927
643, 98.0, 4944
644, 111.0, 4947
645, 97.0, 4954
646, 101.0, 4958
647, 118.0, 4990
648, 98.0, 5012
649, 82.0, 5025
650, 92.0, 5047
651, 82.0, 5052
652, 79.0, 5055
653, 82.0, 5060
654, 90.0, 5064
655, 86.0, 5071
656, 82.0, 5090
657, 88.0, 5102
658, 191.0, 5123
659, 47.0, 5127
660, 77.0, 5133
661, 94.0, 5144
662, 93.0, 5146
663, 200.0, 5150
664, 91.0, 5156
665, 119.0, 5159
666, 100.0, 5164
667, 87.0, 5184
668, 81.0, 5196
669, 79.0, 5215
670, 74.0, 5232
671, 89.0, 5235
672, 98.0, 5253
673, 96.0, 5257
674, 95.0, 5273
675, 91.0, 5286
676, 88.0, 5293
677, 49.0, 5296
678, 43.0, 5299
679, 97.0, 5303
680, 109.0, 5306
681, 80.0, 5326
682, 114.0, 5346
683, 76.0, 5365
684, 63.0, 5368
685, 46.0, 5377
686, 116.0, 5379
687, 80.0, 5395
688, 121.0, 5412
689, 162.0, 5418
690, 107.0, 5428
691, 90.0, 5432
692, 94.0, 5436
693, 77.0, 5444
694, 86.0, 5453
695, 92.0, 5455
696, 105.0, 5461
697, 82.0, 5469
698, 86.0, 5480
699, 85.0, 5483
700, 82.0, 5489
701, 96.0, 5504
702, 98.0, 5523
703, 47.0, 5540
704, 133.0, 5547
705, 85.0, 5564
706, 90.0, 5568
707, 65.0, 5576
708, 35.0, 5594
709, 111.0, 5598
710, 76.0, 5612
711, 87.0, 5616
712, 63.0, 5619
713, 87.0, 5622
714, 78.0, 5626
715, 85.0, 5629
716, 80.0, 5647
717, 22.0, 5649
718, 75.0, 5655
719, 47.0, 5664
720, 68.0, 5679
721, 46.0, 5682
722, 87.0, 5686
723, 78.0, 5695
724, 93.0, 5711
725, 87.0, 5725
726, 94.0, 5729
727, 77.0, 5732
728, 83.0, 5734
729, 76.0, 5737
730, 86.0, 5739
731, 88.0, 5752
732, 78.0, 5758
733, 89.0, 5766
734, 95.0, 5782
735, 82.0, 5793
736, 84.0, 5799
737, 85.0, 5801
738, 87.0, 5815
739, 102.0, 5820
740, 39.0, 5824
741, 82.0, 5827
742, 200.0, 5840
743, 114.0, 5844
744, 97.0, 5854
745, 82.0, 5869
746, 70.0, 5887
747, 71.0, 5890
748, 82.0, 5909
749, 78.0, 5912
750, 81.0, 5916
751, 94.0, 5930
752, 82.0, 5939
753, 128.0, 5941
754, 78.0, 5949
755, 77.0, 5956
756, 80.0, 5961
757, 95.0, 5977
758, 71.0, 5979
759, 71.0, 5982
760, 86.0, 5985
761, 44.0, 5999
762, 110.0, 6003
763, 100.0, 6006
764, 83.0, 6009
765, 50.0, 6018
766, 90.0, 6021
767, 79.0, 6024
768, 77.0, 6026
769, 87.0, 6028
770, 107.0, 6039
771, 84.0, 6066
772, 15.0, 6070
773, 38.0, 6085
774, 79.0, 6089
775, 94.0, 6102
776, 85.0, 6121
777, 75.0, 6123
778, 114.0, 6129
779, 73.0, 6146
780, 118.0, 6158
781, 77.0, 6169
782, 75.0, 6180
783, 106.0, 6189
784, 78.0, 6191
785, 112.0, 6201
786, 110.0, 6218
787, 74.0, 6225
788, 200.0, 6227
789, 82.0, 6232
790, 104.0, 6233
791, 84.0, 6235
792, 17.0, 6242
793, 85.0, 6245
794, 83.0, 6251
795, 86.0, 6253
796, 78.0, 6272
797, 74.0, 6289
798, 71.0, 6293
799, 88.0, 6300
800, 74.0, 6302
801, 150.0, 6322
802, 93.0, 6326
803, 71.0, 6344
804, 82.0, 6351
805, 146.0, 6357
806, 90.0, 6372
807, 114.0, 6376
808, 71.0, 6394
809, 79.0, 6398
810, 136.0, 6411
811, 82.0, 6420
812, 119.0, 6424
813, 116.0, 6436
814, 105.0, 6449
815, 105.0, 6459
816, 83.0, 6462
817, 64.0, 6480
818, 200.0, 6487
819, 112.0, 6501
820, 124.0, 6510
821, 81.0, 6522
822, 72.0, 6524
823, 70.0, 6533
824, 87.0, 6545
825, 53.0, 6551
826, 118.0, 6554
827, 19.0, 6555
828, 70.0, 6558
829, 165.0, 6564
830, 79.0, 6581
831, 146.0, 6584
832, 80.0, 6593
833, 71.0, 6614
834, 77.0, 6625
835, 78.0, 6628
836, 79.0, 6644
837, 200.0, 6651
838, 73.0, 6667
839, 72.0, 6681
840, 85.0, 6701
841, 75.0, 6706
842, 71.0, 6713
843, 200.0, 6726
844, 134.0, 6747
845, 71.0, 6753
846, 87.0, 6756
847, 73.0, 6765
848, 75.0, 6775
849, 131.0, 6784
850, 75.0, 6795
851, 105.0, 6812
852, 101.0, 6821
853, 71.0, 6838
854, 96.0, 6844
855, 74.0, 6850
856, 68.0, 6862
857, 79.0, 6866
858, 200.0, 6881
859, 98.0, 6886
860, 112.0, 6900
861, 92.0, 6904
862, 98.0, 6910
863, 88.0, 6921
864, 103.0, 6934
865, 141.0, 6945
866, 200.0, 6958
867, 99.0, 6962
868, 70.0, 6965
869, 75.0, 6967
870, 76.0, 6970
871, 92.0, 6974
872, 74.0, 6976
873, 83.0, 6980
874, 92.0, 7000
875, 159.0, 7007
876, 200.0, 7032
877, 96.0, 7052
878, 92.0, 7060
879, 81.0, 7076
880, 99.0, 7086
881, 200.0, 7105
882, 93.0, 7126
883, 86.0, 7134
884, 85.0, 7137
885, 96.0, 7145
886, 117.0, 7153
887, 137.0, 7161
888, 59.0, 7172
889, 200.0, 7183
890, 94.0, 7192
891, 147.0, 7205
892, 120.0, 7220
893, 97.0, 7229
894, 91.0, 7236
895, 116.0, 7247
896, 96.0, 7261
897, 83.0, 7265
898, 104.0, 7270
899, 114.0, 7281
900, 83.0, 7287
901, 93.0, 7298
902, 80.0, 7303
903, 85.0, 7305
904, 157.0, 7319
905, 92.0, 7322
906, 119.0, 7336
907, 134.0, 7341
908, 104.0, 7357
909, 106.0, 7362
910, 93.0, 7368
911, 94.0, 7384
912, 56.0, 7403
913, 48.0, 7415
914, 97.0, 7419
915, 112.0, 7423
916, 111.0, 7429
917, 81.0, 7449
918, 96.0, 7453
919, 92.0, 7471
920, 108.0, 7474
921, 101.0, 7494
922, 72.0, 7502
923, 52.0, 7507
924, 91.0, 7513
925, 75.0, 7520
926, 200.0, 7532
927, 137.0, 7535
928, 98.0, 7540
929, 85.0, 7562
930, 118.0, 7575
931, 85.0, 7588
932, 84.0, 7593
933, 77.0, 7596
934, 142.0, 7607
935, 88.0, 7611
936, 70.0, 7628
937, 192.0, 7649
938, 142.0, 7659
939, 133.0, 7669
940, 97.0, 7675
941, 75.0, 7694
942, 90.0, 7715
943, 120.0, 7721
944, 80.0, 7742
945, 113.0, 7754
946, 147.0, 7770
947, 103.0, 7784
948, 76.0, 7798
949, 113.0, 7819
950, 78.0, 7828
951, 99.0, 7832
952, 90.0, 7845
953, 82.0, 7858
954, 129.0, 7870
955, 133.0, 7877
956, 107.0, 7887
957, 200.0, 7912
958, 165.0, 7923
959, 122.0, 7943
960, 178.0, 7953
961, 105.0, 7967
962, 68.0, 7982
963, 162.0, 7988
964, 110.0, 7993
965, 131.0, 8002
966, 200.0, 8029
967, 200.0, 8045
968, 92.0, 8049
969, 140.0, 8077
970, 125.0, 8088
971, 109.0, 8105
972, 72.0, 8108
973, 171.0, 8112
974, 139.0, 8120
975, 86.0, 8132
976, 116.0, 8142
977, 113.0, 8154
978, 170.0, 8171
979, 88.0, 8188
980, 139.0, 8201
981, 105.0, 8213
982, 98.0, 8218
983, 105.0, 8239
984, 90.0, 8242
985, 179.0, 8246
986, 200.0, 8276
987, 77.0, 8282
988, 68.0, 8285
989, 117.0, 8299
990, 168.0, 8304
991, 200.0, 8311
992, 200.0, 8328
993, 190.0, 8348
994, 173.0, 8352
995, 139.0, 8377
996, 131.0, 8388
997, 192.0, 8396
998, 63.0, 8415
999, 137.0, 8417
