2021-06-21 15:47:15.987746: I tensorflow/stream_executor/platform/default/dso_loader.cc:49] Successfully opened dynamic library libcudart.so.11.0
2021-06-21 15:47:18.034400: I tensorflow/compiler/jit/xla_cpu_device.cc:41] Not creating XLA devices, tf_xla_enable_xla_devices not set
2021-06-21 15:47:18.035308: I tensorflow/stream_executor/platform/default/dso_loader.cc:49] Successfully opened dynamic library libcuda.so.1
2021-06-21 15:47:20.477442: I tensorflow/stream_executor/cuda/cuda_gpu_executor.cc:941] successful NUMA node read from SysFS had negative value (-1), but there must be at least one NUMA node, so returning NUMA node zero
2021-06-21 15:47:20.478230: I tensorflow/core/common_runtime/gpu/gpu_device.cc:1720] Found device 0 with properties: 
pciBusID: 0000:00:04.0 name: Tesla K80 computeCapability: 3.7
coreClock: 0.8235GHz coreCount: 13 deviceMemorySize: 11.17GiB deviceMemoryBandwidth: 223.96GiB/s
2021-06-21 15:47:20.478267: I tensorflow/stream_executor/platform/default/dso_loader.cc:49] Successfully opened dynamic library libcudart.so.11.0
2021-06-21 15:47:20.481497: I tensorflow/stream_executor/platform/default/dso_loader.cc:49] Successfully opened dynamic library libcublas.so.11
2021-06-21 15:47:20.481560: I tensorflow/stream_executor/platform/default/dso_loader.cc:49] Successfully opened dynamic library libcublasLt.so.11
2021-06-21 15:47:20.483139: I tensorflow/stream_executor/platform/default/dso_loader.cc:49] Successfully opened dynamic library libcufft.so.10
2021-06-21 15:47:20.483498: I tensorflow/stream_executor/platform/default/dso_loader.cc:49] Successfully opened dynamic library libcurand.so.10
2021-06-21 15:47:20.487126: I tensorflow/stream_executor/platform/default/dso_loader.cc:49] Successfully opened dynamic library libcusolver.so.10
2021-06-21 15:47:20.487926: I tensorflow/stream_executor/platform/default/dso_loader.cc:49] Successfully opened dynamic library libcusparse.so.11
2021-06-21 15:47:20.488152: I tensorflow/stream_executor/platform/default/dso_loader.cc:49] Successfully opened dynamic library libcudnn.so.8
2021-06-21 15:47:20.488283: I tensorflow/stream_executor/cuda/cuda_gpu_executor.cc:941] successful NUMA node read from SysFS had negative value (-1), but there must be at least one NUMA node, so returning NUMA node zero
2021-06-21 15:47:20.489100: I tensorflow/stream_executor/cuda/cuda_gpu_executor.cc:941] successful NUMA node read from SysFS had negative value (-1), but there must be at least one NUMA node, so returning NUMA node zero
2021-06-21 15:47:20.489829: I tensorflow/core/common_runtime/gpu/gpu_device.cc:1862] Adding visible gpu devices: 0
2021-06-21 15:47:20.490260: I tensorflow/core/platform/cpu_feature_guard.cc:142] This TensorFlow binary is optimized with oneAPI Deep Neural Network Library (oneDNN) to use the following CPU instructions in performance-critical operations:  AVX2 FMA
To enable them in other operations, rebuild TensorFlow with the appropriate compiler flags.
2021-06-21 15:47:20.490939: I tensorflow/compiler/jit/xla_gpu_device.cc:99] Not creating XLA devices, tf_xla_enable_xla_devices not set
2021-06-21 15:47:20.491108: I tensorflow/stream_executor/cuda/cuda_gpu_executor.cc:941] successful NUMA node read from SysFS had negative value (-1), but there must be at least one NUMA node, so returning NUMA node zero
2021-06-21 15:47:20.491889: I tensorflow/core/common_runtime/gpu/gpu_device.cc:1720] Found device 0 with properties: 
pciBusID: 0000:00:04.0 name: Tesla K80 computeCapability: 3.7
coreClock: 0.8235GHz coreCount: 13 deviceMemorySize: 11.17GiB deviceMemoryBandwidth: 223.96GiB/s
2021-06-21 15:47:20.491927: I tensorflow/stream_executor/platform/default/dso_loader.cc:49] Successfully opened dynamic library libcudart.so.11.0
2021-06-21 15:47:20.491956: I tensorflow/stream_executor/platform/default/dso_loader.cc:49] Successfully opened dynamic library libcublas.so.11
2021-06-21 15:47:20.491981: I tensorflow/stream_executor/platform/default/dso_loader.cc:49] Successfully opened dynamic library libcublasLt.so.11
2021-06-21 15:47:20.492005: I tensorflow/stream_executor/platform/default/dso_loader.cc:49] Successfully opened dynamic library libcufft.so.10
2021-06-21 15:47:20.492067: I tensorflow/stream_executor/platform/default/dso_loader.cc:49] Successfully opened dynamic library libcurand.so.10
2021-06-21 15:47:20.492094: I tensorflow/stream_executor/platform/default/dso_loader.cc:49] Successfully opened dynamic library libcusolver.so.10
2021-06-21 15:47:20.492119: I tensorflow/stream_executor/platform/default/dso_loader.cc:49] Successfully opened dynamic library libcusparse.so.11
2021-06-21 15:47:20.492143: I tensorflow/stream_executor/platform/default/dso_loader.cc:49] Successfully opened dynamic library libcudnn.so.8
2021-06-21 15:47:20.492227: I tensorflow/stream_executor/cuda/cuda_gpu_executor.cc:941] successful NUMA node read from SysFS had negative value (-1), but there must be at least one NUMA node, so returning NUMA node zero
2021-06-21 15:47:20.493000: I tensorflow/stream_executor/cuda/cuda_gpu_executor.cc:941] successful NUMA node read from SysFS had negative value (-1), but there must be at least one NUMA node, so returning NUMA node zero
2021-06-21 15:47:20.493664: I tensorflow/core/common_runtime/gpu/gpu_device.cc:1862] Adding visible gpu devices: 0
2021-06-21 15:47:20.493710: I tensorflow/stream_executor/platform/default/dso_loader.cc:49] Successfully opened dynamic library libcudart.so.11.0
2021-06-21 15:47:20.970029: I tensorflow/core/common_runtime/gpu/gpu_device.cc:1261] Device interconnect StreamExecutor with strength 1 edge matrix:
2021-06-21 15:47:20.970122: I tensorflow/core/common_runtime/gpu/gpu_device.cc:1267]      0 
2021-06-21 15:47:20.970136: I tensorflow/core/common_runtime/gpu/gpu_device.cc:1280] 0:   N 
2021-06-21 15:47:20.970443: I tensorflow/stream_executor/cuda/cuda_gpu_executor.cc:941] successful NUMA node read from SysFS had negative value (-1), but there must be at least one NUMA node, so returning NUMA node zero
2021-06-21 15:47:20.972655: I tensorflow/stream_executor/cuda/cuda_gpu_executor.cc:941] successful NUMA node read from SysFS had negative value (-1), but there must be at least one NUMA node, so returning NUMA node zero
2021-06-21 15:47:20.973430: I tensorflow/stream_executor/cuda/cuda_gpu_executor.cc:941] successful NUMA node read from SysFS had negative value (-1), but there must be at least one NUMA node, so returning NUMA node zero
2021-06-21 15:47:20.974142: I tensorflow/core/common_runtime/gpu/gpu_device.cc:1406] Created TensorFlow device (/job:localhost/replica:0/task:0/device:GPU:0 with 10636 MB memory) -> physical GPU (device: 0, name: Tesla K80, pci bus id: 0000:00:04.0, compute capability: 3.7)
2021-06-21 15:47:21.211344: I tensorflow/compiler/mlir/mlir_graph_optimization_pass.cc:116] None of the MLIR optimization passes are enabled (registered 2)
2021-06-21 15:47:21.211868: I tensorflow/core/platform/profile_utils/cpu_utils.cc:112] CPU Frequency: 2199995000 Hz
2021-06-21 15:47:21.291179: I tensorflow/stream_executor/platform/default/dso_loader.cc:49] Successfully opened dynamic library libcublas.so.11
2021-06-21 15:47:21.541898: I tensorflow/stream_executor/platform/default/dso_loader.cc:49] Successfully opened dynamic library libcublasLt.so.11
0, 58.0, 0
1, 42.0, 0
2, 77.0, 0
3, 64.0, 0
4, 72.0, 0
5, 175.0, 0
6, 63.0, 0
7, 171.0, 0
8, 97.0, 0
9, 48.0, 0
10, 72.0, 0
11, 200.0, 0
12, 105.0, 0
13, 146.0, 0
14, 40.0, 0
15, 77.0, 0
16, 13.0, 5
17, 44.0, 19
18, 11.0, 24
19, 10.0, 27
20, 15.0, 32
21, 14.0, 35
22, 14.0, 38
23, 10.0, 41
24, 10.0, 44
25, 10.0, 48
26, 21.0, 51
27, 13.0, 55
28, 14.0, 58
29, 12.0, 60
30, 9.0, 62
31, 9.0, 64
32, 11.0, 66
33, 10.0, 69
34, 12.0, 73
35, 10.0, 78
36, 9.0, 79
37, 10.0, 81
38, 40.0, 84
39, 49.0, 88
40, 22.0, 93
41, 64.0, 97
42, 10.0, 100
43, 14.0, 102
44, 40.0, 107
45, 10.0, 112
46, 9.0, 114
47, 11.0, 116
48, 56.0, 118
49, 10.0, 124
50, 10.0, 127
51, 9.0, 129
52, 10.0, 133
53, 9.0, 135
54, 9.0, 138
55, 10.0, 141
56, 9.0, 143
57, 9.0, 145
58, 10.0, 147
59, 11.0, 149
60, 10.0, 151
61, 12.0, 153
62, 8.0, 155
63, 9.0, 157
64, 9.0, 159
65, 11.0, 161
66, 9.0, 163
67, 9.0, 166
68, 11.0, 169
69, 29.0, 173
70, 9.0, 175
71, 9.0, 177
72, 9.0, 179
73, 10.0, 182
74, 9.0, 186
75, 13.0, 188
76, 11.0, 190
77, 9.0, 193
78, 10.0, 195
79, 8.0, 198
80, 10.0, 200
81, 9.0, 204
82, 10.0, 207
83, 13.0, 214
84, 30.0, 216
85, 9.0, 220
86, 11.0, 222
87, 9.0, 225
88, 10.0, 226
89, 13.0, 228
90, 10.0, 232
91, 9.0, 234
92, 10.0, 238
93, 10.0, 242
94, 8.0, 244
95, 10.0, 246
96, 8.0, 249
97, 21.0, 254
98, 10.0, 257
99, 11.0, 260
100, 12.0, 263
101, 10.0, 266
102, 10.0, 269
103, 11.0, 271
104, 13.0, 272
105, 9.0, 274
106, 9.0, 276
107, 8.0, 280
108, 9.0, 283
109, 10.0, 287
110, 10.0, 289
111, 10.0, 291
112, 10.0, 293
113, 10.0, 295
114, 10.0, 298
115, 10.0, 301
116, 10.0, 304
117, 10.0, 307
118, 9.0, 309
119, 10.0, 312
120, 11.0, 316
121, 9.0, 320
122, 11.0, 322
123, 10.0, 325
124, 10.0, 327
125, 8.0, 330
126, 10.0, 332
127, 9.0, 335
128, 12.0, 337
129, 9.0, 340
130, 10.0, 342
131, 10.0, 345
132, 10.0, 348
133, 10.0, 353
134, 10.0, 355
135, 9.0, 357
136, 10.0, 360
137, 11.0, 364
138, 10.0, 367
139, 12.0, 369
140, 10.0, 373
141, 10.0, 375
142, 8.0, 377
143, 10.0, 380
144, 10.0, 382
145, 10.0, 385
146, 10.0, 387
147, 9.0, 389
148, 10.0, 391
149, 9.0, 393
150, 10.0, 397
151, 13.0, 399
152, 9.0, 401
153, 10.0, 403
154, 12.0, 405
155, 10.0, 408
156, 10.0, 412
157, 10.0, 414
158, 10.0, 417
159, 10.0, 419
160, 10.0, 421
161, 10.0, 423
162, 8.0, 426
163, 9.0, 428
164, 10.0, 432
165, 10.0, 435
166, 12.0, 437
167, 10.0, 441
168, 10.0, 443
169, 10.0, 445
170, 9.0, 447
171, 11.0, 449
172, 9.0, 451
173, 10.0, 454
174, 11.0, 457
175, 9.0, 461
176, 9.0, 465
177, 8.0, 468
178, 9.0, 470
179, 9.0, 472
180, 14.0, 475
181, 9.0, 477
182, 10.0, 481
183, 9.0, 483
184, 9.0, 486
185, 10.0, 489
186, 9.0, 491
187, 10.0, 493
188, 10.0, 495
189, 10.0, 497
190, 10.0, 499
191, 9.0, 501
192, 9.0, 502
193, 10.0, 509
194, 10.0, 511
195, 9.0, 513
196, 9.0, 515
197, 10.0, 517
198, 9.0, 519
199, 10.0, 522
200, 9.0, 524
201, 9.0, 527
202, 9.0, 529
203, 9.0, 531
204, 9.0, 533
205, 10.0, 535
206, 10.0, 537
207, 10.0, 539
208, 10.0, 541
209, 10.0, 543
210, 10.0, 545
211, 8.0, 547
212, 9.0, 549
213, 8.0, 551
214, 9.0, 554
215, 9.0, 556
216, 10.0, 559
217, 9.0, 562
218, 12.0, 566
219, 18.0, 572
220, 13.0, 574
221, 21.0, 577
222, 10.0, 581
223, 10.0, 585
224, 13.0, 588
225, 11.0, 590
226, 16.0, 594
227, 9.0, 597
228, 9.0, 599
229, 14.0, 604
230, 8.0, 609
231, 9.0, 611
232, 11.0, 613
233, 10.0, 616
234, 10.0, 618
235, 10.0, 621
236, 9.0, 624
237, 11.0, 626
238, 14.0, 629
239, 9.0, 631
240, 9.0, 633
241, 9.0, 636
242, 9.0, 638
243, 8.0, 642
244, 18.0, 644
245, 10.0, 647
246, 9.0, 649
247, 9.0, 651
248, 10.0, 653
249, 10.0, 655
250, 10.0, 658
251, 9.0, 660
252, 11.0, 664
253, 11.0, 666
254, 18.0, 668
255, 13.0, 671
256, 10.0, 679
257, 10.0, 681
258, 10.0, 683
259, 9.0, 686
260, 8.0, 688
261, 9.0, 690
262, 11.0, 692
263, 11.0, 695
264, 12.0, 697
265, 10.0, 700
266, 9.0, 703
267, 9.0, 705
268, 10.0, 707
269, 8.0, 710
270, 9.0, 713
271, 8.0, 715
272, 10.0, 717
273, 10.0, 719
274, 8.0, 723
275, 10.0, 726
276, 11.0, 728
277, 18.0, 732
278, 9.0, 736
279, 8.0, 739
280, 9.0, 741
281, 10.0, 744
282, 9.0, 746
283, 8.0, 749
284, 10.0, 751
285, 9.0, 754
286, 9.0, 756
287, 11.0, 758
288, 11.0, 761
289, 23.0, 764
290, 19.0, 765
291, 9.0, 770
292, 14.0, 774
293, 20.0, 777
294, 10.0, 780
295, 10.0, 783
296, 12.0, 787
297, 12.0, 791
298, 12.0, 793
299, 12.0, 795
300, 9.0, 800
301, 10.0, 803
302, 8.0, 806
303, 9.0, 811
304, 11.0, 814
305, 10.0, 816
306, 11.0, 821
307, 11.0, 823
308, 18.0, 827
309, 11.0, 830
310, 14.0, 834
311, 12.0, 837
312, 12.0, 840
313, 11.0, 843
314, 10.0, 846
315, 12.0, 850
316, 10.0, 852
317, 10.0, 854
318, 11.0, 857
319, 9.0, 859
320, 10.0, 862
321, 8.0, 865
322, 11.0, 868
323, 9.0, 870
324, 9.0, 872
325, 8.0, 874
326, 8.0, 879
327, 11.0, 881
328, 12.0, 883
329, 9.0, 885
330, 9.0, 887
331, 9.0, 890
332, 9.0, 892
333, 11.0, 894
334, 11.0, 896
335, 12.0, 899
336, 9.0, 901
337, 9.0, 903
338, 9.0, 905
339, 11.0, 908
340, 10.0, 911
341, 9.0, 913
342, 9.0, 916
343, 9.0, 918
344, 10.0, 920
345, 11.0, 922
346, 9.0, 924
347, 9.0, 928
348, 9.0, 930
349, 10.0, 933
350, 10.0, 936
351, 10.0, 939
352, 10.0, 941
353, 10.0, 943
354, 13.0, 946
355, 9.0, 948
356, 9.0, 950
357, 8.0, 952
358, 10.0, 954
359, 13.0, 956
360, 11.0, 959
361, 10.0, 963
362, 8.0, 966
363, 10.0, 968
364, 10.0, 970
365, 12.0, 973
366, 10.0, 975
367, 10.0, 979
368, 9.0, 983
369, 11.0, 986
370, 10.0, 988
371, 11.0, 991
372, 8.0, 995
373, 9.0, 1000
374, 8.0, 1003
375, 10.0, 1005
376, 9.0, 1008
377, 9.0, 1010
378, 10.0, 1012
379, 14.0, 1014
380, 21.0, 1019
381, 21.0, 1022
382, 13.0, 1027
383, 14.0, 1030
384, 14.0, 1037
385, 9.0, 1040
386, 11.0, 1043
387, 12.0, 1047
388, 13.0, 1051
389, 11.0, 1053
390, 8.0, 1058
391, 11.0, 1061
392, 11.0, 1063
393, 12.0, 1066
394, 11.0, 1069
395, 8.0, 1071
396, 13.0, 1073
397, 23.0, 1076
398, 10.0, 1083
399, 10.0, 1087
400, 11.0, 1091
401, 16.0, 1093
402, 11.0, 1096
403, 11.0, 1098
404, 10.0, 1102
405, 10.0, 1104
406, 12.0, 1106
407, 11.0, 1109
408, 16.0, 1112
409, 12.0, 1114
410, 9.0, 1118
411, 11.0, 1121
412, 9.0, 1124
413, 10.0, 1126
414, 10.0, 1131
415, 10.0, 1133
416, 10.0, 1136
417, 10.0, 1141
418, 12.0, 1143
419, 10.0, 1145
420, 11.0, 1147
421, 12.0, 1150
422, 12.0, 1153
423, 10.0, 1155
424, 9.0, 1158
425, 12.0, 1161
426, 10.0, 1165
427, 10.0, 1168
428, 11.0, 1171
429, 13.0, 1174
430, 12.0, 1177
431, 11.0, 1180
432, 10.0, 1182
433, 12.0, 1184
434, 11.0, 1186
435, 10.0, 1189
436, 10.0, 1191
437, 13.0, 1193
438, 10.0, 1196
439, 11.0, 1199
440, 9.0, 1202
441, 11.0, 1205
442, 10.0, 1206
443, 10.0, 1208
444, 9.0, 1210
445, 11.0, 1213
446, 13.0, 1215
447, 10.0, 1218
448, 9.0, 1220
449, 10.0, 1223
450, 11.0, 1225
451, 10.0, 1227
452, 12.0, 1229
453, 13.0, 1232
454, 11.0, 1236
455, 16.0, 1239
456, 12.0, 1244
457, 12.0, 1246
458, 12.0, 1249
459, 11.0, 1251
460, 11.0, 1256
461, 11.0, 1258
462, 11.0, 1261
463, 10.0, 1263
464, 10.0, 1265
465, 15.0, 1268
466, 14.0, 1271
467, 13.0, 1274
468, 15.0, 1278
469, 11.0, 1281
470, 14.0, 1284
471, 9.0, 1290
472, 9.0, 1293
473, 16.0, 1294
474, 13.0, 1296
475, 11.0, 1299
476, 9.0, 1301
477, 9.0, 1307
478, 16.0, 1308
479, 12.0, 1310
480, 11.0, 1314
481, 9.0, 1317
482, 13.0, 1320
483, 13.0, 1322
484, 12.0, 1326
485, 15.0, 1331
486, 9.0, 1336
487, 21.0, 1338
488, 11.0, 1342
489, 15.0, 1345
490, 12.0, 1349
491, 11.0, 1351
492, 12.0, 1355
493, 13.0, 1357
494, 13.0, 1359
495, 11.0, 1361
496, 14.0, 1363
497, 19.0, 1367
498, 8.0, 1371
499, 19.0, 1375
500, 11.0, 1380
501, 12.0, 1383
502, 22.0, 1385
503, 39.0, 1388
504, 14.0, 1391
505, 13.0, 1393
506, 21.0, 1397
507, 12.0, 1400
508, 15.0, 1402
509, 11.0, 1404
510, 13.0, 1406
511, 20.0, 1408
512, 12.0, 1410
513, 12.0, 1412
514, 12.0, 1414
515, 11.0, 1417
516, 10.0, 1420
517, 16.0, 1423
518, 11.0, 1426
519, 12.0, 1429
520, 12.0, 1433
521, 13.0, 1437
522, 12.0, 1440
523, 11.0, 1443
524, 12.0, 1446
525, 15.0, 1448
526, 16.0, 1451
527, 20.0, 1453
528, 13.0, 1456
529, 17.0, 1458
530, 12.0, 1459
531, 17.0, 1463
532, 19.0, 1467
533, 16.0, 1471
534, 16.0, 1473
535, 14.0, 1476
536, 22.0, 1478
537, 21.0, 1482
538, 24.0, 1484
539, 15.0, 1487
540, 9.0, 1492
541, 15.0, 1497
542, 11.0, 1501
543, 15.0, 1504
544, 16.0, 1507
545, 15.0, 1510
546, 15.0, 1517
547, 39.0, 1520
548, 14.0, 1525
549, 29.0, 1529
550, 45.0, 1538
551, 32.0, 1554
552, 49.0, 1560
553, 48.0, 1564
554, 55.0, 1568
555, 20.0, 1573
556, 11.0, 1576
557, 32.0, 1580
558, 34.0, 1582
559, 25.0, 1591
560, 27.0, 1593
561, 139.0, 1599
562, 16.0, 1611
563, 42.0, 1615
564, 49.0, 1623
565, 87.0, 1629
566, 37.0, 1639
567, 24.0, 1641
568, 33.0, 1644
569, 31.0, 1651
570, 25.0, 1662
571, 22.0, 1667
572, 20.0, 1684
573, 19.0, 1688
574, 22.0, 1691
575, 19.0, 1693
576, 14.0, 1696
577, 42.0, 1699
578, 57.0, 1702
579, 38.0, 1706
580, 28.0, 1710
581, 22.0, 1715
582, 32.0, 1718
583, 27.0, 1723
584, 29.0, 1730
585, 18.0, 1737
586, 73.0, 1740
587, 29.0, 1743
588, 28.0, 1748
589, 26.0, 1750
590, 54.0, 1754
591, 33.0, 1758
592, 32.0, 1761
593, 54.0, 1774
594, 66.0, 1781
595, 44.0, 1786
596, 186.0, 1793
597, 21.0, 1798
598, 29.0, 1803
599, 47.0, 1814
600, 34.0, 1818
601, 20.0, 1825
602, 61.0, 1827
603, 35.0, 1835
604, 28.0, 1841
605, 35.0, 1845
606, 135.0, 1854
607, 67.0, 1860
608, 59.0, 1866
609, 14.0, 1870
610, 200.0, 1873
611, 35.0, 1880
612, 124.0, 1891
613, 131.0, 1895
614, 29.0, 1908
615, 21.0, 1913
616, 89.0, 1920
617, 60.0, 1935
618, 18.0, 1943
619, 115.0, 1956
620, 26.0, 1969
621, 86.0, 1976
622, 77.0, 1982
623, 133.0, 1987
624, 92.0, 1991
625, 59.0, 1997
626, 36.0, 2002
627, 116.0, 2026
628, 142.0, 2029
629, 63.0, 2031
630, 35.0, 2044
631, 136.0, 2059
632, 113.0, 2064
633, 200.0, 2080
634, 102.0, 2088
635, 69.0, 2094
636, 91.0, 2097
637, 94.0, 2109
638, 22.0, 2115
639, 105.0, 2125
640, 58.0, 2129
641, 93.0, 2135
642, 148.0, 2158
643, 68.0, 2172
644, 109.0, 2176
645, 200.0, 2183
646, 126.0, 2201
647, 26.0, 2206
648, 200.0, 2234
649, 96.0, 2243
650, 86.0, 2269
651, 91.0, 2271
652, 96.0, 2275
653, 200.0, 2281
654, 111.0, 2304
655, 110.0, 2310
656, 30.0, 2322
657, 112.0, 2335
658, 157.0, 2350
659, 101.0, 2358
660, 153.0, 2365
661, 28.0, 2381
662, 39.0, 2383
663, 103.0, 2421
664, 125.0, 2434
665, 132.0, 2456
666, 108.0, 2465
667, 182.0, 2468
668, 148.0, 2474
669, 144.0, 2484
670, 151.0, 2493
671, 115.0, 2511
672, 200.0, 2522
673, 113.0, 2527
674, 82.0, 2542
675, 93.0, 2545
676, 92.0, 2551
677, 179.0, 2564
678, 119.0, 2575
679, 104.0, 2584
680, 197.0, 2594
681, 26.0, 2618
682, 128.0, 2621
683, 191.0, 2624
684, 127.0, 2629
685, 128.0, 2633
686, 98.0, 2636
687, 25.0, 2639
688, 197.0, 2649
689, 95.0, 2658
690, 200.0, 2686
691, 200.0, 2689
692, 145.0, 2706
693, 160.0, 2710
694, 200.0, 2725
695, 140.0, 2746
696, 31.0, 2761
697, 111.0, 2775
698, 79.0, 2796
699, 105.0, 2802
700, 143.0, 2808
701, 115.0, 2845
702, 61.0, 2847
703, 35.0, 2852
704, 144.0, 2854
705, 108.0, 2867
706, 200.0, 2872
707, 151.0, 2881
708, 90.0, 2889
709, 157.0, 2921
710, 200.0, 2937
711, 164.0, 2944
712, 200.0, 2947
713, 126.0, 2963
714, 183.0, 2976
715, 119.0, 2981
716, 200.0, 2987
717, 200.0, 3005
718, 184.0, 3010
719, 161.0, 3032
720, 136.0, 3045
721, 152.0, 3047
722, 144.0, 3053
723, 37.0, 3074
724, 58.0, 3109
725, 149.0, 3119
726, 200.0, 3159
727, 167.0, 3199
728, 200.0, 3206
729, 200.0, 3215
730, 200.0, 3254
731, 200.0, 3294
732, 124.0, 3320
733, 178.0, 3339
734, 200.0, 3344
735, 105.0, 3355
736, 34.0, 3386
737, 198.0, 3391
738, 163.0, 3422
739, 158.0, 3460
740, 200.0, 3467
741, 155.0, 3485
742, 177.0, 3487
743, 143.0, 3489
744, 117.0, 3501
745, 183.0, 3518
746, 200.0, 3527
747, 200.0, 3561
748, 146.0, 3575
749, 191.0, 3588
750, 132.0, 3620
751, 200.0, 3636
752, 200.0, 3674
753, 200.0, 3679
754, 90.0, 3684
755, 200.0, 3691
756, 116.0, 3719
757, 143.0, 3724
758, 121.0, 3733
759, 154.0, 3743
760, 90.0, 3768
761, 200.0, 3790
762, 123.0, 3815
763, 177.0, 3829
764, 200.0, 3842
765, 75.0, 3872
766, 200.0, 3875
767, 175.0, 3885
768, 200.0, 3892
769, 155.0, 3914
770, 136.0, 3922
771, 184.0, 3945
772, 162.0, 3952
773, 152.0, 3992
774, 27.0, 3997
775, 86.0, 4025
776, 150.0, 4065
777, 200.0, 4071
778, 200.0, 4073
779, 68.0, 4100
780, 200.0, 4120
781, 118.0, 4153
782, 70.0, 4160
783, 124.0, 4175
784, 200.0, 4191
785, 200.0, 4194
786, 119.0, 4211
787, 174.0, 4220
788, 139.0, 4237
789, 111.0, 4243
790, 133.0, 4248
791, 85.0, 4269
792, 146.0, 4283
793, 129.0, 4303
794, 89.0, 4331
795, 118.0, 4362
796, 87.0, 4367
797, 135.0, 4380
798, 102.0, 4382
799, 122.0, 4387
800, 134.0, 4389
801, 118.0, 4403
802, 122.0, 4407
803, 176.0, 4416
804, 188.0, 4441
805, 91.0, 4461
806, 56.0, 4465
807, 130.0, 4488
808, 158.0, 4525
809, 157.0, 4556
810, 78.0, 4563
811, 200.0, 4571
812, 74.0, 4587
813, 133.0, 4623
814, 160.0, 4634
815, 125.0, 4648
816, 120.0, 4656
817, 94.0, 4658
818, 200.0, 4661
819, 94.0, 4663
820, 91.0, 4677
821, 78.0, 4687
822, 200.0, 4695
823, 200.0, 4698
824, 129.0, 4712
825, 154.0, 4718
826, 147.0, 4729
827, 32.0, 4733
828, 84.0, 4741
829, 94.0, 4748
830, 135.0, 4754
831, 77.0, 4757
832, 30.0, 4760
833, 98.0, 4763
834, 74.0, 4766
835, 80.0, 4768
836, 134.0, 4772
837, 75.0, 4780
838, 177.0, 4788
839, 156.0, 4790
840, 74.0, 4808
841, 55.0, 4818
842, 35.0, 4831
843, 54.0, 4833
844, 153.0, 4841
845, 97.0, 4846
846, 111.0, 4848
847, 44.0, 4852
848, 130.0, 4862
849, 153.0, 4876
850, 89.0, 4887
851, 149.0, 4890
852, 134.0, 4903
853, 90.0, 4916
854, 54.0, 4925
855, 125.0, 4928
856, 53.0, 4931
857, 55.0, 4940
858, 115.0, 4955
859, 46.0, 4969
860, 150.0, 4972
861, 117.0, 4982
862, 113.0, 4998
863, 113.0, 5010
864, 39.0, 5018
865, 94.0, 5028
866, 114.0, 5035
867, 26.0, 5050
868, 142.0, 5060
869, 30.0, 5072
870, 116.0, 5076
871, 200.0, 5087
872, 123.0, 5089
873, 154.0, 5095
874, 189.0, 5097
875, 200.0, 5111
876, 100.0, 5114
877, 30.0, 5122
878, 112.0, 5132
879, 118.0, 5150
880, 34.0, 5154
881, 26.0, 5157
882, 78.0, 5162
883, 34.0, 5174
884, 35.0, 5179
885, 48.0, 5191
886, 101.0, 5207
887, 116.0, 5236
888, 125.0, 5239
889, 99.0, 5245
890, 110.0, 5252
891, 66.0, 5258
892, 126.0, 5271
893, 194.0, 5298
894, 149.0, 5315
895, 125.0, 5317
896, 83.0, 5323
897, 26.0, 5343
898, 161.0, 5368
899, 133.0, 5378
900, 149.0, 5383
901, 111.0, 5387
902, 200.0, 5394
903, 89.0, 5411
904, 200.0, 5419
905, 167.0, 5425
906, 200.0, 5427
907, 54.0, 5429
908, 200.0, 5431
909, 135.0, 5460
910, 29.0, 5477
911, 113.0, 5495
912, 145.0, 5501
913, 165.0, 5508
914, 169.0, 5524
915, 131.0, 5526
916, 83.0, 5541
917, 62.0, 5552
918, 164.0, 5559
919, 104.0, 5565
920, 147.0, 5578
921, 106.0, 5581
922, 127.0, 5593
923, 142.0, 5604
924, 116.0, 5609
925, 200.0, 5626
926, 32.0, 5630
927, 95.0, 5649
928, 38.0, 5659
929, 173.0, 5671
930, 148.0, 5700
931, 105.0, 5712
932, 136.0, 5716
933, 200.0, 5721
934, 33.0, 5738
935, 171.0, 5748
936, 111.0, 5752
937, 34.0, 5760
938, 159.0, 5765
939, 175.0, 5773
940, 137.0, 5792
941, 134.0, 5803
942, 136.0, 5807
943, 43.0, 5821
944, 159.0, 5828
945, 75.0, 5832
946, 159.0, 5857
947, 118.0, 5859
948, 117.0, 5881
949, 129.0, 5887
950, 145.0, 5899
951, 200.0, 5911
952, 125.0, 5918
953, 94.0, 5930
954, 98.0, 5946
955, 98.0, 5949
956, 29.0, 5959
957, 200.0, 5975
958, 137.0, 5977
959, 188.0, 5982
960, 145.0, 5988
961, 200.0, 5991
962, 116.0, 5997
963, 162.0, 5999
964, 104.0, 6023
965, 161.0, 6063
966, 189.0, 6081
967, 96.0, 6114
968, 99.0, 6118
969, 200.0, 6139
970, 109.0, 6144
971, 135.0, 6151
972, 190.0, 6170
973, 153.0, 6173
974, 200.0, 6193
975, 162.0, 6200
976, 29.0, 6215
977, 110.0, 6237
978, 178.0, 6253
979, 200.0, 6256
980, 74.0, 6271
981, 99.0, 6275
982, 140.0, 6278
983, 96.0, 6287
984, 119.0, 6323
985, 96.0, 6326
986, 78.0, 6336
987, 129.0, 6344
988, 136.0, 6347
989, 141.0, 6349
990, 103.0, 6351
991, 99.0, 6371
992, 108.0, 6373
993, 100.0, 6389
994, 142.0, 6395
995, 200.0, 6423
996, 94.0, 6440
997, 105.0, 6444
998, 109.0, 6450
999, 200.0, 6464
