2021-06-21 15:48:00.926454: W tensorflow/stream_executor/platform/default/dso_loader.cc:64] Could not load dynamic library 'libcudart.so.11.0'; dlerror: libcudart.so.11.0: cannot open shared object file: No such file or directory
2021-06-21 15:48:00.926501: I tensorflow/stream_executor/cuda/cudart_stub.cc:29] Ignore above cudart dlerror if you do not have a GPU set up on your machine.
2021-06-21 15:48:01.913235: W tensorflow/stream_executor/platform/default/dso_loader.cc:64] Could not load dynamic library 'libcuda.so.1'; dlerror: libcuda.so.1: cannot open shared object file: No such file or directory
2021-06-21 15:48:01.913269: W tensorflow/stream_executor/cuda/cuda_driver.cc:326] failed call to cuInit: UNKNOWN ERROR (303)
2021-06-21 15:48:01.913287: I tensorflow/stream_executor/cuda/cuda_diagnostics.cc:156] kernel driver does not appear to be running on this host (instance-1): /proc/driver/nvidia/version does not exist
2021-06-21 15:48:01.913471: I tensorflow/core/platform/cpu_feature_guard.cc:142] This TensorFlow binary is optimized with oneAPI Deep Neural Network Library (oneDNN) to use the following CPU instructions in performance-critical operations:  AVX2 AVX512F FMA
To enable them in other operations, rebuild TensorFlow with the appropriate compiler flags.
2021-06-21 15:48:01.995820: I tensorflow/compiler/mlir/mlir_graph_optimization_pass.cc:176] None of the MLIR Optimization Passes are enabled (registered 2)
2021-06-21 15:48:01.996134: I tensorflow/core/platform/profile_utils/cpu_utils.cc:114] CPU Frequency: 3100270000 Hz
0, 58.0, 0
1, 42.0, 0
2, 77.0, 0
3, 64.0, 0
4, 72.0, 0
5, 175.0, 0
6, 63.0, 0
7, 171.0, 0
8, 97.0, 0
9, 48.0, 0
10, 72.0, 0
11, 200.0, 0
12, 105.0, 0
13, 146.0, 0
14, 40.0, 0
15, 77.0, 0
16, 20.0, 8
17, 9.0, 10
18, 9.0, 13
19, 9.0, 15
20, 9.0, 17
21, 9.0, 20
22, 9.0, 22
23, 10.0, 25
24, 13.0, 29
25, 9.0, 31
26, 10.0, 33
27, 10.0, 37
28, 37.0, 40
29, 21.0, 43
30, 10.0, 49
31, 10.0, 52
32, 9.0, 54
33, 8.0, 56
34, 8.0, 58
35, 13.0, 61
36, 10.0, 70
37, 10.0, 73
38, 12.0, 75
39, 12.0, 78
40, 9.0, 81
41, 11.0, 83
42, 9.0, 85
43, 31.0, 88
44, 8.0, 90
45, 17.0, 93
46, 9.0, 97
47, 8.0, 99
48, 9.0, 102
49, 15.0, 103
50, 10.0, 105
51, 11.0, 109
52, 9.0, 112
53, 10.0, 115
54, 10.0, 118
55, 13.0, 121
56, 9.0, 123
57, 10.0, 125
58, 8.0, 128
59, 8.0, 131
60, 9.0, 133
61, 11.0, 136
62, 10.0, 140
63, 32.0, 142
64, 35.0, 145
65, 17.0, 149
66, 13.0, 151
67, 10.0, 154
68, 10.0, 156
69, 9.0, 158
70, 10.0, 160
71, 8.0, 162
72, 11.0, 165
73, 8.0, 167
74, 12.0, 170
75, 10.0, 172
76, 11.0, 175
77, 9.0, 178
78, 9.0, 183
79, 16.0, 185
80, 9.0, 188
81, 9.0, 191
82, 9.0, 194
83, 10.0, 196
84, 8.0, 198
85, 8.0, 201
86, 8.0, 203
87, 9.0, 205
88, 10.0, 207
89, 10.0, 210
90, 11.0, 211
91, 11.0, 215
92, 10.0, 217
93, 9.0, 219
94, 9.0, 222
95, 9.0, 226
96, 8.0, 228
97, 9.0, 236
98, 11.0, 238
99, 9.0, 240
100, 9.0, 242
101, 10.0, 244
102, 9.0, 246
103, 9.0, 248
104, 10.0, 251
105, 9.0, 253
106, 9.0, 256
107, 12.0, 261
108, 9.0, 263
109, 14.0, 265
110, 11.0, 268
111, 9.0, 270
112, 10.0, 273
113, 9.0, 275
114, 14.0, 277
115, 11.0, 279
116, 10.0, 281
117, 10.0, 286
118, 10.0, 287
119, 8.0, 289
120, 8.0, 291
121, 10.0, 294
122, 14.0, 296
123, 11.0, 299
124, 9.0, 302
125, 8.0, 305
126, 10.0, 308
127, 9.0, 310
128, 10.0, 313
129, 11.0, 316
130, 10.0, 318
131, 9.0, 321
132, 9.0, 323
133, 10.0, 326
134, 10.0, 329
135, 9.0, 331
136, 12.0, 333
137, 11.0, 336
138, 10.0, 338
139, 12.0, 340
140, 10.0, 343
141, 10.0, 345
142, 8.0, 349
143, 10.0, 351
144, 10.0, 352
145, 10.0, 356
146, 9.0, 358
147, 10.0, 363
148, 10.0, 366
149, 16.0, 368
150, 10.0, 370
151, 10.0, 372
152, 9.0, 376
153, 11.0, 379
154, 9.0, 381
155, 10.0, 383
156, 11.0, 386
157, 10.0, 390
158, 10.0, 392
159, 10.0, 394
160, 10.0, 396
161, 9.0, 398
162, 8.0, 402
163, 9.0, 404
164, 10.0, 407
165, 10.0, 409
166, 11.0, 411
167, 9.0, 415
168, 9.0, 418
169, 10.0, 421
170, 10.0, 423
171, 9.0, 425
172, 9.0, 427
173, 10.0, 430
174, 11.0, 434
175, 9.0, 436
176, 11.0, 438
177, 8.0, 441
178, 8.0, 443
179, 8.0, 447
180, 10.0, 449
181, 12.0, 451
182, 10.0, 453
183, 9.0, 455
184, 9.0, 458
185, 10.0, 460
186, 9.0, 462
187, 10.0, 464
188, 9.0, 467
189, 10.0, 470
190, 9.0, 472
191, 9.0, 474
192, 9.0, 476
193, 9.0, 481
194, 10.0, 484
195, 9.0, 486
196, 11.0, 489
197, 10.0, 491
198, 10.0, 494
199, 10.0, 497
200, 9.0, 500
201, 9.0, 503
202, 9.0, 505
203, 11.0, 507
204, 9.0, 509
205, 9.0, 511
206, 10.0, 513
207, 12.0, 515
208, 10.0, 517
209, 10.0, 520
210, 8.0, 522
211, 10.0, 525
212, 20.0, 528
213, 10.0, 537
214, 25.0, 541
215, 10.0, 543
216, 10.0, 545
217, 10.0, 554
218, 9.0, 558
219, 11.0, 563
220, 10.0, 566
221, 10.0, 568
222, 9.0, 571
223, 10.0, 572
224, 11.0, 575
225, 9.0, 579
226, 9.0, 584
227, 10.0, 587
228, 10.0, 590
229, 10.0, 595
230, 10.0, 597
231, 12.0, 599
232, 11.0, 602
233, 10.0, 604
234, 15.0, 607
235, 15.0, 609
236, 10.0, 614
237, 9.0, 616
238, 9.0, 618
239, 9.0, 620
240, 9.0, 622
241, 10.0, 625
242, 15.0, 627
243, 8.0, 629
244, 9.0, 631
245, 9.0, 635
246, 10.0, 638
247, 20.0, 641
248, 18.0, 644
249, 9.0, 646
250, 9.0, 651
251, 20.0, 654
252, 11.0, 659
253, 9.0, 662
254, 10.0, 665
255, 25.0, 667
256, 10.0, 671
257, 9.0, 675
258, 9.0, 682
259, 10.0, 686
260, 40.0, 691
261, 10.0, 696
262, 10.0, 700
263, 22.0, 703
264, 10.0, 705
265, 10.0, 708
266, 16.0, 711
267, 9.0, 716
268, 22.0, 719
269, 20.0, 722
270, 10.0, 725
271, 9.0, 728
272, 12.0, 730
273, 9.0, 733
274, 10.0, 736
275, 37.0, 738
276, 10.0, 741
277, 9.0, 743
278, 9.0, 746
279, 8.0, 749
280, 9.0, 750
281, 10.0, 752
282, 9.0, 755
283, 10.0, 758
284, 10.0, 761
285, 9.0, 763
286, 9.0, 768
287, 13.0, 771
288, 9.0, 775
289, 10.0, 778
290, 9.0, 780
291, 9.0, 782
292, 9.0, 786
293, 10.0, 788
294, 9.0, 791
295, 12.0, 795
296, 9.0, 797
297, 9.0, 800
298, 11.0, 804
299, 55.0, 807
300, 11.0, 814
301, 12.0, 817
302, 10.0, 820
303, 11.0, 822
304, 9.0, 825
305, 10.0, 828
306, 13.0, 831
307, 9.0, 833
308, 27.0, 835
309, 16.0, 838
310, 18.0, 843
311, 10.0, 847
312, 10.0, 851
313, 23.0, 853
314, 35.0, 855
315, 9.0, 858
316, 9.0, 860
317, 9.0, 863
318, 10.0, 868
319, 9.0, 871
320, 10.0, 874
321, 8.0, 876
322, 12.0, 878
323, 9.0, 885
324, 9.0, 888
325, 8.0, 892
326, 11.0, 895
327, 14.0, 899
328, 10.0, 902
329, 80.0, 904
330, 9.0, 906
331, 9.0, 908
332, 10.0, 911
333, 12.0, 913
334, 10.0, 915
335, 10.0, 917
336, 8.0, 920
337, 13.0, 924
338, 9.0, 925
339, 15.0, 927
340, 17.0, 933
341, 16.0, 937
342, 14.0, 943
343, 10.0, 947
344, 11.0, 952
345, 11.0, 954
346, 9.0, 956
347, 9.0, 958
348, 9.0, 960
349, 10.0, 962
350, 9.0, 964
351, 14.0, 968
352, 9.0, 972
353, 10.0, 974
354, 10.0, 977
355, 15.0, 980
356, 10.0, 985
357, 8.0, 988
358, 10.0, 990
359, 17.0, 992
360, 9.0, 997
361, 10.0, 1000
362, 8.0, 1004
363, 9.0, 1007
364, 43.0, 1010
365, 18.0, 1013
366, 21.0, 1020
367, 26.0, 1023
368, 16.0, 1031
369, 42.0, 1033
370, 27.0, 1038
371, 10.0, 1042
372, 11.0, 1044
373, 9.0, 1047
374, 25.0, 1055
375, 27.0, 1059
376, 200.0, 1065
377, 18.0, 1072
378, 10.0, 1076
379, 31.0, 1079
380, 10.0, 1082
381, 61.0, 1084
382, 24.0, 1087
383, 26.0, 1091
384, 19.0, 1094
385, 11.0, 1097
386, 20.0, 1107
387, 200.0, 1110
388, 12.0, 1114
389, 10.0, 1117
390, 26.0, 1120
391, 18.0, 1124
392, 22.0, 1128
393, 16.0, 1131
394, 12.0, 1138
395, 10.0, 1140
396, 15.0, 1143
397, 15.0, 1147
398, 11.0, 1149
399, 16.0, 1151
400, 11.0, 1162
401, 22.0, 1172
402, 33.0, 1175
403, 22.0, 1179
404, 10.0, 1180
405, 9.0, 1182
406, 23.0, 1189
407, 10.0, 1192
408, 33.0, 1197
409, 40.0, 1201
410, 19.0, 1208
411, 10.0, 1217
412, 16.0, 1220
413, 12.0, 1222
414, 20.0, 1229
415, 19.0, 1232
416, 10.0, 1243
417, 8.0, 1245
418, 13.0, 1248
419, 13.0, 1249
420, 46.0, 1257
421, 10.0, 1262
422, 9.0, 1264
423, 34.0, 1272
424, 26.0, 1278
425, 11.0, 1287
426, 156.0, 1290
427, 22.0, 1297
428, 12.0, 1299
429, 156.0, 1306
430, 19.0, 1309
431, 25.0, 1314
432, 21.0, 1322
433, 17.0, 1324
434, 63.0, 1327
435, 11.0, 1329
436, 15.0, 1333
437, 47.0, 1339
438, 22.0, 1345
439, 20.0, 1355
440, 23.0, 1359
441, 31.0, 1362
442, 19.0, 1366
443, 16.0, 1369
444, 23.0, 1373
445, 17.0, 1377
446, 31.0, 1380
447, 10.0, 1382
448, 18.0, 1385
449, 66.0, 1388
450, 10.0, 1397
451, 11.0, 1400
452, 9.0, 1406
453, 10.0, 1408
454, 10.0, 1411
455, 10.0, 1413
456, 11.0, 1417
457, 11.0, 1420
458, 29.0, 1423
459, 13.0, 1427
460, 11.0, 1431
461, 200.0, 1437
462, 105.0, 1444
463, 26.0, 1446
464, 12.0, 1448
465, 24.0, 1450
466, 15.0, 1452
467, 16.0, 1454
468, 9.0, 1456
469, 200.0, 1458
470, 22.0, 1461
471, 24.0, 1468
472, 26.0, 1471
473, 16.0, 1474
474, 11.0, 1477
475, 10.0, 1479
476, 11.0, 1481
477, 13.0, 1483
478, 52.0, 1486
479, 174.0, 1489
480, 30.0, 1493
481, 20.0, 1499
482, 25.0, 1503
483, 48.0, 1505
484, 67.0, 1515
485, 16.0, 1521
486, 79.0, 1526
487, 84.0, 1544
488, 83.0, 1550
489, 200.0, 1567
490, 33.0, 1571
491, 19.0, 1582
492, 114.0, 1586
493, 19.0, 1591
494, 43.0, 1593
495, 26.0, 1601
496, 29.0, 1603
497, 49.0, 1606
498, 36.0, 1609
499, 52.0, 1618
500, 19.0, 1621
501, 19.0, 1626
502, 105.0, 1634
503, 31.0, 1636
504, 23.0, 1647
505, 34.0, 1650
506, 35.0, 1654
507, 81.0, 1666
508, 179.0, 1669
509, 49.0, 1677
510, 24.0, 1683
511, 68.0, 1685
512, 200.0, 1693
513, 200.0, 1697
514, 41.0, 1709
515, 70.0, 1723
516, 29.0, 1727
517, 40.0, 1738
518, 24.0, 1748
519, 41.0, 1750
520, 80.0, 1760
521, 45.0, 1772
522, 27.0, 1774
523, 68.0, 1783
524, 39.0, 1791
525, 28.0, 1796
526, 25.0, 1807
527, 64.0, 1813
528, 120.0, 1823
529, 94.0, 1832
530, 42.0, 1838
531, 23.0, 1842
532, 12.0, 1846
533, 85.0, 1857
534, 28.0, 1866
535, 12.0, 1879
536, 27.0, 1881
537, 28.0, 1886
538, 47.0, 1889
539, 25.0, 1893
540, 85.0, 1898
541, 83.0, 1902
542, 26.0, 1908
543, 10.0, 1911
544, 42.0, 1913
545, 106.0, 1916
546, 26.0, 1923
547, 74.0, 1934
548, 13.0, 1936
549, 48.0, 1947
550, 53.0, 1949
551, 33.0, 1952
552, 54.0, 1955
553, 38.0, 1959
554, 21.0, 1969
555, 23.0, 1973
556, 38.0, 1978
557, 48.0, 1986
558, 24.0, 1995
559, 66.0, 1997
560, 11.0, 2001
561, 130.0, 2009
562, 75.0, 2022
563, 88.0, 2028
564, 96.0, 2031
565, 65.0, 2042
566, 70.0, 2046
567, 78.0, 2052
568, 61.0, 2066
569, 35.0, 2069
570, 125.0, 2077
571, 39.0, 2096
572, 113.0, 2098
573, 141.0, 2105
574, 124.0, 2124
575, 87.0, 2126
576, 12.0, 2128
577, 58.0, 2137
578, 23.0, 2145
579, 75.0, 2152
580, 63.0, 2157
581, 40.0, 2163
582, 90.0, 2174
583, 200.0, 2180
584, 106.0, 2190
585, 34.0, 2195
586, 50.0, 2198
587, 44.0, 2204
588, 189.0, 2213
589, 188.0, 2224
590, 62.0, 2232
591, 42.0, 2237
592, 122.0, 2242
593, 26.0, 2249
594, 28.0, 2257
595, 109.0, 2262
596, 24.0, 2275
597, 96.0, 2280
598, 142.0, 2300
599, 89.0, 2303
600, 113.0, 2310
601, 112.0, 2319
602, 25.0, 2329
603, 27.0, 2335
604, 163.0, 2347
605, 41.0, 2358
606, 99.0, 2365
607, 153.0, 2376
608, 127.0, 2389
609, 73.0, 2397
610, 94.0, 2421
611, 200.0, 2426
612, 104.0, 2434
613, 200.0, 2442
614, 25.0, 2455
615, 24.0, 2459
616, 99.0, 2467
617, 26.0, 2471
618, 138.0, 2479
619, 112.0, 2481
620, 70.0, 2497
621, 78.0, 2501
622, 200.0, 2513
623, 83.0, 2553
624, 153.0, 2568
625, 103.0, 2575
626, 143.0, 2579
627, 200.0, 2584
628, 137.0, 2589
629, 200.0, 2599
630, 200.0, 2616
631, 143.0, 2619
632, 52.0, 2638
633, 57.0, 2640
634, 154.0, 2647
635, 200.0, 2655
636, 161.0, 2658
637, 200.0, 2661
638, 121.0, 2663
639, 78.0, 2679
640, 46.0, 2693
641, 12.0, 2695
642, 36.0, 2697
643, 187.0, 2707
644, 26.0, 2726
645, 162.0, 2735
646, 72.0, 2760
647, 100.0, 2762
648, 43.0, 2770
649, 149.0, 2776
650, 101.0, 2787
651, 27.0, 2801
652, 75.0, 2803
653, 200.0, 2813
654, 103.0, 2819
655, 200.0, 2838
656, 38.0, 2854
657, 186.0, 2857
658, 84.0, 2864
659, 164.0, 2868
660, 22.0, 2885
661, 70.0, 2890
662, 190.0, 2909
663, 200.0, 2927
664, 91.0, 2930
665, 13.0, 2939
666, 10.0, 2943
667, 127.0, 2957
668, 82.0, 2982
669, 200.0, 2988
670, 30.0, 3008
671, 200.0, 3010
672, 106.0, 3013
673, 26.0, 3020
674, 100.0, 3022
675, 37.0, 3035
676, 200.0, 3050
677, 42.0, 3067
678, 111.0, 3073
679, 108.0, 3076
680, 119.0, 3080
681, 46.0, 3100
682, 85.0, 3105
683, 80.0, 3126
684, 168.0, 3135
685, 200.0, 3137
686, 29.0, 3141
687, 120.0, 3144
688, 63.0, 3149
689, 200.0, 3156
690, 200.0, 3160
691, 78.0, 3180
692, 68.0, 3185
693, 30.0, 3204
694, 200.0, 3208
695, 29.0, 3239
696, 200.0, 3241
697, 26.0, 3267
698, 13.0, 3272
699, 70.0, 3276
700, 40.0, 3279
701, 34.0, 3286
702, 83.0, 3291
703, 28.0, 3299
704, 33.0, 3320
705, 200.0, 3331
706, 25.0, 3342
707, 26.0, 3351
708, 117.0, 3356
709, 108.0, 3360
710, 148.0, 3363
711, 30.0, 3373
712, 81.0, 3377
713, 81.0, 3388
714, 102.0, 3392
715, 10.0, 3395
716, 200.0, 3397
717, 178.0, 3421
718, 78.0, 3430
719, 82.0, 3433
720, 62.0, 3447
721, 200.0, 3450
722, 14.0, 3457
723, 67.0, 3459
724, 80.0, 3463
725, 112.0, 3467
726, 200.0, 3487
727, 200.0, 3502
728, 26.0, 3528
729, 200.0, 3531
730, 200.0, 3538
731, 40.0, 3544
732, 27.0, 3547
733, 97.0, 3553
734, 12.0, 3560
735, 134.0, 3563
736, 101.0, 3580
737, 70.0, 3582
738, 12.0, 3585
739, 29.0, 3587
740, 154.0, 3593
741, 200.0, 3596
742, 11.0, 3605
743, 72.0, 3609
744, 25.0, 3611
745, 92.0, 3615
746, 121.0, 3620
747, 29.0, 3627
748, 91.0, 3631
749, 27.0, 3637
750, 26.0, 3639
751, 29.0, 3642
752, 27.0, 3644
753, 57.0, 3647
754, 26.0, 3656
755, 92.0, 3658
756, 100.0, 3660
757, 123.0, 3662
758, 124.0, 3665
759, 27.0, 3668
760, 200.0, 3671
761, 29.0, 3674
762, 131.0, 3684
763, 91.0, 3699
764, 54.0, 3704
765, 200.0, 3725
766, 159.0, 3732
767, 53.0, 3735
768, 153.0, 3745
769, 30.0, 3752
770, 26.0, 3776
771, 200.0, 3795
772, 136.0, 3804
773, 117.0, 3807
774, 32.0, 3809
775, 43.0, 3811
776, 89.0, 3820
777, 45.0, 3839
778, 106.0, 3845
779, 63.0, 3848
780, 54.0, 3853
781, 66.0, 3863
782, 135.0, 3870
783, 30.0, 3873
784, 12.0, 3875
785, 65.0, 3894
786, 25.0, 3896
787, 32.0, 3902
788, 98.0, 3922
789, 30.0, 3929
790, 76.0, 3936
791, 26.0, 3941
792, 91.0, 3945
793, 92.0, 3952
794, 30.0, 3961
795, 27.0, 3964
796, 80.0, 3967
797, 148.0, 3974
798, 28.0, 3976
799, 28.0, 3979
800, 97.0, 4008
801, 39.0, 4010
802, 81.0, 4018
803, 106.0, 4029
804, 177.0, 4047
805, 58.0, 4054
806, 38.0, 4056
807, 100.0, 4061
808, 200.0, 4066
809, 25.0, 4075
810, 78.0, 4083
811, 133.0, 4094
812, 126.0, 4108
813, 134.0, 4125
814, 86.0, 4140
815, 32.0, 4145
816, 89.0, 4148
817, 123.0, 4173
818, 176.0, 4176
819, 103.0, 4190
820, 163.0, 4193
821, 26.0, 4198
822, 115.0, 4212
823, 125.0, 4217
824, 130.0, 4225
825, 200.0, 4228
826, 67.0, 4232
827, 200.0, 4247
828, 69.0, 4250
829, 47.0, 4256
830, 117.0, 4262
831, 36.0, 4269
832, 158.0, 4278
833, 147.0, 4281
834, 97.0, 4289
835, 75.0, 4291
836, 200.0, 4295
837, 65.0, 4299
838, 200.0, 4310
839, 75.0, 4335
840, 63.0, 4342
841, 136.0, 4349
842, 200.0, 4363
843, 108.0, 4368
844, 139.0, 4372
845, 123.0, 4374
846, 120.0, 4387
847, 120.0, 4391
848, 98.0, 4401
849, 91.0, 4418
850, 58.0, 4421
851, 87.0, 4428
852, 119.0, 4442
853, 84.0, 4445
854, 96.0, 4451
855, 100.0, 4468
856, 94.0, 4478
857, 83.0, 4489
858, 179.0, 4500
859, 72.0, 4503
860, 104.0, 4507
861, 30.0, 4510
862, 125.0, 4527
863, 73.0, 4534
864, 52.0, 4549
865, 133.0, 4551
866, 200.0, 4556
867, 28.0, 4563
868, 123.0, 4566
869, 200.0, 4578
870, 118.0, 4617
871, 139.0, 4631
872, 86.0, 4642
873, 188.0, 4665
874, 125.0, 4668
875, 35.0, 4676
876, 93.0, 4679
877, 13.0, 4683
878, 122.0, 4686
879, 93.0, 4688
880, 165.0, 4703
881, 36.0, 4723
882, 178.0, 4725
883, 58.0, 4743
884, 87.0, 4754
885, 200.0, 4764
886, 13.0, 4775
887, 110.0, 4778
888, 92.0, 4782
889, 89.0, 4786
890, 167.0, 4790
891, 76.0, 4811
892, 200.0, 4827
893, 74.0, 4830
894, 102.0, 4840
895, 169.0, 4850
896, 200.0, 4858
897, 96.0, 4866
898, 99.0, 4869
899, 200.0, 4874
900, 133.0, 4887
901, 95.0, 4895
902, 200.0, 4898
903, 106.0, 4902
904, 96.0, 4916
905, 97.0, 4928
906, 101.0, 4947
907, 71.0, 4951
908, 90.0, 4968
909, 46.0, 4980
910, 96.0, 4983
911, 69.0, 4991
912, 149.0, 4999
913, 93.0, 5009
914, 76.0, 5018
915, 87.0, 5022
916, 97.0, 5035
917, 133.0, 5047
918, 69.0, 5056
919, 50.0, 5060
920, 84.0, 5065
921, 26.0, 5068
922, 103.0, 5075
923, 70.0, 5103
924, 69.0, 5107
925, 96.0, 5113
926, 87.0, 5131
927, 200.0, 5136
928, 131.0, 5138
929, 49.0, 5150
930, 68.0, 5168
931, 200.0, 5183
932, 88.0, 5189
933, 91.0, 5199
934, 96.0, 5205
935, 92.0, 5210
936, 117.0, 5222
937, 127.0, 5256
938, 200.0, 5261
939, 112.0, 5265
940, 200.0, 5273
941, 98.0, 5300
942, 91.0, 5318
943, 134.0, 5327
944, 37.0, 5329
945, 91.0, 5336
946, 82.0, 5347
947, 200.0, 5358
948, 96.0, 5364
949, 51.0, 5367
950, 173.0, 5371
951, 98.0, 5375
952, 89.0, 5380
953, 87.0, 5384
954, 28.0, 5389
955, 122.0, 5398
956, 200.0, 5407
957, 77.0, 5412
958, 125.0, 5417
959, 87.0, 5426
960, 62.0, 5429
961, 55.0, 5443
962, 87.0, 5447
963, 22.0, 5458
964, 86.0, 5461
965, 46.0, 5469
966, 66.0, 5473
967, 91.0, 5493
968, 135.0, 5495
969, 177.0, 5506
970, 85.0, 5519
971, 95.0, 5522
972, 98.0, 5551
973, 45.0, 5560
974, 88.0, 5563
975, 34.0, 5585
976, 171.0, 5590
977, 111.0, 5593
978, 91.0, 5596
979, 101.0, 5609
980, 44.0, 5614
981, 52.0, 5616
982, 48.0, 5620
983, 131.0, 5633
984, 72.0, 5637
985, 144.0, 5660
986, 51.0, 5680
987, 141.0, 5697
988, 200.0, 5700
989, 17.0, 5718
990, 115.0, 5731
991, 42.0, 5739
992, 90.0, 5750
993, 66.0, 5759
994, 58.0, 5763
995, 34.0, 5783
996, 200.0, 5801
997, 96.0, 5812
998, 97.0, 5816
999, 107.0, 5823
