2021-06-21 16:55:34.268975: I tensorflow/stream_executor/platform/default/dso_loader.cc:49] Successfully opened dynamic library libcudart.so.11.0
2021-06-21 16:55:36.444623: I tensorflow/compiler/jit/xla_cpu_device.cc:41] Not creating XLA devices, tf_xla_enable_xla_devices not set
2021-06-21 16:55:36.445510: I tensorflow/stream_executor/platform/default/dso_loader.cc:49] Successfully opened dynamic library libcuda.so.1
2021-06-21 16:55:36.451114: I tensorflow/stream_executor/cuda/cuda_gpu_executor.cc:941] successful NUMA node read from SysFS had negative value (-1), but there must be at least one NUMA node, so returning NUMA node zero
2021-06-21 16:55:36.451910: I tensorflow/core/common_runtime/gpu/gpu_device.cc:1720] Found device 0 with properties: 
pciBusID: 0000:00:04.0 name: Tesla K80 computeCapability: 3.7
coreClock: 0.8235GHz coreCount: 13 deviceMemorySize: 11.17GiB deviceMemoryBandwidth: 223.96GiB/s
2021-06-21 16:55:36.451940: I tensorflow/stream_executor/platform/default/dso_loader.cc:49] Successfully opened dynamic library libcudart.so.11.0
2021-06-21 16:55:36.454809: I tensorflow/stream_executor/platform/default/dso_loader.cc:49] Successfully opened dynamic library libcublas.so.11
2021-06-21 16:55:36.454871: I tensorflow/stream_executor/platform/default/dso_loader.cc:49] Successfully opened dynamic library libcublasLt.so.11
2021-06-21 16:55:36.456645: I tensorflow/stream_executor/platform/default/dso_loader.cc:49] Successfully opened dynamic library libcufft.so.10
2021-06-21 16:55:36.456917: I tensorflow/stream_executor/platform/default/dso_loader.cc:49] Successfully opened dynamic library libcurand.so.10
2021-06-21 16:55:36.460289: I tensorflow/stream_executor/platform/default/dso_loader.cc:49] Successfully opened dynamic library libcusolver.so.10
2021-06-21 16:55:36.461047: I tensorflow/stream_executor/platform/default/dso_loader.cc:49] Successfully opened dynamic library libcusparse.so.11
2021-06-21 16:55:36.461254: I tensorflow/stream_executor/platform/default/dso_loader.cc:49] Successfully opened dynamic library libcudnn.so.8
2021-06-21 16:55:36.461367: I tensorflow/stream_executor/cuda/cuda_gpu_executor.cc:941] successful NUMA node read from SysFS had negative value (-1), but there must be at least one NUMA node, so returning NUMA node zero
2021-06-21 16:55:36.462060: I tensorflow/stream_executor/cuda/cuda_gpu_executor.cc:941] successful NUMA node read from SysFS had negative value (-1), but there must be at least one NUMA node, so returning NUMA node zero
2021-06-21 16:55:36.462708: I tensorflow/core/common_runtime/gpu/gpu_device.cc:1862] Adding visible gpu devices: 0
2021-06-21 16:55:36.462952: I tensorflow/core/platform/cpu_feature_guard.cc:142] This TensorFlow binary is optimized with oneAPI Deep Neural Network Library (oneDNN) to use the following CPU instructions in performance-critical operations:  AVX2 FMA
To enable them in other operations, rebuild TensorFlow with the appropriate compiler flags.
2021-06-21 16:55:36.463807: I tensorflow/compiler/jit/xla_gpu_device.cc:99] Not creating XLA devices, tf_xla_enable_xla_devices not set
2021-06-21 16:55:36.463995: I tensorflow/stream_executor/cuda/cuda_gpu_executor.cc:941] successful NUMA node read from SysFS had negative value (-1), but there must be at least one NUMA node, so returning NUMA node zero
2021-06-21 16:55:36.464682: I tensorflow/core/common_runtime/gpu/gpu_device.cc:1720] Found device 0 with properties: 
pciBusID: 0000:00:04.0 name: Tesla K80 computeCapability: 3.7
coreClock: 0.8235GHz coreCount: 13 deviceMemorySize: 11.17GiB deviceMemoryBandwidth: 223.96GiB/s
2021-06-21 16:55:36.464713: I tensorflow/stream_executor/platform/default/dso_loader.cc:49] Successfully opened dynamic library libcudart.so.11.0
2021-06-21 16:55:36.464740: I tensorflow/stream_executor/platform/default/dso_loader.cc:49] Successfully opened dynamic library libcublas.so.11
2021-06-21 16:55:36.464787: I tensorflow/stream_executor/platform/default/dso_loader.cc:49] Successfully opened dynamic library libcublasLt.so.11
2021-06-21 16:55:36.464814: I tensorflow/stream_executor/platform/default/dso_loader.cc:49] Successfully opened dynamic library libcufft.so.10
2021-06-21 16:55:36.464854: I tensorflow/stream_executor/platform/default/dso_loader.cc:49] Successfully opened dynamic library libcurand.so.10
2021-06-21 16:55:36.464881: I tensorflow/stream_executor/platform/default/dso_loader.cc:49] Successfully opened dynamic library libcusolver.so.10
2021-06-21 16:55:36.464907: I tensorflow/stream_executor/platform/default/dso_loader.cc:49] Successfully opened dynamic library libcusparse.so.11
2021-06-21 16:55:36.464933: I tensorflow/stream_executor/platform/default/dso_loader.cc:49] Successfully opened dynamic library libcudnn.so.8
2021-06-21 16:55:36.465013: I tensorflow/stream_executor/cuda/cuda_gpu_executor.cc:941] successful NUMA node read from SysFS had negative value (-1), but there must be at least one NUMA node, so returning NUMA node zero
2021-06-21 16:55:36.465975: I tensorflow/stream_executor/cuda/cuda_gpu_executor.cc:941] successful NUMA node read from SysFS had negative value (-1), but there must be at least one NUMA node, so returning NUMA node zero
2021-06-21 16:55:36.466563: I tensorflow/core/common_runtime/gpu/gpu_device.cc:1862] Adding visible gpu devices: 0
2021-06-21 16:55:36.466636: I tensorflow/stream_executor/platform/default/dso_loader.cc:49] Successfully opened dynamic library libcudart.so.11.0
2021-06-21 16:55:36.952989: I tensorflow/core/common_runtime/gpu/gpu_device.cc:1261] Device interconnect StreamExecutor with strength 1 edge matrix:
2021-06-21 16:55:36.953078: I tensorflow/core/common_runtime/gpu/gpu_device.cc:1267]      0 
2021-06-21 16:55:36.953090: I tensorflow/core/common_runtime/gpu/gpu_device.cc:1280] 0:   N 
2021-06-21 16:55:36.953394: I tensorflow/stream_executor/cuda/cuda_gpu_executor.cc:941] successful NUMA node read from SysFS had negative value (-1), but there must be at least one NUMA node, so returning NUMA node zero
2021-06-21 16:55:36.954106: I tensorflow/stream_executor/cuda/cuda_gpu_executor.cc:941] successful NUMA node read from SysFS had negative value (-1), but there must be at least one NUMA node, so returning NUMA node zero
2021-06-21 16:55:36.954855: I tensorflow/stream_executor/cuda/cuda_gpu_executor.cc:941] successful NUMA node read from SysFS had negative value (-1), but there must be at least one NUMA node, so returning NUMA node zero
2021-06-21 16:55:36.955596: I tensorflow/core/common_runtime/gpu/gpu_device.cc:1406] Created TensorFlow device (/job:localhost/replica:0/task:0/device:GPU:0 with 10210 MB memory) -> physical GPU (device: 0, name: Tesla K80, pci bus id: 0000:00:04.0, compute capability: 3.7)
2021-06-21 16:55:37.188388: I tensorflow/compiler/mlir/mlir_graph_optimization_pass.cc:116] None of the MLIR optimization passes are enabled (registered 2)
2021-06-21 16:55:37.188893: I tensorflow/core/platform/profile_utils/cpu_utils.cc:112] CPU Frequency: 2199995000 Hz
2021-06-21 16:55:37.268261: I tensorflow/stream_executor/platform/default/dso_loader.cc:49] Successfully opened dynamic library libcublas.so.11
2021-06-21 16:55:37.527347: I tensorflow/stream_executor/platform/default/dso_loader.cc:49] Successfully opened dynamic library libcublasLt.so.11
0, 58.0, 0
1, 42.0, 0
2, 77.0, 0
3, 64.0, 0
4, 72.0, 0
5, 175.0, 0
6, 63.0, 0
7, 171.0, 0
8, 97.0, 0
9, 48.0, 0
10, 72.0, 0
11, 200.0, 0
12, 105.0, 0
13, 146.0, 0
14, 40.0, 0
15, 77.0, 0
16, 14.0, 5
17, 52.0, 15
18, 23.0, 20
19, 15.0, 24
20, 12.0, 27
21, 11.0, 31
22, 12.0, 35
23, 10.0, 38
24, 10.0, 41
25, 9.0, 43
26, 10.0, 46
27, 9.0, 48
28, 11.0, 50
29, 43.0, 52
30, 12.0, 55
31, 13.0, 58
32, 9.0, 60
33, 8.0, 62
34, 11.0, 65
35, 11.0, 67
36, 11.0, 70
37, 9.0, 73
38, 9.0, 76
39, 9.0, 79
40, 10.0, 82
41, 8.0, 84
42, 9.0, 86
43, 8.0, 87
44, 10.0, 89
45, 11.0, 91
46, 10.0, 94
47, 11.0, 97
48, 13.0, 99
49, 11.0, 101
50, 9.0, 104
51, 10.0, 105
52, 10.0, 107
53, 9.0, 109
54, 37.0, 111
55, 8.0, 113
56, 9.0, 115
57, 11.0, 119
58, 11.0, 121
59, 10.0, 123
60, 9.0, 126
61, 15.0, 129
62, 10.0, 131
63, 8.0, 134
64, 8.0, 136
65, 9.0, 138
66, 10.0, 141
67, 9.0, 144
68, 9.0, 147
69, 12.0, 149
70, 11.0, 151
71, 11.0, 154
72, 11.0, 156
73, 10.0, 158
74, 10.0, 160
75, 9.0, 162
76, 9.0, 164
77, 10.0, 167
78, 9.0, 169
79, 11.0, 172
80, 11.0, 174
81, 9.0, 176
82, 10.0, 180
83, 9.0, 183
84, 8.0, 185
85, 8.0, 187
86, 8.0, 189
87, 9.0, 192
88, 10.0, 195
89, 10.0, 197
90, 8.0, 199
91, 10.0, 201
92, 10.0, 203
93, 10.0, 206
94, 8.0, 208
95, 10.0, 210
96, 11.0, 213
97, 9.0, 215
98, 9.0, 218
99, 9.0, 220
100, 9.0, 222
101, 10.0, 225
102, 9.0, 226
103, 10.0, 228
104, 8.0, 233
105, 9.0, 237
106, 10.0, 239
107, 8.0, 241
108, 10.0, 244
109, 11.0, 246
110, 10.0, 249
111, 11.0, 251
112, 10.0, 253
113, 10.0, 257
114, 10.0, 259
115, 10.0, 261
116, 9.0, 263
117, 10.0, 265
118, 9.0, 269
119, 10.0, 271
120, 10.0, 274
121, 9.0, 276
122, 10.0, 278
123, 10.0, 281
124, 9.0, 283
125, 10.0, 285
126, 10.0, 287
127, 9.0, 290
128, 10.0, 293
129, 9.0, 295
130, 10.0, 297
131, 9.0, 299
132, 10.0, 302
133, 10.0, 304
134, 9.0, 306
135, 9.0, 309
136, 9.0, 312
137, 11.0, 314
138, 10.0, 316
139, 9.0, 318
140, 10.0, 320
141, 9.0, 322
142, 8.0, 324
143, 10.0, 326
144, 9.0, 328
145, 10.0, 330
146, 9.0, 332
147, 10.0, 334
148, 10.0, 336
149, 9.0, 339
150, 10.0, 342
151, 9.0, 344
152, 9.0, 346
153, 10.0, 348
154, 10.0, 351
155, 9.0, 353
156, 10.0, 357
157, 10.0, 359
158, 10.0, 362
159, 10.0, 364
160, 9.0, 366
161, 10.0, 368
162, 8.0, 371
163, 9.0, 374
164, 10.0, 376
165, 10.0, 378
166, 10.0, 380
167, 9.0, 382
168, 9.0, 387
169, 10.0, 389
170, 9.0, 393
171, 9.0, 396
172, 9.0, 398
173, 10.0, 400
174, 11.0, 402
175, 9.0, 404
176, 10.0, 406
177, 10.0, 409
178, 8.0, 411
179, 8.0, 413
180, 10.0, 416
181, 10.0, 419
182, 10.0, 421
183, 9.0, 425
184, 9.0, 428
185, 10.0, 430
186, 9.0, 432
187, 10.0, 434
188, 10.0, 436
189, 10.0, 438
190, 9.0, 441
191, 10.0, 443
192, 10.0, 446
193, 10.0, 449
194, 9.0, 451
195, 10.0, 452
196, 9.0, 455
197, 10.0, 457
198, 9.0, 459
199, 10.0, 461
200, 9.0, 463
201, 9.0, 465
202, 10.0, 468
203, 9.0, 470
204, 10.0, 472
205, 10.0, 474
206, 9.0, 476
207, 10.0, 479
208, 10.0, 481
209, 8.0, 485
210, 10.0, 488
211, 8.0, 490
212, 9.0, 492
213, 10.0, 495
214, 10.0, 499
215, 10.0, 502
216, 10.0, 504
217, 10.0, 507
218, 8.0, 509
219, 9.0, 512
220, 9.0, 516
221, 9.0, 519
222, 10.0, 521
223, 10.0, 523
224, 11.0, 525
225, 9.0, 527
226, 9.0, 529
227, 10.0, 531
228, 10.0, 533
229, 10.0, 535
230, 8.0, 537
231, 9.0, 538
232, 8.0, 541
233, 14.0, 544
234, 10.0, 546
235, 10.0, 549
236, 9.0, 552
237, 8.0, 554
238, 9.0, 557
239, 9.0, 560
240, 9.0, 563
241, 10.0, 565
242, 9.0, 567
243, 8.0, 569
244, 9.0, 572
245, 9.0, 575
246, 9.0, 579
247, 9.0, 581
248, 8.0, 583
249, 10.0, 586
250, 9.0, 589
251, 10.0, 591
252, 8.0, 595
253, 9.0, 597
254, 9.0, 599
255, 10.0, 601
256, 9.0, 603
257, 9.0, 605
258, 9.0, 608
259, 10.0, 611
260, 8.0, 613
261, 10.0, 615
262, 10.0, 617
263, 8.0, 619
264, 10.0, 621
265, 10.0, 623
266, 9.0, 626
267, 9.0, 628
268, 10.0, 631
269, 11.0, 633
270, 9.0, 635
271, 8.0, 638
272, 11.0, 641
273, 10.0, 643
274, 10.0, 645
275, 10.0, 647
276, 10.0, 649
277, 9.0, 651
278, 10.0, 653
279, 8.0, 655
280, 9.0, 659
281, 10.0, 661
282, 9.0, 663
283, 10.0, 667
284, 9.0, 672
285, 10.0, 674
286, 10.0, 676
287, 10.0, 679
288, 9.0, 684
289, 9.0, 687
290, 9.0, 689
291, 9.0, 692
292, 9.0, 694
293, 9.0, 696
294, 8.0, 698
295, 9.0, 700
296, 9.0, 703
297, 10.0, 705
298, 9.0, 707
299, 10.0, 710
300, 10.0, 713
301, 9.0, 715
302, 8.0, 717
303, 9.0, 720
304, 9.0, 722
305, 9.0, 725
306, 10.0, 728
307, 9.0, 730
308, 8.0, 732
309, 10.0, 735
310, 9.0, 737
311, 10.0, 740
312, 9.0, 743
313, 8.0, 746
314, 10.0, 748
315, 9.0, 751
316, 9.0, 753
317, 9.0, 756
318, 9.0, 759
319, 9.0, 762
320, 9.0, 765
321, 11.0, 768
322, 10.0, 770
323, 9.0, 772
324, 9.0, 775
325, 8.0, 777
326, 8.0, 780
327, 11.0, 784
328, 9.0, 787
329, 9.0, 790
330, 9.0, 791
331, 10.0, 795
332, 10.0, 797
333, 10.0, 799
334, 10.0, 801
335, 10.0, 803
336, 8.0, 806
337, 9.0, 808
338, 10.0, 810
339, 9.0, 813
340, 9.0, 815
341, 10.0, 819
342, 10.0, 821
343, 9.0, 823
344, 9.0, 825
345, 11.0, 828
346, 9.0, 830
347, 9.0, 832
348, 10.0, 835
349, 10.0, 837
350, 9.0, 841
351, 9.0, 845
352, 9.0, 848
353, 9.0, 851
354, 10.0, 853
355, 8.0, 856
356, 9.0, 858
357, 8.0, 860
358, 9.0, 863
359, 9.0, 865
360, 9.0, 868
361, 10.0, 872
362, 8.0, 874
363, 9.0, 876
364, 8.0, 882
365, 9.0, 885
366, 9.0, 888
367, 9.0, 890
368, 9.0, 892
369, 10.0, 895
370, 9.0, 897
371, 10.0, 899
372, 8.0, 901
373, 9.0, 904
374, 8.0, 905
375, 10.0, 908
376, 9.0, 910
377, 12.0, 914
378, 10.0, 916
379, 9.0, 919
380, 9.0, 921
381, 9.0, 923
382, 10.0, 926
383, 9.0, 928
384, 10.0, 930
385, 9.0, 932
386, 8.0, 934
387, 10.0, 938
388, 10.0, 941
389, 10.0, 942
390, 11.0, 944
391, 8.0, 946
392, 12.0, 948
393, 9.0, 951
394, 10.0, 954
395, 10.0, 956
396, 9.0, 958
397, 10.0, 959
398, 9.0, 961
399, 12.0, 965
400, 10.0, 968
401, 9.0, 970
402, 10.0, 975
403, 10.0, 977
404, 10.0, 980
405, 9.0, 983
406, 12.0, 986
407, 9.0, 989
408, 10.0, 992
409, 11.0, 995
410, 9.0, 998
411, 10.0, 1000
412, 9.0, 1003
413, 8.0, 1005
414, 9.0, 1008
415, 10.0, 1010
416, 12.0, 1013
417, 8.0, 1016
418, 9.0, 1019
419, 11.0, 1021
420, 10.0, 1023
421, 13.0, 1025
422, 13.0, 1027
423, 9.0, 1034
424, 12.0, 1036
425, 14.0, 1039
426, 9.0, 1042
427, 8.0, 1048
428, 9.0, 1050
429, 11.0, 1052
430, 12.0, 1056
431, 9.0, 1058
432, 11.0, 1060
433, 9.0, 1063
434, 9.0, 1065
435, 9.0, 1067
436, 8.0, 1069
437, 9.0, 1072
438, 9.0, 1074
439, 9.0, 1076
440, 10.0, 1078
441, 9.0, 1081
442, 10.0, 1083
443, 10.0, 1085
444, 10.0, 1087
445, 12.0, 1090
446, 10.0, 1094
447, 9.0, 1097
448, 10.0, 1100
449, 9.0, 1103
450, 10.0, 1106
451, 12.0, 1108
452, 9.0, 1110
453, 10.0, 1112
454, 10.0, 1114
455, 10.0, 1117
456, 9.0, 1119
457, 10.0, 1121
458, 10.0, 1123
459, 9.0, 1125
460, 9.0, 1127
461, 9.0, 1130
462, 10.0, 1135
463, 10.0, 1137
464, 12.0, 1141
465, 10.0, 1145
466, 10.0, 1148
467, 13.0, 1153
468, 15.0, 1155
469, 13.0, 1157
470, 12.0, 1161
471, 10.0, 1163
472, 10.0, 1167
473, 17.0, 1169
474, 15.0, 1172
475, 32.0, 1175
476, 17.0, 1179
477, 10.0, 1185
478, 9.0, 1187
479, 9.0, 1190
480, 9.0, 1193
481, 10.0, 1195
482, 10.0, 1197
483, 15.0, 1200
484, 9.0, 1202
485, 11.0, 1205
486, 9.0, 1207
487, 11.0, 1209
488, 10.0, 1211
489, 9.0, 1214
490, 12.0, 1215
491, 9.0, 1218
492, 9.0, 1220
493, 9.0, 1222
494, 39.0, 1225
495, 10.0, 1229
496, 29.0, 1231
497, 10.0, 1236
498, 32.0, 1239
499, 15.0, 1242
500, 27.0, 1245
501, 29.0, 1248
502, 9.0, 1251
503, 9.0, 1253
504, 10.0, 1255
505, 11.0, 1257
506, 10.0, 1258
507, 8.0, 1261
508, 10.0, 1264
509, 9.0, 1266
510, 9.0, 1268
511, 10.0, 1272
512, 11.0, 1275
513, 10.0, 1277
514, 30.0, 1281
515, 10.0, 1283
516, 12.0, 1285
517, 12.0, 1288
518, 10.0, 1289
519, 30.0, 1291
520, 12.0, 1294
521, 15.0, 1299
522, 14.0, 1302
523, 11.0, 1305
524, 11.0, 1311
525, 12.0, 1314
526, 14.0, 1320
527, 13.0, 1323
528, 10.0, 1326
529, 11.0, 1329
530, 11.0, 1332
531, 28.0, 1336
532, 22.0, 1342
533, 27.0, 1348
534, 31.0, 1350
535, 12.0, 1352
536, 10.0, 1354
537, 25.0, 1364
538, 12.0, 1366
539, 14.0, 1368
540, 14.0, 1371
541, 26.0, 1374
542, 28.0, 1376
543, 26.0, 1379
544, 12.0, 1380
545, 26.0, 1383
546, 28.0, 1385
547, 23.0, 1392
548, 25.0, 1395
549, 12.0, 1398
550, 28.0, 1401
551, 28.0, 1403
552, 28.0, 1406
553, 28.0, 1408
554, 26.0, 1412
555, 12.0, 1415
556, 11.0, 1419
557, 27.0, 1422
558, 11.0, 1424
559, 13.0, 1427
560, 25.0, 1429
561, 27.0, 1435
562, 28.0, 1437
563, 12.0, 1440
564, 13.0, 1443
565, 12.0, 1445
566, 12.0, 1449
567, 28.0, 1453
568, 14.0, 1456
569, 25.0, 1458
570, 28.0, 1460
571, 12.0, 1462
572, 12.0, 1464
573, 32.0, 1467
574, 11.0, 1469
575, 11.0, 1472
576, 11.0, 1474
577, 12.0, 1482
578, 24.0, 1484
579, 13.0, 1487
580, 11.0, 1492
581, 14.0, 1494
582, 11.0, 1499
583, 11.0, 1501
584, 27.0, 1504
585, 29.0, 1510
586, 29.0, 1513
587, 24.0, 1515
588, 25.0, 1517
589, 50.0, 1527
590, 27.0, 1536
591, 28.0, 1540
592, 32.0, 1553
593, 91.0, 1560
594, 30.0, 1565
595, 45.0, 1568
596, 45.0, 1575
597, 116.0, 1577
598, 33.0, 1585
599, 25.0, 1591
600, 52.0, 1600
601, 70.0, 1606
602, 29.0, 1611
603, 33.0, 1616
604, 27.0, 1625
605, 26.0, 1628
606, 29.0, 1635
607, 200.0, 1650
608, 100.0, 1653
609, 103.0, 1659
610, 26.0, 1677
611, 200.0, 1683
612, 27.0, 1692
613, 30.0, 1695
614, 71.0, 1701
615, 189.0, 1705
616, 60.0, 1707
617, 76.0, 1709
618, 25.0, 1716
619, 80.0, 1723
620, 29.0, 1733
621, 62.0, 1739
622, 38.0, 1744
623, 126.0, 1747
624, 200.0, 1750
625, 32.0, 1757
626, 33.0, 1760
627, 32.0, 1764
628, 29.0, 1772
629, 23.0, 1781
630, 200.0, 1786
631, 77.0, 1804
632, 24.0, 1808
633, 14.0, 1812
634, 200.0, 1821
635, 89.0, 1828
636, 70.0, 1834
637, 69.0, 1837
638, 25.0, 1844
639, 45.0, 1851
640, 99.0, 1854
641, 108.0, 1857
642, 27.0, 1863
643, 133.0, 1867
644, 54.0, 1869
645, 73.0, 1872
646, 98.0, 1879
647, 77.0, 1882
648, 68.0, 1884
649, 72.0, 1892
650, 67.0, 1899
651, 44.0, 1902
652, 13.0, 1906
653, 200.0, 1914
654, 10.0, 1918
655, 12.0, 1921
656, 44.0, 1924
657, 12.0, 1926
658, 12.0, 1928
659, 22.0, 1935
660, 41.0, 1937
661, 33.0, 1943
662, 22.0, 1950
663, 9.0, 1952
664, 200.0, 1961
665, 100.0, 1963
666, 73.0, 1966
667, 70.0, 1969
668, 102.0, 1974
669, 26.0, 1987
670, 96.0, 1990
671, 200.0, 1992
672, 29.0, 1995
673, 139.0, 2001
674, 154.0, 2010
675, 103.0, 2013
676, 146.0, 2022
677, 142.0, 2028
678, 136.0, 2031
679, 113.0, 2036
680, 120.0, 2038
681, 99.0, 2040
682, 189.0, 2049
683, 136.0, 2054
684, 200.0, 2059
685, 75.0, 2073
686, 83.0, 2086
687, 102.0, 2092
688, 116.0, 2101
689, 109.0, 2106
690, 21.0, 2108
691, 44.0, 2111
692, 113.0, 2114
693, 124.0, 2137
694, 135.0, 2145
695, 12.0, 2168
696, 109.0, 2173
697, 132.0, 2175
698, 130.0, 2188
699, 22.0, 2191
700, 117.0, 2196
701, 38.0, 2201
702, 21.0, 2204
703, 66.0, 2212
704, 41.0, 2216
705, 22.0, 2231
706, 200.0, 2238
707, 110.0, 2241
708, 24.0, 2248
709, 43.0, 2253
710, 131.0, 2256
711, 200.0, 2259
712, 39.0, 2269
713, 127.0, 2272
714, 135.0, 2281
715, 22.0, 2284
716, 24.0, 2288
717, 93.0, 2291
718, 121.0, 2293
719, 200.0, 2309
720, 31.0, 2315
721, 55.0, 2322
722, 60.0, 2328
723, 111.0, 2333
724, 148.0, 2335
725, 109.0, 2344
726, 157.0, 2348
727, 83.0, 2362
728, 97.0, 2371
729, 108.0, 2374
730, 102.0, 2377
731, 38.0, 2388
732, 39.0, 2390
733, 43.0, 2399
734, 200.0, 2402
735, 148.0, 2407
736, 26.0, 2417
737, 156.0, 2420
738, 91.0, 2426
739, 65.0, 2433
740, 118.0, 2437
741, 150.0, 2451
742, 150.0, 2458
743, 49.0, 2466
744, 111.0, 2473
745, 13.0, 2475
746, 23.0, 2477
747, 99.0, 2483
748, 29.0, 2490
749, 25.0, 2492
750, 200.0, 2504
751, 200.0, 2517
752, 174.0, 2538
753, 200.0, 2543
754, 200.0, 2560
755, 121.0, 2563
756, 200.0, 2567
757, 73.0, 2573
758, 70.0, 2578
759, 39.0, 2591
760, 200.0, 2599
761, 140.0, 2607
762, 200.0, 2620
763, 200.0, 2624
764, 200.0, 2627
765, 165.0, 2630
766, 183.0, 2638
767, 200.0, 2643
768, 63.0, 2669
769, 79.0, 2691
770, 200.0, 2694
771, 41.0, 2697
772, 11.0, 2706
773, 50.0, 2717
774, 200.0, 2719
775, 200.0, 2725
776, 90.0, 2734
777, 23.0, 2741
778, 75.0, 2745
779, 67.0, 2748
780, 22.0, 2773
781, 200.0, 2779
782, 200.0, 2786
783, 78.0, 2798
784, 25.0, 2800
785, 64.0, 2811
786, 181.0, 2814
787, 200.0, 2817
788, 200.0, 2821
789, 200.0, 2823
790, 41.0, 2831
791, 200.0, 2834
792, 200.0, 2855
793, 60.0, 2857
794, 36.0, 2868
795, 42.0, 2890
796, 25.0, 2893
797, 200.0, 2898
798, 28.0, 2905
799, 20.0, 2911
800, 25.0, 2913
801, 126.0, 2919
802, 114.0, 2921
803, 200.0, 2942
804, 63.0, 2949
805, 200.0, 2952
806, 96.0, 2956
807, 200.0, 2960
808, 28.0, 3000
809, 61.0, 3006
810, 195.0, 3013
811, 200.0, 3031
812, 200.0, 3058
813, 200.0, 3075
814, 200.0, 3082
815, 200.0, 3085
816, 200.0, 3090
817, 142.0, 3128
818, 121.0, 3136
819, 200.0, 3152
820, 23.0, 3176
821, 134.0, 3188
822, 195.0, 3200
823, 200.0, 3204
824, 112.0, 3225
825, 117.0, 3232
826, 109.0, 3235
827, 24.0, 3263
828, 25.0, 3269
829, 65.0, 3277
830, 200.0, 3290
831, 196.0, 3300
832, 200.0, 3319
833, 200.0, 3327
834, 176.0, 3331
835, 200.0, 3341
836, 123.0, 3356
837, 200.0, 3368
838, 200.0, 3373
839, 200.0, 3402
840, 140.0, 3409
841, 44.0, 3422
842, 145.0, 3438
843, 180.0, 3445
844, 131.0, 3453
845, 200.0, 3469
846, 121.0, 3474
847, 159.0, 3480
848, 101.0, 3484
849, 101.0, 3489
850, 179.0, 3498
851, 199.0, 3502
852, 200.0, 3515
853, 160.0, 3540
854, 176.0, 3580
855, 147.0, 3584
856, 177.0, 3587
857, 164.0, 3606
858, 25.0, 3616
859, 200.0, 3619
860, 200.0, 3625
861, 26.0, 3635
862, 92.0, 3642
863, 200.0, 3646
864, 29.0, 3650
865, 132.0, 3659
866, 142.0, 3676
867, 178.0, 3708
868, 200.0, 3727
869, 187.0, 3734
870, 93.0, 3757
871, 200.0, 3782
872, 145.0, 3798
873, 169.0, 3819
874, 144.0, 3849
875, 200.0, 3856
876, 127.0, 3875
877, 148.0, 3906
878, 200.0, 3933
879, 200.0, 3937
880, 190.0, 3959
881, 196.0, 3967
882, 153.0, 3995
883, 200.0, 4029
884, 174.0, 4069
885, 200.0, 4076
886, 156.0, 4109
887, 154.0, 4141
888, 174.0, 4149
889, 152.0, 4185
890, 199.0, 4210
891, 173.0, 4249
892, 121.0, 4261
893, 138.0, 4266
894, 132.0, 4270
895, 199.0, 4288
896, 200.0, 4312
897, 126.0, 4352
898, 190.0, 4373
899, 200.0, 4407
900, 200.0, 4428
901, 168.0, 4455
902, 179.0, 4489
903, 200.0, 4493
904, 166.0, 4530
905, 191.0, 4568
906, 200.0, 4608
907, 200.0, 4617
908, 182.0, 4641
909, 165.0, 4681
910, 186.0, 4690
911, 200.0, 4718
912, 200.0, 4736
913, 170.0, 4776
914, 200.0, 4785
915, 200.0, 4792
916, 127.0, 4801
917, 160.0, 4822
918, 197.0, 4862
919, 200.0, 4888
920, 200.0, 4919
921, 137.0, 4932
922, 200.0, 4943
923, 162.0, 4946
924, 143.0, 4951
925, 105.0, 4968
926, 170.0, 4983
927, 200.0, 4988
928, 137.0, 5018
929, 132.0, 5038
930, 193.0, 5055
931, 200.0, 5057
932, 114.0, 5065
933, 200.0, 5072
934, 140.0, 5074
935, 200.0, 5090
936, 200.0, 5124
937, 131.0, 5133
938, 167.0, 5136
939, 188.0, 5140
940, 200.0, 5148
941, 140.0, 5188
942, 136.0, 5195
943, 200.0, 5235
944, 200.0, 5264
945, 192.0, 5292
946, 200.0, 5297
947, 148.0, 5335
948, 166.0, 5363
949, 200.0, 5380
950, 200.0, 5420
951, 200.0, 5425
952, 200.0, 5432
953, 200.0, 5440
954, 200.0, 5480
955, 200.0, 5490
956, 122.0, 5530
957, 200.0, 5570
958, 200.0, 5610
959, 167.0, 5614
960, 117.0, 5623
961, 123.0, 5646
962, 200.0, 5670
963, 200.0, 5675
964, 200.0, 5708
965, 200.0, 5748
966, 115.0, 5766
967, 166.0, 5775
968, 180.0, 5812
969, 130.0, 5821
970, 175.0, 5861
971, 176.0, 5864
972, 200.0, 5899
973, 200.0, 5902
974, 200.0, 5941
975, 200.0, 5977
976, 186.0, 5984
977, 160.0, 6014
978, 200.0, 6032
979, 153.0, 6058
980, 130.0, 6089
981, 200.0, 6099
982, 184.0, 6112
983, 167.0, 6127
984, 158.0, 6130
985, 120.0, 6150
986, 200.0, 6156
987, 200.0, 6162
988, 159.0, 6173
989, 200.0, 6176
990, 132.0, 6182
991, 200.0, 6218
992, 200.0, 6220
993, 137.0, 6232
994, 23.0, 6236
995, 200.0, 6247
996, 171.0, 6256
997, 172.0, 6258
998, 200.0, 6269
999, 200.0, 6282
