2021-06-21 15:48:46.677988: I tensorflow/stream_executor/platform/default/dso_loader.cc:49] Successfully opened dynamic library libcudart.so.11.0
2021-06-21 15:48:48.763584: I tensorflow/compiler/jit/xla_cpu_device.cc:41] Not creating XLA devices, tf_xla_enable_xla_devices not set
2021-06-21 15:48:48.764549: I tensorflow/stream_executor/platform/default/dso_loader.cc:49] Successfully opened dynamic library libcuda.so.1
2021-06-21 15:48:48.770306: I tensorflow/stream_executor/cuda/cuda_gpu_executor.cc:941] successful NUMA node read from SysFS had negative value (-1), but there must be at least one NUMA node, so returning NUMA node zero
2021-06-21 15:48:48.770670: I tensorflow/core/common_runtime/gpu/gpu_device.cc:1720] Found device 0 with properties: 
pciBusID: 0000:00:04.0 name: Tesla K80 computeCapability: 3.7
coreClock: 0.8235GHz coreCount: 13 deviceMemorySize: 11.17GiB deviceMemoryBandwidth: 223.96GiB/s
2021-06-21 15:48:48.770699: I tensorflow/stream_executor/platform/default/dso_loader.cc:49] Successfully opened dynamic library libcudart.so.11.0
2021-06-21 15:48:48.773624: I tensorflow/stream_executor/platform/default/dso_loader.cc:49] Successfully opened dynamic library libcublas.so.11
2021-06-21 15:48:48.773700: I tensorflow/stream_executor/platform/default/dso_loader.cc:49] Successfully opened dynamic library libcublasLt.so.11
2021-06-21 15:48:48.775034: I tensorflow/stream_executor/platform/default/dso_loader.cc:49] Successfully opened dynamic library libcufft.so.10
2021-06-21 15:48:48.775351: I tensorflow/stream_executor/platform/default/dso_loader.cc:49] Successfully opened dynamic library libcurand.so.10
2021-06-21 15:48:48.778726: I tensorflow/stream_executor/platform/default/dso_loader.cc:49] Successfully opened dynamic library libcusolver.so.10
2021-06-21 15:48:48.779566: I tensorflow/stream_executor/platform/default/dso_loader.cc:49] Successfully opened dynamic library libcusparse.so.11
2021-06-21 15:48:48.779788: I tensorflow/stream_executor/platform/default/dso_loader.cc:49] Successfully opened dynamic library libcudnn.so.8
2021-06-21 15:48:48.779887: I tensorflow/stream_executor/cuda/cuda_gpu_executor.cc:941] successful NUMA node read from SysFS had negative value (-1), but there must be at least one NUMA node, so returning NUMA node zero
2021-06-21 15:48:48.780311: I tensorflow/stream_executor/cuda/cuda_gpu_executor.cc:941] successful NUMA node read from SysFS had negative value (-1), but there must be at least one NUMA node, so returning NUMA node zero
2021-06-21 15:48:48.780648: I tensorflow/core/common_runtime/gpu/gpu_device.cc:1862] Adding visible gpu devices: 0
2021-06-21 15:48:48.780864: I tensorflow/core/platform/cpu_feature_guard.cc:142] This TensorFlow binary is optimized with oneAPI Deep Neural Network Library (oneDNN) to use the following CPU instructions in performance-critical operations:  AVX2 FMA
To enable them in other operations, rebuild TensorFlow with the appropriate compiler flags.
2021-06-21 15:48:48.781537: I tensorflow/compiler/jit/xla_gpu_device.cc:99] Not creating XLA devices, tf_xla_enable_xla_devices not set
2021-06-21 15:48:48.781692: I tensorflow/stream_executor/cuda/cuda_gpu_executor.cc:941] successful NUMA node read from SysFS had negative value (-1), but there must be at least one NUMA node, so returning NUMA node zero
2021-06-21 15:48:48.782023: I tensorflow/core/common_runtime/gpu/gpu_device.cc:1720] Found device 0 with properties: 
pciBusID: 0000:00:04.0 name: Tesla K80 computeCapability: 3.7
coreClock: 0.8235GHz coreCount: 13 deviceMemorySize: 11.17GiB deviceMemoryBandwidth: 223.96GiB/s
2021-06-21 15:48:48.782052: I tensorflow/stream_executor/platform/default/dso_loader.cc:49] Successfully opened dynamic library libcudart.so.11.0
2021-06-21 15:48:48.782077: I tensorflow/stream_executor/platform/default/dso_loader.cc:49] Successfully opened dynamic library libcublas.so.11
2021-06-21 15:48:48.782100: I tensorflow/stream_executor/platform/default/dso_loader.cc:49] Successfully opened dynamic library libcublasLt.so.11
2021-06-21 15:48:48.782121: I tensorflow/stream_executor/platform/default/dso_loader.cc:49] Successfully opened dynamic library libcufft.so.10
2021-06-21 15:48:48.782155: I tensorflow/stream_executor/platform/default/dso_loader.cc:49] Successfully opened dynamic library libcurand.so.10
2021-06-21 15:48:48.782176: I tensorflow/stream_executor/platform/default/dso_loader.cc:49] Successfully opened dynamic library libcusolver.so.10
2021-06-21 15:48:48.782197: I tensorflow/stream_executor/platform/default/dso_loader.cc:49] Successfully opened dynamic library libcusparse.so.11
2021-06-21 15:48:48.782217: I tensorflow/stream_executor/platform/default/dso_loader.cc:49] Successfully opened dynamic library libcudnn.so.8
2021-06-21 15:48:48.782290: I tensorflow/stream_executor/cuda/cuda_gpu_executor.cc:941] successful NUMA node read from SysFS had negative value (-1), but there must be at least one NUMA node, so returning NUMA node zero
2021-06-21 15:48:48.782682: I tensorflow/stream_executor/cuda/cuda_gpu_executor.cc:941] successful NUMA node read from SysFS had negative value (-1), but there must be at least one NUMA node, so returning NUMA node zero
2021-06-21 15:48:48.782981: I tensorflow/core/common_runtime/gpu/gpu_device.cc:1862] Adding visible gpu devices: 0
2021-06-21 15:48:48.783023: I tensorflow/stream_executor/platform/default/dso_loader.cc:49] Successfully opened dynamic library libcudart.so.11.0
2021-06-21 15:48:49.299011: I tensorflow/core/common_runtime/gpu/gpu_device.cc:1261] Device interconnect StreamExecutor with strength 1 edge matrix:
2021-06-21 15:48:49.299064: I tensorflow/core/common_runtime/gpu/gpu_device.cc:1267]      0 
2021-06-21 15:48:49.299074: I tensorflow/core/common_runtime/gpu/gpu_device.cc:1280] 0:   N 
2021-06-21 15:48:49.299427: I tensorflow/stream_executor/cuda/cuda_gpu_executor.cc:941] successful NUMA node read from SysFS had negative value (-1), but there must be at least one NUMA node, so returning NUMA node zero
2021-06-21 15:48:49.299862: I tensorflow/stream_executor/cuda/cuda_gpu_executor.cc:941] successful NUMA node read from SysFS had negative value (-1), but there must be at least one NUMA node, so returning NUMA node zero
2021-06-21 15:48:49.300234: I tensorflow/stream_executor/cuda/cuda_gpu_executor.cc:941] successful NUMA node read from SysFS had negative value (-1), but there must be at least one NUMA node, so returning NUMA node zero
2021-06-21 15:48:49.300686: I tensorflow/core/common_runtime/gpu/gpu_device.cc:1406] Created TensorFlow device (/job:localhost/replica:0/task:0/device:GPU:0 with 284 MB memory) -> physical GPU (device: 0, name: Tesla K80, pci bus id: 0000:00:04.0, compute capability: 3.7)
2021-06-21 15:48:49.378496: I tensorflow/compiler/mlir/mlir_graph_optimization_pass.cc:116] None of the MLIR optimization passes are enabled (registered 2)
2021-06-21 15:48:49.378945: I tensorflow/core/platform/profile_utils/cpu_utils.cc:112] CPU Frequency: 2199995000 Hz
2021-06-21 15:48:49.457284: I tensorflow/stream_executor/platform/default/dso_loader.cc:49] Successfully opened dynamic library libcublas.so.11
2021-06-21 15:48:49.717171: I tensorflow/stream_executor/platform/default/dso_loader.cc:49] Successfully opened dynamic library libcublasLt.so.11
0, 58.0, 0
1, 42.0, 0
2, 77.0, 0
3, 64.0, 0
4, 72.0, 0
5, 175.0, 0
6, 63.0, 0
7, 171.0, 0
8, 97.0, 0
9, 48.0, 0
10, 72.0, 0
11, 200.0, 0
12, 105.0, 0
13, 146.0, 0
14, 40.0, 0
15, 77.0, 0
16, 37.0, 5
17, 33.0, 18
18, 36.0, 24
19, 40.0, 34
20, 35.0, 43
21, 83.0, 47
22, 39.0, 62
23, 71.0, 68
24, 120.0, 80
25, 200.0, 99
26, 200.0, 104
27, 200.0, 129
28, 200.0, 169
29, 200.0, 183
30, 200.0, 204
31, 200.0, 216
32, 200.0, 236
33, 200.0, 243
34, 200.0, 283
35, 200.0, 295
36, 172.0, 322
37, 200.0, 333
38, 200.0, 357
39, 200.0, 379
40, 200.0, 392
41, 176.0, 430
42, 200.0, 450
43, 200.0, 484
44, 182.0, 504
45, 200.0, 507
46, 141.0, 540
47, 200.0, 572
48, 200.0, 612
49, 200.0, 646
50, 174.0, 654
51, 200.0, 678
52, 197.0, 710
53, 174.0, 741
54, 174.0, 762
55, 175.0, 776
56, 191.0, 784
57, 187.0, 820
58, 151.0, 837
59, 194.0, 872
60, 145.0, 878
61, 166.0, 912
62, 175.0, 944
63, 158.0, 965
64, 200.0, 986
65, 199.0, 1013
66, 154.0, 1027
67, 161.0, 1035
68, 148.0, 1054
69, 167.0, 1070
70, 157.0, 1092
71, 148.0, 1107
72, 165.0, 1113
73, 183.0, 1127
74, 161.0, 1167
75, 200.0, 1173
76, 200.0, 1200
77, 200.0, 1219
78, 120.0, 1227
79, 11.0, 1244
80, 200.0, 1259
81, 200.0, 1269
82, 177.0, 1296
83, 169.0, 1301
84, 115.0, 1326
85, 124.0, 1328
86, 119.0, 1338
87, 195.0, 1363
88, 200.0, 1403
89, 200.0, 1413
90, 187.0, 1417
91, 200.0, 1424
92, 170.0, 1454
93, 200.0, 1475
94, 194.0, 1487
95, 200.0, 1493
96, 130.0, 1524
97, 162.0, 1564
98, 153.0, 1588
99, 194.0, 1603
100, 200.0, 1616
101, 133.0, 1629
102, 127.0, 1633
103, 200.0, 1658
104, 200.0, 1674
105, 165.0, 1687
106, 182.0, 1720
107, 149.0, 1748
108, 145.0, 1753
109, 200.0, 1762
110, 149.0, 1802
111, 140.0, 1824
112, 139.0, 1833
113, 162.0, 1866
114, 159.0, 1874
115, 122.0, 1892
116, 136.0, 1916
117, 200.0, 1927
118, 160.0, 1941
119, 188.0, 1957
120, 120.0, 1976
121, 200.0, 2016
122, 112.0, 2051
123, 165.0, 2083
124, 122.0, 2102
125, 200.0, 2125
126, 123.0, 2130
127, 117.0, 2132
128, 152.0, 2141
129, 130.0, 2145
130, 107.0, 2148
131, 121.0, 2164
132, 176.0, 2182
133, 145.0, 2190
134, 114.0, 2213
135, 135.0, 2235
136, 113.0, 2251
137, 113.0, 2254
138, 195.0, 2272
139, 136.0, 2283
140, 110.0, 2288
141, 118.0, 2297
142, 108.0, 2335
143, 124.0, 2337
144, 109.0, 2349
145, 122.0, 2371
146, 107.0, 2374
147, 200.0, 2380
148, 188.0, 2390
149, 193.0, 2420
150, 200.0, 2426
151, 96.0, 2466
152, 200.0, 2482
153, 200.0, 2491
154, 200.0, 2499
155, 196.0, 2534
156, 109.0, 2554
157, 105.0, 2581
158, 200.0, 2605
159, 135.0, 2630
160, 115.0, 2643
161, 193.0, 2647
162, 160.0, 2657
163, 111.0, 2662
164, 117.0, 2685
165, 111.0, 2688
166, 135.0, 2691
167, 140.0, 2694
168, 155.0, 2699
169, 111.0, 2703
170, 127.0, 2723
171, 184.0, 2741
172, 116.0, 2772
173, 121.0, 2776
174, 104.0, 2779
175, 136.0, 2789
176, 158.0, 2810
177, 156.0, 2817
178, 166.0, 2827
179, 137.0, 2856
180, 200.0, 2896
181, 200.0, 2927
182, 117.0, 2952
183, 116.0, 2962
184, 134.0, 2988
185, 200.0, 3015
186, 164.0, 3043
187, 200.0, 3059
188, 147.0, 3078
189, 198.0, 3087
190, 115.0, 3091
191, 149.0, 3109
192, 138.0, 3136
193, 182.0, 3140
194, 187.0, 3144
195, 173.0, 3173
196, 200.0, 3202
197, 129.0, 3239
198, 129.0, 3241
199, 145.0, 3278
200, 128.0, 3318
201, 166.0, 3329
202, 193.0, 3356
203, 139.0, 3363
204, 123.0, 3367
205, 126.0, 3397
206, 127.0, 3428
207, 192.0, 3434
208, 200.0, 3439
209, 200.0, 3463
210, 200.0, 3469
211, 147.0, 3473
212, 151.0, 3477
213, 162.0, 3480
214, 200.0, 3484
215, 198.0, 3492
216, 143.0, 3521
217, 126.0, 3539
218, 193.0, 3562
219, 130.0, 3571
220, 160.0, 3593
221, 200.0, 3601
222, 200.0, 3613
223, 182.0, 3653
224, 145.0, 3662
225, 133.0, 3689
226, 148.0, 3693
227, 139.0, 3696
228, 122.0, 3727
229, 134.0, 3730
230, 139.0, 3732
231, 153.0, 3742
232, 175.0, 3782
233, 200.0, 3787
234, 34.0, 3798
235, 33.0, 3809
236, 200.0, 3812
237, 116.0, 3852
238, 164.0, 3881
239, 120.0, 3894
240, 200.0, 3896
241, 154.0, 3905
242, 200.0, 3908
243, 200.0, 3917
244, 164.0, 3957
245, 185.0, 3961
246, 200.0, 3967
247, 185.0, 3972
248, 172.0, 3986
249, 177.0, 3990
250, 125.0, 4027
251, 187.0, 4034
252, 161.0, 4039
253, 121.0, 4057
254, 200.0, 4064
255, 200.0, 4067
256, 158.0, 4107
257, 178.0, 4143
258, 200.0, 4147
259, 200.0, 4151
260, 165.0, 4155
261, 200.0, 4167
262, 200.0, 4202
263, 200.0, 4211
264, 133.0, 4227
265, 171.0, 4246
266, 200.0, 4257
267, 200.0, 4259
268, 28.0, 4295
269, 200.0, 4303
270, 200.0, 4306
271, 200.0, 4328
272, 200.0, 4330
273, 200.0, 4334
274, 200.0, 4339
275, 108.0, 4367
276, 200.0, 4378
277, 200.0, 4381
278, 34.0, 4387
279, 108.0, 4396
280, 200.0, 4415
281, 136.0, 4455
282, 145.0, 4457
283, 114.0, 4466
284, 160.0, 4496
285, 44.0, 4527
286, 47.0, 4531
287, 145.0, 4533
288, 130.0, 4535
289, 200.0, 4539
290, 200.0, 4548
291, 200.0, 4575
292, 200.0, 4594
293, 161.0, 4619
294, 198.0, 4625
295, 104.0, 4638
296, 200.0, 4647
297, 162.0, 4649
298, 195.0, 4677
299, 118.0, 4703
300, 153.0, 4711
301, 153.0, 4714
302, 158.0, 4727
303, 110.0, 4730
304, 125.0, 4732
305, 108.0, 4736
306, 114.0, 4741
307, 200.0, 4771
308, 94.0, 4795
309, 124.0, 4800
310, 121.0, 4818
311, 145.0, 4821
312, 128.0, 4823
313, 125.0, 4851
314, 164.0, 4855
315, 39.0, 4874
316, 145.0, 4876
317, 107.0, 4890
318, 120.0, 4894
319, 200.0, 4898
320, 113.0, 4901
321, 171.0, 4905
322, 103.0, 4909
323, 46.0, 4923
324, 146.0, 4930
325, 200.0, 4937
326, 157.0, 4948
327, 90.0, 4960
328, 113.0, 4970
329, 88.0, 5002
330, 121.0, 5005
331, 172.0, 5012
332, 123.0, 5052
333, 128.0, 5062
334, 117.0, 5070
335, 103.0, 5104
336, 200.0, 5107
337, 200.0, 5110
338, 147.0, 5112
339, 186.0, 5115
340, 138.0, 5118
341, 58.0, 5135
342, 63.0, 5142
343, 157.0, 5145
344, 142.0, 5164
345, 150.0, 5175
346, 200.0, 5178
347, 200.0, 5182
348, 130.0, 5185
349, 115.0, 5198
350, 118.0, 5202
351, 93.0, 5212
352, 200.0, 5217
353, 200.0, 5245
354, 162.0, 5265
355, 158.0, 5288
356, 192.0, 5303
357, 124.0, 5306
358, 157.0, 5310
359, 200.0, 5324
360, 200.0, 5326
361, 125.0, 5342
362, 148.0, 5345
363, 163.0, 5348
364, 188.0, 5377
365, 125.0, 5416
366, 121.0, 5418
367, 141.0, 5422
368, 200.0, 5431
369, 150.0, 5450
370, 142.0, 5455
371, 140.0, 5458
372, 142.0, 5495
373, 145.0, 5501
374, 200.0, 5516
375, 200.0, 5520
376, 128.0, 5525
377, 154.0, 5540
378, 161.0, 5579
379, 118.0, 5581
380, 187.0, 5583
381, 173.0, 5586
382, 200.0, 5607
383, 163.0, 5634
384, 192.0, 5644
385, 155.0, 5670
386, 126.0, 5675
387, 148.0, 5679
388, 200.0, 5685
389, 122.0, 5718
390, 200.0, 5720
391, 200.0, 5739
392, 13.0, 5741
393, 59.0, 5760
394, 200.0, 5763
395, 132.0, 5767
396, 200.0, 5807
397, 113.0, 5811
398, 126.0, 5838
399, 107.0, 5843
400, 131.0, 5846
401, 126.0, 5848
402, 200.0, 5851
403, 200.0, 5877
404, 136.0, 5906
405, 200.0, 5908
406, 116.0, 5915
407, 152.0, 5926
408, 200.0, 5939
409, 200.0, 5968
410, 130.0, 5980
411, 150.0, 5984
412, 29.0, 6011
413, 115.0, 6014
414, 200.0, 6016
415, 200.0, 6040
416, 144.0, 6057
417, 154.0, 6066
418, 200.0, 6094
419, 101.0, 6121
420, 106.0, 6123
421, 105.0, 6163
422, 145.0, 6169
423, 113.0, 6190
424, 179.0, 6207
425, 109.0, 6217
426, 132.0, 6233
427, 109.0, 6259
428, 108.0, 6272
429, 107.0, 6274
430, 131.0, 6277
431, 114.0, 6307
432, 113.0, 6334
433, 122.0, 6368
434, 121.0, 6374
435, 132.0, 6404
436, 111.0, 6431
437, 130.0, 6445
438, 163.0, 6454
439, 64.0, 6468
440, 135.0, 6502
441, 102.0, 6507
442, 200.0, 6511
443, 122.0, 6521
444, 35.0, 6542
445, 200.0, 6551
446, 107.0, 6574
447, 140.0, 6581
448, 137.0, 6609
449, 108.0, 6611
450, 200.0, 6642
451, 200.0, 6652
452, 200.0, 6654
453, 114.0, 6694
454, 110.0, 6717
455, 200.0, 6729
456, 134.0, 6766
457, 115.0, 6774
458, 27.0, 6782
459, 12.0, 6785
460, 120.0, 6789
461, 200.0, 6792
462, 200.0, 6795
463, 107.0, 6823
464, 108.0, 6826
465, 95.0, 6839
466, 200.0, 6851
467, 182.0, 6857
468, 119.0, 6881
469, 121.0, 6895
470, 167.0, 6899
471, 115.0, 6916
472, 114.0, 6922
473, 122.0, 6928
474, 159.0, 6932
475, 200.0, 6948
476, 100.0, 6953
477, 200.0, 6959
478, 104.0, 6966
479, 100.0, 6973
480, 116.0, 6994
481, 107.0, 7002
482, 102.0, 7009
483, 102.0, 7016
484, 200.0, 7056
485, 200.0, 7071
486, 200.0, 7081
487, 118.0, 7121
488, 117.0, 7124
489, 108.0, 7126
490, 109.0, 7131
491, 200.0, 7171
492, 164.0, 7199
493, 104.0, 7214
494, 101.0, 7224
495, 200.0, 7240
496, 125.0, 7262
497, 132.0, 7274
498, 200.0, 7276
499, 200.0, 7302
500, 131.0, 7340
501, 200.0, 7342
502, 127.0, 7348
503, 200.0, 7388
504, 78.0, 7397
505, 107.0, 7399
506, 116.0, 7413
507, 200.0, 7428
508, 72.0, 7441
509, 110.0, 7444
510, 106.0, 7469
511, 160.0, 7472
512, 104.0, 7475
513, 98.0, 7479
514, 200.0, 7483
515, 176.0, 7523
516, 115.0, 7546
517, 123.0, 7550
518, 133.0, 7561
519, 84.0, 7565
520, 126.0, 7569
521, 93.0, 7575
522, 129.0, 7598
523, 96.0, 7638
524, 103.0, 7657
525, 101.0, 7660
526, 200.0, 7692
527, 108.0, 7717
528, 117.0, 7722
529, 103.0, 7726
530, 178.0, 7749
531, 96.0, 7781
532, 92.0, 7790
533, 103.0, 7797
534, 103.0, 7799
535, 104.0, 7811
536, 133.0, 7828
537, 167.0, 7855
538, 200.0, 7869
539, 178.0, 7871
540, 200.0, 7873
541, 143.0, 7880
542, 200.0, 7899
543, 200.0, 7904
544, 187.0, 7944
545, 146.0, 7972
546, 190.0, 7978
547, 200.0, 7987
548, 123.0, 8016
549, 162.0, 8019
550, 144.0, 8048
551, 152.0, 8052
552, 88.0, 8066
553, 94.0, 8070
554, 103.0, 8083
555, 108.0, 8089
556, 142.0, 8110
557, 200.0, 8145
558, 200.0, 8185
559, 132.0, 8193
560, 200.0, 8199
561, 152.0, 8216
562, 190.0, 8245
563, 97.0, 8253
564, 173.0, 8261
565, 143.0, 8289
566, 129.0, 8319
567, 105.0, 8324
568, 180.0, 8331
569, 145.0, 8336
570, 200.0, 8340
571, 91.0, 8367
572, 134.0, 8373
573, 108.0, 8397
574, 189.0, 8432
575, 170.0, 8437
576, 173.0, 8443
577, 200.0, 8453
578, 113.0, 8458
579, 200.0, 8498
580, 126.0, 8538
581, 124.0, 8551
582, 96.0, 8572
583, 140.0, 8597
584, 136.0, 8604
585, 96.0, 8610
586, 105.0, 8613
587, 129.0, 8617
588, 129.0, 8626
589, 104.0, 8645
590, 127.0, 8674
591, 116.0, 8680
592, 98.0, 8702
593, 200.0, 8726
594, 200.0, 8766
595, 148.0, 8806
596, 106.0, 8809
597, 200.0, 8811
598, 38.0, 8851
599, 131.0, 8891
600, 102.0, 8914
601, 102.0, 8920
602, 118.0, 8960
603, 184.0, 8989
604, 144.0, 8994
605, 200.0, 9020
606, 200.0, 9060
607, 200.0, 9095
608, 123.0, 9114
609, 200.0, 9135
610, 105.0, 9175
611, 200.0, 9206
612, 124.0, 9242
613, 178.0, 9282
614, 200.0, 9308
615, 135.0, 9311
616, 200.0, 9330
617, 103.0, 9337
618, 200.0, 9345
619, 105.0, 9385
620, 104.0, 9400
621, 105.0, 9402
622, 130.0, 9433
623, 131.0, 9439
624, 141.0, 9448
625, 112.0, 9451
626, 125.0, 9475
627, 200.0, 9503
628, 200.0, 9543
629, 178.0, 9546
630, 127.0, 9558
631, 133.0, 9567
632, 150.0, 9602
633, 148.0, 9605
634, 161.0, 9607
635, 152.0, 9626
636, 169.0, 9650
637, 101.0, 9663
638, 119.0, 9666
639, 200.0, 9706
640, 132.0, 9728
641, 200.0, 9768
642, 56.0, 9784
643, 137.0, 9823
644, 185.0, 9826
645, 200.0, 9836
646, 104.0, 9876
647, 200.0, 9900
648, 200.0, 9911
649, 160.0, 9919
650, 133.0, 9929
651, 95.0, 9953
652, 118.0, 9981
653, 109.0, 9991
654, 171.0, 10014
655, 126.0, 10022
656, 170.0, 10026
657, 82.0, 10030
658, 158.0, 10056
659, 109.0, 10070
660, 96.0, 10084
661, 200.0, 10105
662, 172.0, 10124
663, 179.0, 10140
664, 153.0, 10168
665, 97.0, 10203
666, 200.0, 10206
667, 101.0, 10233
668, 105.0, 10241
669, 200.0, 10245
670, 175.0, 10284
671, 200.0, 10293
672, 200.0, 10333
673, 200.0, 10373
674, 117.0, 10413
675, 200.0, 10417
676, 124.0, 10430
677, 200.0, 10434
678, 103.0, 10444
679, 111.0, 10484
680, 200.0, 10490
681, 94.0, 10492
682, 99.0, 10502
683, 200.0, 10506
684, 104.0, 10514
685, 123.0, 10554
686, 132.0, 10594
687, 119.0, 10603
688, 115.0, 10610
689, 103.0, 10631
690, 200.0, 10671
691, 152.0, 10677
692, 104.0, 10680
693, 112.0, 10686
694, 169.0, 10726
695, 173.0, 10734
696, 68.0, 10743
697, 180.0, 10764
698, 94.0, 10788
699, 193.0, 10800
700, 92.0, 10804
701, 146.0, 10824
702, 150.0, 10831
703, 95.0, 10871
704, 153.0, 10891
705, 160.0, 10899
706, 151.0, 10927
707, 122.0, 10958
708, 188.0, 10998
709, 104.0, 11038
710, 128.0, 11078
711, 96.0, 11084
712, 200.0, 11099
713, 92.0, 11119
714, 102.0, 11128
715, 132.0, 11142
716, 164.0, 11160
717, 104.0, 11193
718, 200.0, 11196
719, 94.0, 11202
720, 189.0, 11234
721, 99.0, 11241
722, 196.0, 11256
723, 133.0, 11296
724, 120.0, 11298
725, 149.0, 11302
726, 110.0, 11322
727, 139.0, 11328
728, 98.0, 11359
729, 100.0, 11362
730, 136.0, 11389
731, 94.0, 11394
732, 140.0, 11405
733, 200.0, 11445
734, 122.0, 11457
735, 116.0, 11478
736, 96.0, 11518
737, 103.0, 11554
738, 101.0, 11573
739, 100.0, 11578
740, 95.0, 11589
741, 105.0, 11601
742, 103.0, 11604
743, 200.0, 11606
744, 105.0, 11608
745, 200.0, 11628
746, 99.0, 11635
747, 107.0, 11648
748, 99.0, 11686
749, 99.0, 11707
750, 100.0, 11747
751, 92.0, 11752
752, 99.0, 11774
753, 101.0, 11812
754, 200.0, 11845
755, 111.0, 11848
756, 94.0, 11870
757, 177.0, 11898
758, 95.0, 11903
759, 89.0, 11906
760, 92.0, 11913
761, 96.0, 11931
762, 117.0, 11955
763, 91.0, 11979
764, 101.0, 11981
765, 110.0, 11988
766, 112.0, 12008
767, 132.0, 12011
768, 115.0, 12031
769, 92.0, 12037
770, 88.0, 12048
771, 123.0, 12050
772, 99.0, 12053
773, 93.0, 12073
774, 121.0, 12076
775, 97.0, 12084
776, 137.0, 12115
777, 95.0, 12129
778, 171.0, 12151
779, 109.0, 12191
780, 101.0, 12194
781, 98.0, 12209
782, 129.0, 12213
783, 140.0, 12215
784, 200.0, 12217
785, 161.0, 12220
786, 143.0, 12232
787, 93.0, 12260
788, 197.0, 12299
789, 200.0, 12306
790, 146.0, 12339
791, 100.0, 12363
792, 144.0, 12376
793, 129.0, 12405
794, 133.0, 12408
795, 94.0, 12448
796, 100.0, 12461
797, 117.0, 12482
798, 200.0, 12508
799, 101.0, 12533
800, 109.0, 12560
801, 106.0, 12564
802, 109.0, 12573
803, 95.0, 12576
804, 92.0, 12601
805, 174.0, 12641
806, 136.0, 12667
807, 42.0, 12673
808, 112.0, 12710
809, 117.0, 12750
810, 104.0, 12769
811, 100.0, 12792
812, 200.0, 12828
813, 122.0, 12851
814, 134.0, 12858
815, 105.0, 12882
816, 147.0, 12889
817, 153.0, 12912
818, 200.0, 12928
819, 99.0, 12933
820, 100.0, 12973
821, 93.0, 13004
822, 142.0, 13037
823, 121.0, 13066
824, 121.0, 13099
825, 200.0, 13121
826, 200.0, 13132
827, 119.0, 13149
828, 111.0, 13151
829, 200.0, 13172
830, 200.0, 13193
831, 92.0, 13233
832, 96.0, 13238
833, 93.0, 13247
834, 106.0, 13267
835, 97.0, 13277
836, 107.0, 13303
837, 149.0, 13327
838, 97.0, 13343
839, 103.0, 13363
840, 153.0, 13388
841, 137.0, 13391
842, 144.0, 13431
843, 117.0, 13438
844, 121.0, 13475
845, 132.0, 13499
846, 160.0, 13503
847, 100.0, 13536
848, 95.0, 13563
849, 136.0, 13565
850, 90.0, 13595
851, 121.0, 13613
852, 108.0, 13643
853, 115.0, 13647
854, 98.0, 13658
855, 92.0, 13677
856, 99.0, 13699
857, 111.0, 13723
858, 114.0, 13744
859, 96.0, 13759
860, 125.0, 13761
861, 113.0, 13768
862, 102.0, 13799
863, 96.0, 13821
864, 119.0, 13846
865, 118.0, 13855
866, 200.0, 13860
867, 122.0, 13900
868, 141.0, 13905
869, 200.0, 13930
870, 103.0, 13955
871, 102.0, 13962
872, 123.0, 13964
873, 113.0, 13975
874, 147.0, 14015
875, 200.0, 14025
876, 200.0, 14028
877, 160.0, 14050
878, 104.0, 14073
879, 123.0, 14098
880, 200.0, 14122
881, 142.0, 14146
882, 177.0, 14182
883, 127.0, 14214
884, 106.0, 14238
885, 105.0, 14276
886, 152.0, 14281
887, 94.0, 14321
888, 100.0, 14327
889, 129.0, 14330
890, 95.0, 14349
891, 125.0, 14373
892, 100.0, 14403
893, 110.0, 14428
894, 115.0, 14438
895, 113.0, 14478
896, 120.0, 14492
897, 200.0, 14519
898, 96.0, 14522
899, 200.0, 14524
900, 143.0, 14555
901, 155.0, 14595
902, 124.0, 14605
903, 200.0, 14615
904, 136.0, 14649
905, 12.0, 14684
906, 12.0, 14685
907, 126.0, 14687
908, 12.0, 14690
909, 143.0, 14730
910, 185.0, 14739
911, 127.0, 14748
912, 106.0, 14778
913, 200.0, 14803
914, 162.0, 14834
915, 176.0, 14856
916, 119.0, 14889
917, 151.0, 14900
918, 102.0, 14923
919, 151.0, 14948
920, 95.0, 14971
921, 200.0, 14992
922, 89.0, 15032
923, 193.0, 15072
924, 98.0, 15112
925, 94.0, 15114
926, 120.0, 15135
927, 135.0, 15147
928, 200.0, 15167
929, 200.0, 15207
930, 112.0, 15215
931, 96.0, 15239
932, 91.0, 15257
933, 112.0, 15276
934, 200.0, 15297
935, 145.0, 15321
936, 107.0, 15358
937, 200.0, 15366
938, 110.0, 15372
939, 107.0, 15385
940, 200.0, 15407
941, 107.0, 15447
942, 200.0, 15472
943, 102.0, 15491
944, 135.0, 15531
945, 96.0, 15545
946, 123.0, 15583
947, 121.0, 15605
948, 103.0, 15637
949, 125.0, 15659
950, 180.0, 15684
951, 127.0, 15696
952, 120.0, 15727
953, 113.0, 15762
954, 94.0, 15784
955, 105.0, 15805
956, 103.0, 15826
957, 116.0, 15853
958, 90.0, 15893
959, 119.0, 15913
960, 100.0, 15941
961, 106.0, 15964
962, 128.0, 15969
963, 115.0, 15994
964, 136.0, 16000
965, 120.0, 16029
966, 179.0, 16069
967, 200.0, 16109
968, 105.0, 16140
969, 124.0, 16169
970, 135.0, 16194
971, 118.0, 16208
972, 200.0, 16248
973, 105.0, 16274
974, 107.0, 16302
975, 155.0, 16325
976, 132.0, 16344
977, 98.0, 16375
978, 121.0, 16405
979, 96.0, 16432
980, 111.0, 16457
981, 89.0, 16483
982, 97.0, 16497
983, 200.0, 16525
984, 118.0, 16552
985, 123.0, 16575
986, 142.0, 16615
987, 200.0, 16638
988, 191.0, 16643
989, 173.0, 16645
990, 200.0, 16671
991, 49.0, 16688
992, 91.0, 16728
993, 200.0, 16733
994, 123.0, 16773
995, 184.0, 16813
996, 163.0, 16853
997, 200.0, 16893
998, 114.0, 16921
999, 106.0, 16956
