2021-06-21 15:48:34.053116: W tensorflow/stream_executor/platform/default/dso_loader.cc:64] Could not load dynamic library 'libcudart.so.11.0'; dlerror: libcudart.so.11.0: cannot open shared object file: No such file or directory
2021-06-21 15:48:34.053158: I tensorflow/stream_executor/cuda/cudart_stub.cc:29] Ignore above cudart dlerror if you do not have a GPU set up on your machine.
2021-06-21 15:48:35.124567: W tensorflow/stream_executor/platform/default/dso_loader.cc:64] Could not load dynamic library 'libcuda.so.1'; dlerror: libcuda.so.1: cannot open shared object file: No such file or directory
2021-06-21 15:48:35.124601: W tensorflow/stream_executor/cuda/cuda_driver.cc:326] failed call to cuInit: UNKNOWN ERROR (303)
2021-06-21 15:48:35.124614: I tensorflow/stream_executor/cuda/cuda_diagnostics.cc:156] kernel driver does not appear to be running on this host (instance-1): /proc/driver/nvidia/version does not exist
2021-06-21 15:48:35.124799: I tensorflow/core/platform/cpu_feature_guard.cc:142] This TensorFlow binary is optimized with oneAPI Deep Neural Network Library (oneDNN) to use the following CPU instructions in performance-critical operations:  AVX2 AVX512F FMA
To enable them in other operations, rebuild TensorFlow with the appropriate compiler flags.
2021-06-21 15:48:35.190244: I tensorflow/compiler/mlir/mlir_graph_optimization_pass.cc:176] None of the MLIR Optimization Passes are enabled (registered 2)
2021-06-21 15:48:35.190548: I tensorflow/core/platform/profile_utils/cpu_utils.cc:114] CPU Frequency: 3100270000 Hz
0, 58.0, 0
1, 42.0, 0
2, 77.0, 0
3, 64.0, 0
4, 72.0, 0
5, 175.0, 0
6, 63.0, 0
7, 171.0, 0
8, 97.0, 0
9, 48.0, 0
10, 72.0, 0
11, 200.0, 0
12, 105.0, 0
13, 146.0, 0
14, 40.0, 0
15, 77.0, 0
16, 29.0, 9
17, 78.0, 18
18, 72.0, 25
19, 10.0, 30
20, 20.0, 35
21, 103.0, 38
22, 23.0, 46
23, 8.0, 49
24, 10.0, 53
25, 8.0, 56
26, 71.0, 62
27, 141.0, 77
28, 22.0, 84
29, 10.0, 94
30, 66.0, 97
31, 19.0, 103
32, 63.0, 106
33, 66.0, 117
34, 30.0, 125
35, 82.0, 132
36, 9.0, 139
37, 11.0, 141
38, 54.0, 155
39, 9.0, 162
40, 119.0, 172
41, 112.0, 181
42, 159.0, 205
43, 200.0, 215
44, 8.0, 220
45, 10.0, 222
46, 11.0, 225
47, 200.0, 232
48, 129.0, 238
49, 157.0, 246
50, 154.0, 255
51, 200.0, 274
52, 97.0, 295
53, 187.0, 314
54, 21.0, 322
55, 162.0, 328
56, 148.0, 337
57, 102.0, 353
58, 12.0, 380
59, 200.0, 396
60, 200.0, 400
61, 109.0, 419
62, 145.0, 446
63, 200.0, 456
64, 101.0, 486
65, 139.0, 503
66, 111.0, 539
67, 10.0, 544
68, 200.0, 565
69, 136.0, 571
70, 200.0, 576
71, 200.0, 601
72, 188.0, 611
73, 200.0, 622
74, 200.0, 647
75, 182.0, 651
76, 200.0, 655
77, 200.0, 685
78, 200.0, 718
79, 200.0, 734
80, 198.0, 745
81, 139.0, 769
82, 200.0, 784
83, 200.0, 793
84, 190.0, 797
85, 200.0, 837
86, 200.0, 860
87, 109.0, 883
88, 195.0, 909
89, 200.0, 937
90, 105.0, 949
91, 87.0, 967
92, 99.0, 990
93, 172.0, 999
94, 200.0, 1031
95, 200.0, 1069
96, 133.0, 1094
97, 200.0, 1113
98, 200.0, 1151
99, 200.0, 1172
100, 138.0, 1198
101, 189.0, 1218
102, 160.0, 1227
103, 114.0, 1234
104, 138.0, 1274
105, 200.0, 1286
106, 200.0, 1296
107, 50.0, 1302
108, 109.0, 1326
109, 200.0, 1340
110, 97.0, 1349
111, 75.0, 1354
112, 200.0, 1361
113, 200.0, 1373
114, 200.0, 1403
115, 200.0, 1421
116, 200.0, 1424
117, 20.0, 1433
118, 200.0, 1469
119, 200.0, 1489
120, 200.0, 1503
121, 200.0, 1543
122, 200.0, 1569
123, 189.0, 1591
124, 200.0, 1627
125, 64.0, 1640
126, 200.0, 1653
127, 9.0, 1689
128, 200.0, 1705
129, 200.0, 1724
130, 200.0, 1759
131, 200.0, 1767
132, 124.0, 1772
133, 160.0, 1791
134, 200.0, 1799
135, 200.0, 1817
136, 200.0, 1827
137, 200.0, 1837
138, 163.0, 1877
139, 121.0, 1896
140, 200.0, 1907
141, 105.0, 1930
142, 114.0, 1949
143, 200.0, 1960
144, 200.0, 1970
145, 118.0, 1989
146, 122.0, 2011
147, 200.0, 2021
148, 195.0, 2050
149, 200.0, 2068
150, 143.0, 2103
151, 130.0, 2122
152, 167.0, 2142
153, 103.0, 2150
154, 200.0, 2154
155, 135.0, 2173
156, 101.0, 2198
157, 133.0, 2223
158, 99.0, 2244
159, 133.0, 2284
160, 177.0, 2292
161, 93.0, 2327
162, 121.0, 2330
163, 150.0, 2355
164, 189.0, 2370
165, 20.0, 2386
166, 101.0, 2391
167, 27.0, 2393
168, 105.0, 2397
169, 175.0, 2427
170, 200.0, 2460
171, 191.0, 2467
172, 117.0, 2470
173, 200.0, 2477
174, 127.0, 2494
175, 123.0, 2496
176, 98.0, 2523
177, 112.0, 2527
178, 187.0, 2544
179, 156.0, 2584
180, 132.0, 2611
181, 200.0, 2633
182, 197.0, 2638
183, 141.0, 2659
184, 176.0, 2691
185, 133.0, 2721
186, 116.0, 2729
187, 128.0, 2756
188, 129.0, 2782
189, 137.0, 2784
190, 175.0, 2809
191, 200.0, 2814
192, 200.0, 2841
193, 122.0, 2850
194, 200.0, 2860
195, 197.0, 2890
196, 200.0, 2903
197, 200.0, 2910
198, 166.0, 2950
199, 200.0, 2990
200, 139.0, 3019
201, 159.0, 3044
202, 200.0, 3052
203, 200.0, 3072
204, 200.0, 3080
205, 200.0, 3102
206, 172.0, 3142
207, 200.0, 3182
208, 200.0, 3216
209, 200.0, 3256
210, 182.0, 3296
211, 170.0, 3336
212, 191.0, 3348
213, 200.0, 3388
214, 200.0, 3410
215, 200.0, 3450
216, 200.0, 3490
217, 127.0, 3530
218, 146.0, 3556
219, 200.0, 3584
220, 200.0, 3624
221, 200.0, 3664
222, 200.0, 3686
223, 167.0, 3726
224, 200.0, 3766
225, 200.0, 3791
226, 200.0, 3822
227, 200.0, 3844
228, 172.0, 3884
229, 200.0, 3920
230, 200.0, 3929
231, 200.0, 3954
232, 166.0, 3994
233, 162.0, 4027
234, 176.0, 4067
235, 200.0, 4091
236, 200.0, 4131
237, 200.0, 4171
238, 127.0, 4211
239, 200.0, 4251
240, 143.0, 4254
241, 200.0, 4274
242, 162.0, 4314
243, 175.0, 4348
244, 170.0, 4388
245, 200.0, 4394
246, 200.0, 4409
247, 200.0, 4428
248, 200.0, 4452
249, 200.0, 4487
250, 200.0, 4510
251, 200.0, 4547
252, 200.0, 4550
253, 200.0, 4568
254, 200.0, 4589
255, 126.0, 4626
256, 171.0, 4630
257, 188.0, 4665
258, 162.0, 4705
259, 121.0, 4722
260, 183.0, 4762
261, 192.0, 4788
262, 200.0, 4828
263, 133.0, 4868
264, 150.0, 4874
265, 170.0, 4884
266, 130.0, 4920
267, 200.0, 4960
268, 163.0, 4997
269, 200.0, 5026
270, 200.0, 5064
271, 170.0, 5103
272, 200.0, 5122
273, 200.0, 5162
274, 200.0, 5168
275, 181.0, 5188
276, 173.0, 5214
277, 141.0, 5254
278, 133.0, 5257
279, 165.0, 5294
280, 142.0, 5332
281, 196.0, 5358
282, 151.0, 5398
283, 116.0, 5426
284, 169.0, 5451
285, 200.0, 5491
286, 200.0, 5520
287, 68.0, 5560
288, 97.0, 5566
289, 171.0, 5588
290, 102.0, 5607
291, 200.0, 5626
292, 200.0, 5639
293, 94.0, 5672
294, 135.0, 5699
295, 117.0, 5704
296, 164.0, 5732
297, 200.0, 5756
298, 168.0, 5792
299, 179.0, 5831
300, 111.0, 5854
301, 130.0, 5858
302, 200.0, 5889
303, 161.0, 5896
304, 124.0, 5923
305, 122.0, 5927
306, 145.0, 5955
307, 90.0, 5959
308, 102.0, 5963
309, 105.0, 5966
310, 108.0, 5969
311, 200.0, 5979
312, 29.0, 5984
313, 125.0, 6002
314, 200.0, 6042
315, 94.0, 6075
316, 148.0, 6105
317, 21.0, 6145
318, 200.0, 6176
319, 200.0, 6216
320, 196.0, 6256
321, 200.0, 6283
322, 130.0, 6317
323, 200.0, 6355
324, 125.0, 6365
325, 200.0, 6405
326, 200.0, 6445
327, 188.0, 6485
328, 200.0, 6508
329, 68.0, 6542
330, 172.0, 6580
331, 143.0, 6606
332, 143.0, 6637
333, 200.0, 6677
334, 190.0, 6717
335, 122.0, 6750
336, 191.0, 6776
337, 145.0, 6816
338, 169.0, 6856
339, 200.0, 6896
340, 200.0, 6936
341, 109.0, 6957
342, 117.0, 6997
343, 116.0, 7025
344, 155.0, 7051
345, 168.0, 7091
346, 200.0, 7118
347, 200.0, 7158
348, 200.0, 7198
349, 200.0, 7237
350, 128.0, 7254
351, 115.0, 7266
352, 114.0, 7287
353, 126.0, 7301
354, 162.0, 7326
355, 99.0, 7343
356, 200.0, 7350
357, 190.0, 7385
358, 161.0, 7401
359, 180.0, 7414
360, 200.0, 7421
361, 113.0, 7439
362, 158.0, 7459
363, 26.0, 7471
364, 200.0, 7499
365, 200.0, 7539
366, 11.0, 7555
367, 25.0, 7560
368, 200.0, 7591
369, 200.0, 7631
370, 117.0, 7652
371, 118.0, 7668
372, 120.0, 7707
373, 135.0, 7747
374, 109.0, 7782
375, 122.0, 7818
376, 111.0, 7822
377, 10.0, 7839
378, 114.0, 7851
379, 200.0, 7871
380, 121.0, 7903
381, 170.0, 7925
382, 200.0, 7965
383, 159.0, 7997
384, 141.0, 8009
385, 130.0, 8049
386, 200.0, 8070
387, 187.0, 8110
388, 200.0, 8137
389, 175.0, 8177
390, 102.0, 8211
391, 142.0, 8244
392, 105.0, 8273
393, 169.0, 8285
394, 200.0, 8309
395, 113.0, 8334
396, 138.0, 8339
397, 131.0, 8366
398, 113.0, 8380
399, 181.0, 8396
400, 116.0, 8419
401, 200.0, 8427
402, 200.0, 8458
403, 137.0, 8486
404, 200.0, 8505
405, 178.0, 8527
406, 151.0, 8564
407, 128.0, 8569
408, 10.0, 8574
409, 14.0, 8577
410, 12.0, 8579
411, 9.0, 8582
412, 10.0, 8584
413, 89.0, 8586
414, 25.0, 8610
415, 40.0, 8614
416, 103.0, 8623
417, 11.0, 8657
418, 14.0, 8660
419, 93.0, 8667
420, 164.0, 8688
421, 200.0, 8693
422, 27.0, 8707
423, 114.0, 8733
424, 125.0, 8741
425, 156.0, 8748
426, 187.0, 8776
427, 200.0, 8816
428, 135.0, 8851
429, 200.0, 8883
430, 200.0, 8904
431, 200.0, 8927
432, 149.0, 8966
433, 149.0, 8995
434, 155.0, 9029
435, 151.0, 9061
436, 137.0, 9088
437, 142.0, 9115
438, 200.0, 9155
439, 194.0, 9195
440, 123.0, 9227
441, 199.0, 9252
442, 200.0, 9288
443, 105.0, 9318
444, 163.0, 9351
445, 119.0, 9383
446, 120.0, 9415
447, 168.0, 9441
448, 200.0, 9478
449, 167.0, 9507
450, 118.0, 9537
451, 116.0, 9560
452, 170.0, 9585
453, 83.0, 9625
454, 200.0, 9644
455, 117.0, 9669
456, 123.0, 9709
457, 126.0, 9713
458, 128.0, 9751
459, 13.0, 9759
460, 152.0, 9761
461, 143.0, 9791
462, 124.0, 9820
463, 177.0, 9826
464, 162.0, 9865
465, 143.0, 9897
466, 150.0, 9929
467, 147.0, 9959
468, 152.0, 9994
469, 25.0, 10005
470, 37.0, 10013
471, 144.0, 10021
472, 158.0, 10047
473, 147.0, 10082
474, 115.0, 10111
475, 166.0, 10136
476, 109.0, 10162
477, 119.0, 10189
478, 119.0, 10210
479, 28.0, 10237
480, 200.0, 10258
481, 114.0, 10283
482, 179.0, 10323
483, 149.0, 10355
484, 148.0, 10386
485, 156.0, 10394
486, 90.0, 10426
487, 143.0, 10458
488, 157.0, 10492
489, 139.0, 10496
490, 115.0, 10523
491, 152.0, 10547
492, 158.0, 10587
493, 148.0, 10591
494, 100.0, 10617
495, 140.0, 10655
496, 175.0, 10682
497, 120.0, 10705
498, 103.0, 10713
499, 200.0, 10736
500, 200.0, 10762
501, 136.0, 10802
502, 143.0, 10842
503, 107.0, 10868
504, 200.0, 10889
505, 200.0, 10925
506, 200.0, 10937
507, 21.0, 10958
508, 200.0, 10998
509, 140.0, 11028
510, 123.0, 11057
511, 28.0, 11065
512, 27.0, 11070
513, 24.0, 11076
514, 119.0, 11100
515, 200.0, 11128
516, 137.0, 11167
517, 136.0, 11195
518, 200.0, 11224
519, 117.0, 11255
520, 136.0, 11293
521, 119.0, 11333
522, 200.0, 11357
523, 175.0, 11397
524, 200.0, 11431
525, 116.0, 11455
526, 122.0, 11482
527, 144.0, 11506
528, 22.0, 11531
529, 102.0, 11571
530, 110.0, 11573
531, 129.0, 11613
532, 129.0, 11641
533, 150.0, 11670
534, 173.0, 11710
535, 127.0, 11735
536, 175.0, 11775
537, 200.0, 11807
538, 200.0, 11835
539, 129.0, 11875
540, 121.0, 11896
541, 102.0, 11899
542, 118.0, 11927
543, 184.0, 11939
544, 147.0, 11945
545, 200.0, 11970
546, 200.0, 12010
547, 200.0, 12050
548, 118.0, 12075
549, 200.0, 12096
550, 112.0, 12136
551, 200.0, 12157
552, 131.0, 12197
553, 200.0, 12222
554, 131.0, 12250
555, 146.0, 12277
556, 128.0, 12301
557, 200.0, 12336
558, 143.0, 12359
559, 108.0, 12399
560, 127.0, 12417
561, 200.0, 12450
562, 189.0, 12455
563, 132.0, 12495
564, 159.0, 12535
565, 200.0, 12575
566, 120.0, 12606
567, 123.0, 12639
568, 200.0, 12679
569, 130.0, 12719
570, 124.0, 12735
571, 123.0, 12751
572, 149.0, 12773
573, 150.0, 12805
574, 132.0, 12810
575, 140.0, 12845
576, 200.0, 12885
577, 139.0, 12893
578, 200.0, 12909
579, 99.0, 12935
580, 200.0, 12958
581, 200.0, 12998
582, 200.0, 13025
583, 200.0, 13065
584, 115.0, 13092
585, 126.0, 13112
586, 106.0, 13129
587, 143.0, 13160
588, 200.0, 13200
589, 200.0, 13236
590, 100.0, 13276
591, 163.0, 13300
592, 138.0, 13340
593, 200.0, 13380
594, 145.0, 13417
595, 200.0, 13457
596, 189.0, 13460
597, 123.0, 13497
598, 158.0, 13518
599, 156.0, 13546
600, 136.0, 13582
601, 116.0, 13622
602, 200.0, 13655
603, 162.0, 13692
604, 147.0, 13721
605, 200.0, 13753
606, 102.0, 13764
607, 158.0, 13804
608, 137.0, 13828
609, 200.0, 13844
610, 151.0, 13884
611, 200.0, 13919
612, 134.0, 13956
613, 122.0, 13985
614, 143.0, 14007
615, 200.0, 14047
616, 133.0, 14087
617, 145.0, 14114
618, 151.0, 14146
619, 170.0, 14186
620, 130.0, 14210
621, 128.0, 14233
622, 200.0, 14267
623, 150.0, 14273
624, 17.0, 14282
625, 77.0, 14291
626, 141.0, 14323
627, 130.0, 14350
628, 119.0, 14354
629, 134.0, 14376
630, 130.0, 14404
631, 126.0, 14432
632, 139.0, 14463
633, 131.0, 14503
634, 165.0, 14518
635, 175.0, 14546
636, 68.0, 14568
637, 139.0, 14591
638, 138.0, 14620
639, 139.0, 14646
640, 116.0, 14671
641, 121.0, 14696
642, 135.0, 14712
643, 120.0, 14741
644, 135.0, 14767
645, 129.0, 14789
646, 124.0, 14813
647, 148.0, 14839
648, 139.0, 14865
649, 131.0, 14889
650, 126.0, 14914
651, 131.0, 14927
652, 133.0, 14952
653, 126.0, 14976
654, 142.0, 15001
655, 125.0, 15023
656, 176.0, 15046
657, 133.0, 15075
658, 149.0, 15101
659, 131.0, 15128
660, 124.0, 15150
661, 113.0, 15173
662, 128.0, 15204
663, 132.0, 15231
664, 133.0, 15258
665, 118.0, 15297
666, 136.0, 15325
667, 121.0, 15350
668, 114.0, 15377
669, 124.0, 15380
670, 132.0, 15403
671, 124.0, 15427
672, 122.0, 15449
673, 119.0, 15475
674, 112.0, 15482
675, 135.0, 15507
676, 132.0, 15533
677, 122.0, 15557
678, 147.0, 15582
679, 111.0, 15610
680, 119.0, 15638
681, 123.0, 15662
682, 124.0, 15689
683, 128.0, 15713
684, 129.0, 15741
685, 132.0, 15764
686, 130.0, 15788
687, 129.0, 15819
688, 134.0, 15845
689, 118.0, 15871
690, 118.0, 15894
691, 123.0, 15918
692, 118.0, 15925
693, 21.0, 15949
694, 120.0, 15973
695, 125.0, 15998
696, 131.0, 16024
697, 75.0, 16047
698, 112.0, 16068
699, 18.0, 16070
700, 123.0, 16097
701, 145.0, 16122
702, 133.0, 16149
703, 134.0, 16176
704, 142.0, 16207
705, 129.0, 16230
706, 140.0, 16257
707, 127.0, 16282
708, 132.0, 16311
709, 103.0, 16334
710, 154.0, 16364
711, 133.0, 16390
712, 110.0, 16415
713, 113.0, 16438
714, 137.0, 16460
715, 150.0, 16485
716, 138.0, 16514
717, 127.0, 16538
718, 119.0, 16565
719, 113.0, 16575
720, 130.0, 16598
721, 146.0, 16624
722, 124.0, 16650
723, 119.0, 16677
724, 107.0, 16700
725, 129.0, 16722
726, 117.0, 16730
727, 16.0, 16755
728, 147.0, 16758
729, 131.0, 16786
730, 119.0, 16809
731, 125.0, 16833
732, 139.0, 16861
733, 142.0, 16893
734, 120.0, 16917
735, 138.0, 16943
736, 141.0, 16973
737, 17.0, 16999
738, 119.0, 17024
739, 120.0, 17049
740, 15.0, 17071
741, 112.0, 17094
742, 132.0, 17121
743, 160.0, 17148
744, 121.0, 17177
745, 128.0, 17201
746, 131.0, 17225
747, 134.0, 17249
748, 131.0, 17274
749, 138.0, 17298
750, 137.0, 17326
751, 133.0, 17353
752, 144.0, 17380
753, 129.0, 17410
754, 129.0, 17439
755, 141.0, 17468
756, 128.0, 17494
757, 128.0, 17522
758, 116.0, 17526
759, 146.0, 17549
760, 141.0, 17573
761, 157.0, 17599
762, 120.0, 17626
763, 138.0, 17656
764, 154.0, 17687
765, 126.0, 17713
766, 129.0, 17739
767, 122.0, 17762
768, 137.0, 17788
769, 143.0, 17814
770, 126.0, 17841
771, 138.0, 17865
772, 133.0, 17894
773, 152.0, 17919
774, 141.0, 17943
775, 144.0, 17969
776, 138.0, 17996
777, 138.0, 18024
778, 133.0, 18049
779, 167.0, 18077
780, 136.0, 18103
781, 138.0, 18133
782, 136.0, 18163
783, 140.0, 18192
784, 151.0, 18218
785, 122.0, 18258
786, 159.0, 18284
787, 148.0, 18324
788, 120.0, 18353
789, 136.0, 18380
790, 142.0, 18415
791, 140.0, 18438
792, 141.0, 18469
793, 141.0, 18497
794, 138.0, 18531
795, 129.0, 18563
796, 162.0, 18591
797, 149.0, 18620
798, 200.0, 18654
799, 159.0, 18680
800, 152.0, 18715
801, 142.0, 18743
802, 147.0, 18776
803, 143.0, 18804
804, 148.0, 18831
805, 181.0, 18854
806, 142.0, 18886
807, 168.0, 18914
808, 200.0, 18939
809, 172.0, 18967
810, 152.0, 19007
811, 144.0, 19037
812, 143.0, 19068
813, 136.0, 19095
814, 122.0, 19118
815, 104.0, 19139
816, 137.0, 19166
817, 136.0, 19192
818, 191.0, 19223
819, 146.0, 19249
820, 119.0, 19277
821, 177.0, 19307
822, 156.0, 19339
823, 145.0, 19369
824, 145.0, 19395
825, 139.0, 19422
826, 114.0, 19450
827, 107.0, 19474
828, 126.0, 19500
829, 130.0, 19529
830, 132.0, 19558
831, 123.0, 19598
832, 120.0, 19630
833, 157.0, 19658
834, 151.0, 19694
835, 148.0, 19716
836, 129.0, 19745
837, 142.0, 19776
838, 130.0, 19807
839, 137.0, 19833
840, 131.0, 19857
841, 129.0, 19882
842, 200.0, 19916
843, 129.0, 19943
844, 130.0, 19968
845, 200.0, 20008
846, 167.0, 20045
847, 169.0, 20085
848, 200.0, 20118
849, 158.0, 20151
850, 173.0, 20178
851, 142.0, 20214
852, 125.0, 20247
853, 133.0, 20275
854, 160.0, 20304
855, 195.0, 20332
856, 136.0, 20362
857, 137.0, 20394
858, 147.0, 20419
859, 169.0, 20448
860, 126.0, 20481
861, 136.0, 20509
862, 150.0, 20544
863, 124.0, 20572
864, 142.0, 20597
865, 147.0, 20630
866, 121.0, 20670
867, 161.0, 20697
868, 200.0, 20723
869, 160.0, 20749
870, 165.0, 20774
871, 131.0, 20808
872, 168.0, 20835
873, 148.0, 20875
874, 185.0, 20902
875, 146.0, 20930
876, 160.0, 20958
877, 153.0, 20986
878, 184.0, 21012
879, 153.0, 21037
880, 156.0, 21068
881, 145.0, 21106
882, 162.0, 21139
883, 150.0, 21168
884, 160.0, 21195
885, 161.0, 21229
886, 147.0, 21258
887, 170.0, 21292
888, 156.0, 21322
889, 172.0, 21359
890, 153.0, 21391
891, 186.0, 21418
892, 136.0, 21453
893, 137.0, 21484
894, 172.0, 21518
895, 150.0, 21550
896, 151.0, 21581
897, 140.0, 21617
898, 147.0, 21646
899, 148.0, 21677
900, 162.0, 21707
901, 146.0, 21738
902, 161.0, 21771
903, 145.0, 21804
904, 171.0, 21837
905, 156.0, 21867
906, 134.0, 21899
907, 138.0, 21932
908, 176.0, 21964
909, 139.0, 21995
910, 174.0, 22035
911, 133.0, 22071
912, 161.0, 22098
913, 174.0, 22130
914, 167.0, 22164
915, 169.0, 22195
916, 170.0, 22226
917, 158.0, 22260
918, 182.0, 22293
919, 139.0, 22326
920, 126.0, 22365
921, 139.0, 22396
922, 185.0, 22423
923, 178.0, 22450
924, 158.0, 22483
925, 131.0, 22510
926, 167.0, 22539
927, 155.0, 22568
928, 166.0, 22597
929, 143.0, 22632
930, 163.0, 22671
931, 159.0, 22711
932, 173.0, 22742
933, 176.0, 22777
934, 142.0, 22806
935, 139.0, 22837
936, 154.0, 22866
937, 163.0, 22892
938, 146.0, 22924
939, 138.0, 22963
940, 171.0, 22998
941, 148.0, 23025
942, 142.0, 23065
943, 145.0, 23094
944, 161.0, 23121
945, 187.0, 23152
946, 142.0, 23192
947, 153.0, 23222
948, 185.0, 23255
949, 192.0, 23290
950, 146.0, 23329
951, 177.0, 23365
952, 151.0, 23392
953, 179.0, 23430
954, 144.0, 23462
955, 129.0, 23496
956, 167.0, 23522
957, 159.0, 23549
958, 155.0, 23578
959, 187.0, 23605
960, 148.0, 23637
961, 172.0, 23670
962, 151.0, 23699
963, 125.0, 23729
964, 169.0, 23765
965, 163.0, 23795
966, 154.0, 23827
967, 167.0, 23863
968, 168.0, 23894
969, 145.0, 23926
970, 166.0, 23963
971, 139.0, 23990
972, 169.0, 24020
973, 142.0, 24050
974, 161.0, 24090
975, 173.0, 24130
976, 200.0, 24170
977, 170.0, 24202
978, 149.0, 24231
979, 152.0, 24263
980, 183.0, 24302
981, 200.0, 24332
982, 188.0, 24365
983, 173.0, 24405
984, 162.0, 24437
985, 144.0, 24477
986, 200.0, 24511
987, 172.0, 24551
988, 151.0, 24591
989, 161.0, 24631
990, 200.0, 24671
991, 141.0, 24701
992, 166.0, 24734
993, 179.0, 24774
994, 168.0, 24814
995, 190.0, 24846
996, 175.0, 24878
997, 172.0, 24918
998, 200.0, 24953
999, 189.0, 24984
