2021-06-22 03:47:35.085787: W tensorflow/stream_executor/platform/default/dso_loader.cc:64] Could not load dynamic library 'libcudart.so.11.0'; dlerror: libcudart.so.11.0: cannot open shared object file: No such file or directory
2021-06-22 03:47:35.085831: I tensorflow/stream_executor/cuda/cudart_stub.cc:29] Ignore above cudart dlerror if you do not have a GPU set up on your machine.
2021-06-22 03:47:37.821386: W tensorflow/stream_executor/platform/default/dso_loader.cc:64] Could not load dynamic library 'libcuda.so.1'; dlerror: libcuda.so.1: cannot open shared object file: No such file or directory
2021-06-22 03:47:37.821424: W tensorflow/stream_executor/cuda/cuda_driver.cc:326] failed call to cuInit: UNKNOWN ERROR (303)
2021-06-22 03:47:37.821441: I tensorflow/stream_executor/cuda/cuda_diagnostics.cc:156] kernel driver does not appear to be running on this host (instance-1): /proc/driver/nvidia/version does not exist
2021-06-22 03:47:37.821676: I tensorflow/core/platform/cpu_feature_guard.cc:142] This TensorFlow binary is optimized with oneAPI Deep Neural Network Library (oneDNN) to use the following CPU instructions in performance-critical operations:  AVX2 AVX512F FMA
To enable them in other operations, rebuild TensorFlow with the appropriate compiler flags.
2021-06-22 03:47:37.930288: I tensorflow/compiler/mlir/mlir_graph_optimization_pass.cc:176] None of the MLIR Optimization Passes are enabled (registered 2)
2021-06-22 03:47:37.935029: I tensorflow/core/platform/profile_utils/cpu_utils.cc:114] CPU Frequency: 3100215000 Hz
0, 58.0, 0
1, 42.0, 0
2, 77.0, 0
3, 64.0, 0
4, 72.0, 0
5, 175.0, 0
6, 63.0, 0
7, 171.0, 0
8, 97.0, 0
9, 48.0, 0
10, 72.0, 0
11, 200.0, 0
12, 105.0, 0
13, 146.0, 0
14, 40.0, 0
15, 77.0, 0
16, 43.0, 7
17, 34.0, 14
18, 34.0, 20
19, 31.0, 28
20, 33.0, 44
21, 34.0, 48
22, 54.0, 55
23, 23.0, 66
24, 20.0, 71
25, 22.0, 77
26, 15.0, 82
27, 29.0, 85
28, 37.0, 92
29, 21.0, 96
30, 16.0, 102
31, 37.0, 105
32, 16.0, 117
33, 23.0, 121
34, 18.0, 124
35, 45.0, 130
36, 29.0, 136
37, 66.0, 140
38, 31.0, 147
39, 32.0, 168
40, 50.0, 174
41, 47.0, 187
42, 102.0, 194
43, 37.0, 206
44, 34.0, 217
45, 99.0, 224
46, 98.0, 231
47, 79.0, 241
48, 86.0, 247
49, 108.0, 260
50, 132.0, 275
51, 200.0, 290
52, 200.0, 314
53, 200.0, 324
54, 200.0, 330
55, 200.0, 346
56, 200.0, 377
57, 200.0, 384
58, 200.0, 391
59, 200.0, 431
60, 200.0, 446
61, 200.0, 452
62, 200.0, 481
63, 200.0, 498
64, 200.0, 525
65, 200.0, 565
66, 200.0, 568
67, 200.0, 586
68, 200.0, 626
69, 200.0, 644
70, 200.0, 651
71, 200.0, 675
72, 200.0, 715
73, 200.0, 748
74, 200.0, 771
75, 200.0, 774
76, 200.0, 787
77, 200.0, 790
78, 200.0, 815
79, 200.0, 855
80, 196.0, 872
81, 176.0, 911
82, 200.0, 941
83, 200.0, 959
84, 186.0, 999
85, 200.0, 1019
86, 200.0, 1028
87, 200.0, 1068
88, 200.0, 1098
89, 200.0, 1116
90, 200.0, 1133
91, 194.0, 1161
92, 200.0, 1193
93, 200.0, 1214
94, 193.0, 1254
95, 200.0, 1284
96, 155.0, 1289
97, 200.0, 1293
98, 200.0, 1299
99, 200.0, 1314
100, 200.0, 1349
101, 200.0, 1379
102, 200.0, 1388
103, 200.0, 1405
104, 199.0, 1410
105, 200.0, 1416
106, 197.0, 1434
107, 200.0, 1441
108, 200.0, 1478
109, 200.0, 1498
110, 200.0, 1518
111, 200.0, 1552
112, 200.0, 1592
113, 183.0, 1603
114, 173.0, 1640
115, 184.0, 1680
116, 183.0, 1686
117, 189.0, 1706
118, 200.0, 1729
119, 200.0, 1738
120, 195.0, 1749
121, 200.0, 1782
122, 157.0, 1819
123, 200.0, 1832
124, 198.0, 1846
125, 200.0, 1861
126, 200.0, 1879
127, 174.0, 1889
128, 200.0, 1929
129, 200.0, 1954
130, 200.0, 1994
131, 200.0, 2021
132, 200.0, 2028
133, 200.0, 2068
134, 200.0, 2108
135, 200.0, 2112
136, 200.0, 2142
137, 200.0, 2155
138, 200.0, 2168
139, 196.0, 2208
140, 200.0, 2219
141, 200.0, 2236
142, 200.0, 2265
143, 184.0, 2288
144, 200.0, 2312
145, 200.0, 2337
146, 200.0, 2351
147, 200.0, 2391
148, 200.0, 2425
149, 200.0, 2440
150, 177.0, 2460
151, 192.0, 2467
152, 200.0, 2506
153, 200.0, 2526
154, 198.0, 2566
155, 200.0, 2606
156, 200.0, 2612
157, 182.0, 2621
158, 200.0, 2641
159, 200.0, 2668
160, 200.0, 2704
161, 200.0, 2744
162, 187.0, 2760
163, 200.0, 2792
164, 170.0, 2798
165, 200.0, 2832
166, 200.0, 2872
167, 200.0, 2909
168, 200.0, 2949
169, 171.0, 2989
170, 181.0, 3000
171, 200.0, 3034
172, 200.0, 3037
173, 200.0, 3064
174, 200.0, 3087
175, 200.0, 3127
176, 200.0, 3163
177, 199.0, 3196
178, 200.0, 3217
179, 177.0, 3254
180, 200.0, 3268
181, 200.0, 3308
182, 200.0, 3335
183, 200.0, 3347
184, 200.0, 3387
185, 200.0, 3427
186, 200.0, 3463
187, 200.0, 3483
188, 200.0, 3492
189, 155.0, 3526
190, 200.0, 3539
191, 184.0, 3565
192, 200.0, 3605
193, 200.0, 3613
194, 185.0, 3624
195, 200.0, 3631
196, 200.0, 3648
197, 200.0, 3677
198, 200.0, 3681
199, 190.0, 3695
200, 200.0, 3709
201, 169.0, 3749
202, 175.0, 3759
203, 200.0, 3763
204, 166.0, 3775
205, 200.0, 3804
206, 169.0, 3817
207, 200.0, 3831
208, 144.0, 3868
209, 186.0, 3877
210, 157.0, 3882
211, 138.0, 3886
212, 171.0, 3916
213, 200.0, 3936
214, 200.0, 3938
215, 200.0, 3941
216, 169.0, 3948
217, 169.0, 3971
218, 150.0, 4004
219, 200.0, 4014
220, 200.0, 4020
221, 128.0, 4032
222, 146.0, 4067
223, 157.0, 4076
224, 200.0, 4101
225, 200.0, 4121
226, 200.0, 4137
227, 159.0, 4146
228, 200.0, 4173
229, 134.0, 4190
230, 130.0, 4223
231, 131.0, 4239
232, 147.0, 4252
233, 126.0, 4277
234, 200.0, 4292
235, 200.0, 4328
236, 128.0, 4345
237, 116.0, 4356
238, 200.0, 4375
239, 200.0, 4379
240, 128.0, 4410
241, 200.0, 4437
242, 188.0, 4444
243, 160.0, 4470
244, 136.0, 4485
245, 148.0, 4488
246, 131.0, 4502
247, 132.0, 4505
248, 130.0, 4534
249, 120.0, 4559
250, 126.0, 4585
251, 200.0, 4616
252, 200.0, 4627
253, 200.0, 4633
254, 200.0, 4669
255, 200.0, 4685
256, 200.0, 4699
257, 200.0, 4707
258, 153.0, 4711
259, 200.0, 4719
260, 200.0, 4739
261, 200.0, 4772
262, 119.0, 4774
263, 200.0, 4801
264, 200.0, 4811
265, 200.0, 4851
266, 200.0, 4856
267, 200.0, 4878
268, 125.0, 4881
269, 200.0, 4921
270, 144.0, 4924
271, 129.0, 4946
272, 200.0, 4965
273, 200.0, 5005
274, 200.0, 5035
275, 200.0, 5046
276, 200.0, 5048
277, 200.0, 5063
278, 123.0, 5091
279, 200.0, 5105
280, 145.0, 5126
281, 126.0, 5152
282, 141.0, 5172
283, 200.0, 5201
284, 137.0, 5241
285, 128.0, 5243
286, 134.0, 5267
287, 174.0, 5296
288, 162.0, 5299
289, 189.0, 5303
290, 195.0, 5308
291, 200.0, 5315
292, 142.0, 5350
293, 135.0, 5353
294, 142.0, 5357
295, 137.0, 5383
296, 140.0, 5413
297, 144.0, 5426
298, 124.0, 5460
299, 126.0, 5463
300, 147.0, 5489
301, 127.0, 5518
302, 178.0, 5544
303, 135.0, 5568
304, 143.0, 5579
305, 139.0, 5582
306, 126.0, 5609
307, 135.0, 5635
308, 147.0, 5638
309, 134.0, 5659
310, 136.0, 5684
311, 143.0, 5705
312, 124.0, 5722
313, 134.0, 5748
314, 132.0, 5776
315, 118.0, 5795
316, 130.0, 5805
317, 120.0, 5807
318, 123.0, 5812
319, 135.0, 5815
320, 147.0, 5838
321, 124.0, 5862
322, 118.0, 5869
323, 140.0, 5879
324, 125.0, 5884
325, 132.0, 5888
326, 126.0, 5898
327, 122.0, 5922
328, 123.0, 5950
329, 122.0, 5967
330, 128.0, 5983
331, 200.0, 6006
332, 131.0, 6046
333, 119.0, 6075
334, 144.0, 6115
335, 145.0, 6144
336, 159.0, 6171
337, 135.0, 6174
338, 143.0, 6195
339, 134.0, 6202
340, 131.0, 6229
341, 131.0, 6240
342, 133.0, 6241
343, 130.0, 6245
344, 127.0, 6254
345, 134.0, 6279
346, 130.0, 6295
347, 143.0, 6314
348, 133.0, 6320
349, 134.0, 6324
350, 157.0, 6331
351, 163.0, 6333
352, 151.0, 6335
353, 163.0, 6346
354, 139.0, 6374
355, 129.0, 6399
356, 160.0, 6423
357, 141.0, 6451
358, 130.0, 6476
359, 125.0, 6479
360, 142.0, 6481
361, 127.0, 6508
362, 127.0, 6545
363, 145.0, 6573
364, 200.0, 6577
365, 140.0, 6579
366, 152.0, 6584
367, 140.0, 6611
368, 200.0, 6617
369, 135.0, 6641
370, 118.0, 6667
371, 132.0, 6690
372, 200.0, 6713
373, 118.0, 6739
374, 200.0, 6768
375, 126.0, 6795
376, 136.0, 6802
377, 200.0, 6828
378, 153.0, 6850
379, 200.0, 6876
380, 200.0, 6893
381, 131.0, 6902
382, 150.0, 6931
383, 123.0, 6943
384, 127.0, 6946
385, 140.0, 6970
386, 200.0, 6999
387, 125.0, 7015
388, 122.0, 7036
389, 200.0, 7045
390, 157.0, 7057
391, 200.0, 7080
392, 200.0, 7098
393, 200.0, 7101
394, 125.0, 7113
395, 122.0, 7127
396, 137.0, 7153
397, 130.0, 7165
398, 119.0, 7189
399, 130.0, 7213
400, 119.0, 7217
401, 144.0, 7221
402, 119.0, 7240
403, 117.0, 7243
404, 122.0, 7258
405, 117.0, 7261
406, 200.0, 7276
407, 121.0, 7300
408, 123.0, 7317
409, 200.0, 7333
410, 200.0, 7340
411, 132.0, 7366
412, 126.0, 7383
413, 200.0, 7399
414, 200.0, 7416
415, 132.0, 7456
416, 161.0, 7459
417, 143.0, 7470
418, 126.0, 7473
419, 138.0, 7502
420, 127.0, 7527
421, 127.0, 7533
422, 125.0, 7559
423, 200.0, 7584
424, 200.0, 7607
425, 128.0, 7635
426, 152.0, 7639
427, 200.0, 7666
428, 161.0, 7693
429, 136.0, 7696
430, 134.0, 7716
431, 200.0, 7756
432, 125.0, 7764
433, 131.0, 7786
434, 125.0, 7808
435, 129.0, 7823
436, 200.0, 7845
437, 133.0, 7848
438, 200.0, 7874
439, 200.0, 7876
440, 134.0, 7892
441, 125.0, 7916
442, 120.0, 7923
443, 119.0, 7945
444, 134.0, 7972
445, 200.0, 7997
446, 122.0, 8036
447, 200.0, 8045
448, 119.0, 8085
449, 200.0, 8108
450, 200.0, 8148
451, 119.0, 8173
452, 122.0, 8198
453, 200.0, 8224
454, 124.0, 8264
455, 115.0, 8287
456, 126.0, 8314
457, 200.0, 8340
458, 200.0, 8348
459, 122.0, 8353
460, 154.0, 8372
461, 123.0, 8379
462, 121.0, 8405
463, 124.0, 8411
464, 137.0, 8436
465, 117.0, 8460
466, 116.0, 8484
467, 135.0, 8486
468, 119.0, 8514
469, 126.0, 8521
470, 132.0, 8542
471, 115.0, 8566
472, 116.0, 8589
473, 115.0, 8613
474, 118.0, 8637
475, 138.0, 8642
476, 114.0, 8682
477, 131.0, 8706
478, 123.0, 8728
479, 130.0, 8734
480, 131.0, 8738
481, 123.0, 8754
482, 111.0, 8777
483, 114.0, 8781
484, 141.0, 8804
485, 114.0, 8829
486, 132.0, 8832
487, 200.0, 8872
488, 119.0, 8912
489, 200.0, 8919
490, 139.0, 8937
491, 154.0, 8960
492, 122.0, 8986
493, 123.0, 9011
494, 125.0, 9034
495, 125.0, 9060
496, 135.0, 9093
497, 121.0, 9098
498, 200.0, 9126
499, 148.0, 9166
500, 158.0, 9192
501, 118.0, 9220
502, 118.0, 9223
503, 120.0, 9226
504, 129.0, 9229
505, 129.0, 9258
506, 121.0, 9267
507, 138.0, 9292
508, 122.0, 9316
509, 118.0, 9341
510, 200.0, 9365
511, 143.0, 9392
512, 200.0, 9421
513, 162.0, 9428
514, 121.0, 9456
515, 116.0, 9478
516, 128.0, 9480
517, 127.0, 9505
518, 200.0, 9534
519, 116.0, 9539
520, 118.0, 9563
521, 111.0, 9603
522, 120.0, 9626
523, 116.0, 9652
524, 112.0, 9679
525, 119.0, 9690
526, 113.0, 9692
527, 123.0, 9714
528, 133.0, 9720
529, 125.0, 9733
530, 122.0, 9758
531, 116.0, 9782
532, 135.0, 9806
533, 133.0, 9831
534, 123.0, 9871
535, 142.0, 9911
536, 142.0, 9951
537, 130.0, 9953
538, 134.0, 9981
539, 134.0, 9985
540, 110.0, 9992
541, 200.0, 10013
542, 115.0, 10053
543, 136.0, 10075
544, 122.0, 10102
545, 200.0, 10132
546, 120.0, 10159
547, 117.0, 10162
548, 200.0, 10187
549, 110.0, 10214
550, 116.0, 10236
551, 121.0, 10261
552, 118.0, 10285
553, 120.0, 10295
554, 134.0, 10319
555, 119.0, 10352
556, 123.0, 10359
557, 122.0, 10386
558, 123.0, 10410
559, 112.0, 10434
560, 121.0, 10458
561, 111.0, 10481
562, 112.0, 10505
563, 116.0, 10509
564, 112.0, 10532
565, 116.0, 10553
566, 123.0, 10575
567, 115.0, 10597
568, 111.0, 10620
569, 113.0, 10643
570, 115.0, 10645
571, 106.0, 10649
572, 114.0, 10673
573, 117.0, 10693
574, 112.0, 10715
575, 116.0, 10737
576, 118.0, 10739
577, 124.0, 10744
578, 120.0, 10768
579, 106.0, 10791
580, 109.0, 10813
581, 125.0, 10835
582, 112.0, 10857
583, 115.0, 10880
584, 112.0, 10902
585, 108.0, 10924
586, 111.0, 10947
587, 110.0, 10968
588, 109.0, 10990
589, 113.0, 10993
590, 112.0, 11015
591, 113.0, 11037
592, 113.0, 11041
593, 115.0, 11064
594, 106.0, 11066
595, 121.0, 11069
596, 107.0, 11092
597, 114.0, 11098
598, 107.0, 11102
599, 118.0, 11125
600, 112.0, 11128
601, 114.0, 11150
602, 113.0, 11174
603, 114.0, 11197
604, 111.0, 11220
605, 111.0, 11242
606, 111.0, 11245
607, 110.0, 11249
608, 116.0, 11272
609, 120.0, 11294
610, 117.0, 11316
611, 114.0, 11339
612, 117.0, 11361
613, 115.0, 11383
614, 113.0, 11406
615, 122.0, 11428
616, 110.0, 11431
617, 126.0, 11453
618, 118.0, 11455
619, 114.0, 11459
620, 114.0, 11482
621, 108.0, 11502
622, 118.0, 11523
623, 114.0, 11546
624, 113.0, 11554
625, 115.0, 11577
626, 115.0, 11580
627, 109.0, 11585
628, 104.0, 11606
629, 112.0, 11608
630, 120.0, 11612
631, 113.0, 11635
632, 112.0, 11657
633, 112.0, 11659
634, 120.0, 11682
635, 123.0, 11705
636, 128.0, 11745
637, 122.0, 11779
638, 113.0, 11819
639, 120.0, 11841
640, 116.0, 11865
641, 200.0, 11905
642, 113.0, 11925
643, 200.0, 11950
644, 118.0, 11990
645, 113.0, 12012
646, 200.0, 12037
647, 200.0, 12042
648, 200.0, 12064
649, 200.0, 12098
650, 200.0, 12121
651, 200.0, 12126
652, 200.0, 12129
653, 200.0, 12152
654, 200.0, 12154
655, 200.0, 12174
656, 119.0, 12214
657, 118.0, 12218
658, 125.0, 12241
659, 127.0, 12267
660, 115.0, 12298
661, 200.0, 12320
662, 110.0, 12344
663, 116.0, 12366
664, 137.0, 12394
665, 109.0, 12417
666, 125.0, 12443
667, 140.0, 12482
668, 200.0, 12522
669, 111.0, 12562
670, 130.0, 12584
671, 117.0, 12609
672, 112.0, 12649
673, 118.0, 12673
674, 118.0, 12698
675, 117.0, 12720
676, 200.0, 12760
677, 200.0, 12800
678, 115.0, 12823
679, 200.0, 12826
680, 200.0, 12866
681, 200.0, 12890
682, 113.0, 12930
683, 117.0, 12952
684, 120.0, 12991
685, 104.0, 13011
686, 111.0, 13033
687, 126.0, 13037
688, 118.0, 13059
689, 116.0, 13061
690, 111.0, 13085
691, 113.0, 13089
692, 112.0, 13094
693, 123.0, 13122
694, 118.0, 13143
695, 110.0, 13169
696, 113.0, 13195
697, 111.0, 13217
698, 110.0, 13238
699, 122.0, 13259
700, 114.0, 13262
701, 122.0, 13286
702, 112.0, 13310
703, 115.0, 13334
704, 122.0, 13358
705, 119.0, 13382
706, 118.0, 13408
707, 122.0, 13431
708, 129.0, 13438
709, 113.0, 13463
710, 139.0, 13491
711, 126.0, 13517
712, 112.0, 13539
713, 110.0, 13562
714, 130.0, 13564
715, 126.0, 13568
716, 125.0, 13590
717, 114.0, 13613
718, 122.0, 13636
719, 119.0, 13659
720, 114.0, 13684
721, 139.0, 13711
722, 112.0, 13736
723, 114.0, 13760
724, 105.0, 13783
725, 116.0, 13806
726, 112.0, 13829
727, 112.0, 13851
728, 112.0, 13873
729, 111.0, 13877
730, 110.0, 13899
731, 113.0, 13921
732, 111.0, 13945
733, 115.0, 13969
734, 108.0, 13991
735, 112.0, 14015
736, 121.0, 14041
737, 116.0, 14063
738, 123.0, 14088
739, 128.0, 14113
740, 130.0, 14136
741, 116.0, 14161
742, 113.0, 14187
743, 126.0, 14211
744, 110.0, 14233
745, 108.0, 14256
746, 120.0, 14278
747, 126.0, 14300
748, 128.0, 14304
749, 126.0, 14327
750, 110.0, 14350
751, 113.0, 14372
752, 112.0, 14395
753, 124.0, 14419
754, 119.0, 14446
755, 112.0, 14472
756, 103.0, 14493
757, 112.0, 14515
758, 119.0, 14539
759, 118.0, 14562
760, 109.0, 14585
761, 131.0, 14608
762, 112.0, 14610
763, 200.0, 14636
764, 118.0, 14664
765, 121.0, 14688
766, 124.0, 14713
767, 117.0, 14735
768, 119.0, 14756
769, 118.0, 14779
770, 127.0, 14802
771, 133.0, 14804
772, 118.0, 14829
773, 114.0, 14853
774, 200.0, 14875
775, 133.0, 14900
776, 136.0, 14940
777, 112.0, 14963
778, 111.0, 14984
779, 125.0, 15008
780, 115.0, 15033
781, 118.0, 15059
782, 127.0, 15082
783, 116.0, 15085
784, 119.0, 15108
785, 121.0, 15131
786, 118.0, 15154
787, 110.0, 15180
788, 118.0, 15204
789, 120.0, 15229
790, 111.0, 15255
791, 114.0, 15277
792, 131.0, 15301
793, 126.0, 15324
794, 123.0, 15352
795, 108.0, 15376
796, 136.0, 15401
797, 131.0, 15425
798, 142.0, 15452
799, 119.0, 15477
800, 121.0, 15502
801, 134.0, 15528
802, 200.0, 15568
803, 137.0, 15591
804, 200.0, 15616
805, 122.0, 15641
806, 135.0, 15666
807, 200.0, 15702
808, 147.0, 15737
809, 146.0, 15762
810, 127.0, 15787
811, 133.0, 15827
812, 134.0, 15855
813, 140.0, 15882
814, 123.0, 15912
815, 139.0, 15944
816, 200.0, 15970
817, 144.0, 15994
818, 160.0, 16022
819, 154.0, 16052
820, 140.0, 16081
821, 200.0, 16107
822, 126.0, 16147
823, 139.0, 16170
824, 125.0, 16197
825, 128.0, 16221
826, 171.0, 16248
827, 122.0, 16278
828, 164.0, 16306
829, 118.0, 16338
830, 115.0, 16364
831, 142.0, 16395
832, 143.0, 16399
833, 144.0, 16439
834, 127.0, 16466
835, 200.0, 16494
836, 125.0, 16522
837, 200.0, 16552
838, 141.0, 16592
839, 137.0, 16627
840, 134.0, 16656
841, 139.0, 16696
842, 178.0, 16699
843, 144.0, 16728
844, 132.0, 16756
845, 200.0, 16791
846, 150.0, 16831
847, 176.0, 16863
848, 162.0, 16894
849, 194.0, 16924
850, 152.0, 16964
851, 178.0, 16999
852, 134.0, 17029
853, 139.0, 17057
854, 165.0, 17097
855, 168.0, 17129
856, 200.0, 17160
857, 145.0, 17200
858, 147.0, 17232
859, 157.0, 17271
860, 126.0, 17311
861, 200.0, 17339
862, 143.0, 17379
863, 200.0, 17409
864, 148.0, 17446
865, 139.0, 17486
866, 147.0, 17520
867, 159.0, 17560
868, 148.0, 17589
869, 142.0, 17617
870, 132.0, 17643
871, 147.0, 17670
872, 138.0, 17697
873, 133.0, 17726
874, 141.0, 17754
875, 165.0, 17783
876, 200.0, 17811
877, 200.0, 17841
878, 153.0, 17868
879, 161.0, 17895
880, 143.0, 17924
881, 133.0, 17952
882, 200.0, 17979
883, 130.0, 18004
884, 134.0, 18030
885, 200.0, 18070
886, 129.0, 18098
887, 156.0, 18125
888, 200.0, 18153
889, 143.0, 18185
890, 137.0, 18212
891, 136.0, 18238
892, 134.0, 18266
893, 130.0, 18293
894, 141.0, 18324
895, 140.0, 18350
896, 132.0, 18379
897, 133.0, 18407
898, 136.0, 18433
899, 138.0, 18461
900, 148.0, 18491
901, 138.0, 18518
902, 127.0, 18544
903, 132.0, 18571
904, 129.0, 18598
905, 130.0, 18628
906, 128.0, 18655
907, 122.0, 18682
908, 136.0, 18708
909, 133.0, 18735
910, 145.0, 18764
911, 127.0, 18790
912, 132.0, 18816
913, 185.0, 18844
914, 136.0, 18878
915, 134.0, 18907
916, 143.0, 18936
917, 136.0, 18963
918, 142.0, 18991
919, 132.0, 19020
920, 126.0, 19049
921, 158.0, 19075
922, 173.0, 19107
923, 147.0, 19133
924, 129.0, 19159
925, 122.0, 19184
926, 132.0, 19210
927, 139.0, 19241
928, 158.0, 19269
929, 138.0, 19299
930, 142.0, 19328
931, 131.0, 19358
932, 166.0, 19386
933, 130.0, 19414
934, 146.0, 19441
935, 142.0, 19472
936, 143.0, 19498
937, 156.0, 19526
938, 144.0, 19555
939, 131.0, 19588
940, 145.0, 19618
941, 144.0, 19648
942, 145.0, 19678
943, 140.0, 19705
944, 143.0, 19732
945, 145.0, 19760
946, 149.0, 19790
947, 146.0, 19816
948, 144.0, 19846
949, 168.0, 19876
950, 150.0, 19907
951, 164.0, 19938
952, 142.0, 19966
953, 162.0, 19998
954, 141.0, 20028
955, 147.0, 20059
956, 150.0, 20087
957, 133.0, 20115
958, 134.0, 20142
959, 152.0, 20170
960, 156.0, 20199
961, 144.0, 20231
962, 155.0, 20258
963, 138.0, 20289
964, 154.0, 20319
965, 142.0, 20348
966, 163.0, 20379
967, 161.0, 20411
968, 157.0, 20442
969, 156.0, 20469
970, 164.0, 20500
971, 159.0, 20532
972, 157.0, 20561
973, 154.0, 20593
974, 150.0, 20625
975, 148.0, 20658
976, 160.0, 20691
977, 147.0, 20722
978, 156.0, 20752
979, 155.0, 20781
980, 157.0, 20811
981, 158.0, 20840
982, 164.0, 20871
983, 167.0, 20905
984, 166.0, 20938
985, 159.0, 20969
986, 163.0, 21000
987, 184.0, 21039
988, 162.0, 21074
989, 167.0, 21110
990, 200.0, 21145
991, 157.0, 21181
992, 155.0, 21214
993, 165.0, 21251
994, 173.0, 21284
995, 186.0, 21319
996, 198.0, 21351
997, 179.0, 21388
998, 191.0, 21424
999, 169.0, 21458
