2021-06-21 13:58:58.116414: W tensorflow/stream_executor/platform/default/dso_loader.cc:64] Could not load dynamic library 'libcudart.so.11.0'; dlerror: libcudart.so.11.0: cannot open shared object file: No such file or directory
2021-06-21 13:58:58.116470: I tensorflow/stream_executor/cuda/cudart_stub.cc:29] Ignore above cudart dlerror if you do not have a GPU set up on your machine.
2021-06-21 13:58:59.546140: W tensorflow/stream_executor/platform/default/dso_loader.cc:64] Could not load dynamic library 'libcuda.so.1'; dlerror: libcuda.so.1: cannot open shared object file: No such file or directory
2021-06-21 13:58:59.546188: W tensorflow/stream_executor/cuda/cuda_driver.cc:326] failed call to cuInit: UNKNOWN ERROR (303)
2021-06-21 13:58:59.546213: I tensorflow/stream_executor/cuda/cuda_diagnostics.cc:156] kernel driver does not appear to be running on this host (instance-1): /proc/driver/nvidia/version does not exist
2021-06-21 13:58:59.546474: I tensorflow/core/platform/cpu_feature_guard.cc:142] This TensorFlow binary is optimized with oneAPI Deep Neural Network Library (oneDNN) to use the following CPU instructions in performance-critical operations:  AVX2 AVX512F FMA
To enable them in other operations, rebuild TensorFlow with the appropriate compiler flags.
2021-06-21 13:58:59.666085: I tensorflow/compiler/mlir/mlir_graph_optimization_pass.cc:176] None of the MLIR Optimization Passes are enabled (registered 2)
2021-06-21 13:58:59.666389: I tensorflow/core/platform/profile_utils/cpu_utils.cc:114] CPU Frequency: 3100270000 Hz
0, 58.0, 0
1, 42.0, 0
2, 77.0, 0
3, 64.0, 0
4, 72.0, 0
5, 175.0, 0
6, 63.0, 0
7, 171.0, 0
8, 97.0, 0
9, 48.0, 0
10, 72.0, 0
11, 200.0, 0
12, 105.0, 0
13, 146.0, 0
14, 40.0, 0
15, 77.0, 0
16, 26.0, 12
17, 12.0, 15
18, 9.0, 19
19, 9.0, 22
20, 9.0, 25
21, 9.0, 27
22, 60.0, 44
23, 53.0, 49
24, 17.0, 54
25, 88.0, 67
26, 27.0, 71
27, 10.0, 77
28, 8.0, 79
29, 14.0, 83
30, 25.0, 87
31, 14.0, 89
32, 15.0, 92
33, 25.0, 95
34, 9.0, 98
35, 13.0, 101
36, 24.0, 105
37, 70.0, 121
38, 24.0, 131
39, 17.0, 143
40, 68.0, 149
41, 11.0, 153
42, 10.0, 161
43, 84.0, 166
44, 24.0, 182
45, 16.0, 186
46, 15.0, 189
47, 16.0, 193
48, 11.0, 195
49, 10.0, 200
50, 9.0, 202
51, 10.0, 205
52, 12.0, 209
53, 19.0, 211
54, 10.0, 214
55, 8.0, 217
56, 11.0, 228
57, 81.0, 230
58, 21.0, 233
59, 20.0, 240
60, 9.0, 245
61, 90.0, 261
62, 11.0, 269
63, 12.0, 272
64, 10.0, 283
65, 10.0, 285
66, 20.0, 293
67, 13.0, 297
68, 12.0, 302
69, 21.0, 305
70, 16.0, 308
71, 27.0, 315
72, 9.0, 319
73, 12.0, 322
74, 16.0, 324
75, 10.0, 326
76, 10.0, 328
77, 11.0, 330
78, 30.0, 334
79, 16.0, 338
80, 9.0, 340
81, 9.0, 342
82, 15.0, 344
83, 14.0, 346
84, 12.0, 352
85, 16.0, 355
86, 8.0, 360
87, 9.0, 366
88, 10.0, 368
89, 13.0, 370
90, 8.0, 372
91, 12.0, 375
92, 9.0, 380
93, 117.0, 382
94, 10.0, 388
95, 9.0, 391
96, 11.0, 395
97, 16.0, 412
98, 10.0, 420
99, 12.0, 421
100, 19.0, 429
101, 9.0, 431
102, 17.0, 440
103, 199.0, 443
104, 9.0, 448
105, 10.0, 450
106, 9.0, 453
107, 158.0, 457
108, 134.0, 460
109, 10.0, 463
110, 11.0, 465
111, 163.0, 468
112, 17.0, 474
113, 118.0, 479
114, 10.0, 481
115, 152.0, 485
116, 12.0, 488
117, 122.0, 491
118, 16.0, 493
119, 111.0, 507
120, 19.0, 513
121, 9.0, 516
122, 12.0, 521
123, 12.0, 525
124, 11.0, 534
125, 12.0, 542
126, 17.0, 544
127, 10.0, 552
128, 9.0, 555
129, 11.0, 565
130, 18.0, 568
131, 88.0, 570
132, 73.0, 574
133, 8.0, 578
134, 9.0, 581
135, 12.0, 582
136, 23.0, 588
137, 64.0, 590
138, 11.0, 594
139, 11.0, 599
140, 9.0, 606
141, 10.0, 609
142, 74.0, 611
143, 11.0, 613
144, 12.0, 615
145, 10.0, 618
146, 9.0, 620
147, 11.0, 622
148, 74.0, 624
149, 10.0, 626
150, 20.0, 638
151, 55.0, 640
152, 11.0, 644
153, 10.0, 645
154, 12.0, 648
155, 10.0, 650
156, 12.0, 652
157, 10.0, 657
158, 10.0, 660
159, 10.0, 663
160, 10.0, 665
161, 10.0, 667
162, 8.0, 671
163, 9.0, 673
164, 10.0, 675
165, 9.0, 680
166, 8.0, 687
167, 9.0, 692
168, 9.0, 695
169, 11.0, 699
170, 10.0, 701
171, 9.0, 703
172, 9.0, 704
173, 9.0, 707
174, 8.0, 710
175, 10.0, 712
176, 200.0, 715
177, 11.0, 718
178, 10.0, 722
179, 9.0, 732
180, 10.0, 734
181, 17.0, 737
182, 9.0, 739
183, 10.0, 741
184, 14.0, 746
185, 10.0, 748
186, 9.0, 752
187, 115.0, 755
188, 12.0, 758
189, 10.0, 767
190, 10.0, 769
191, 9.0, 771
192, 10.0, 776
193, 9.0, 780
194, 10.0, 782
195, 10.0, 785
196, 9.0, 787
197, 10.0, 789
198, 9.0, 792
199, 10.0, 795
200, 9.0, 797
201, 10.0, 800
202, 9.0, 803
203, 10.0, 805
204, 10.0, 807
205, 9.0, 809
206, 10.0, 811
207, 9.0, 813
208, 10.0, 816
209, 8.0, 818
210, 10.0, 820
211, 8.0, 825
212, 9.0, 827
213, 8.0, 832
214, 11.0, 836
215, 10.0, 842
216, 10.0, 844
217, 10.0, 846
218, 8.0, 850
219, 108.0, 852
220, 106.0, 855
221, 10.0, 861
222, 9.0, 863
223, 9.0, 868
224, 8.0, 870
225, 10.0, 872
226, 72.0, 874
227, 10.0, 879
228, 9.0, 883
229, 9.0, 886
230, 10.0, 888
231, 9.0, 890
232, 8.0, 893
233, 10.0, 897
234, 10.0, 905
235, 10.0, 909
236, 9.0, 911
237, 8.0, 915
238, 14.0, 918
239, 18.0, 921
240, 10.0, 923
241, 9.0, 931
242, 9.0, 932
243, 12.0, 935
244, 15.0, 941
245, 9.0, 944
246, 139.0, 947
247, 84.0, 963
248, 88.0, 966
249, 89.0, 968
250, 129.0, 970
251, 127.0, 974
252, 11.0, 977
253, 9.0, 979
254, 114.0, 984
255, 9.0, 986
256, 102.0, 989
257, 10.0, 992
258, 10.0, 995
259, 10.0, 1001
260, 10.0, 1003
261, 10.0, 1006
262, 10.0, 1008
263, 180.0, 1011
264, 10.0, 1014
265, 10.0, 1022
266, 10.0, 1024
267, 9.0, 1026
268, 118.0, 1031
269, 8.0, 1037
270, 10.0, 1039
271, 8.0, 1042
272, 10.0, 1044
273, 124.0, 1052
274, 11.0, 1054
275, 10.0, 1061
276, 73.0, 1075
277, 107.0, 1081
278, 137.0, 1096
279, 102.0, 1100
280, 113.0, 1102
281, 133.0, 1106
282, 200.0, 1111
283, 11.0, 1116
284, 119.0, 1118
285, 93.0, 1123
286, 149.0, 1143
287, 175.0, 1155
288, 10.0, 1160
289, 10.0, 1162
290, 10.0, 1169
291, 68.0, 1172
292, 11.0, 1175
293, 183.0, 1178
294, 82.0, 1180
295, 80.0, 1183
296, 10.0, 1188
297, 11.0, 1190
298, 10.0, 1193
299, 90.0, 1196
300, 9.0, 1198
301, 10.0, 1201
302, 8.0, 1204
303, 10.0, 1207
304, 9.0, 1209
305, 10.0, 1219
306, 73.0, 1222
307, 83.0, 1230
308, 12.0, 1236
309, 11.0, 1238
310, 145.0, 1241
311, 9.0, 1257
312, 11.0, 1267
313, 8.0, 1270
314, 84.0, 1273
315, 9.0, 1278
316, 9.0, 1280
317, 176.0, 1283
318, 178.0, 1286
319, 75.0, 1288
320, 84.0, 1290
321, 8.0, 1294
322, 10.0, 1299
323, 9.0, 1301
324, 10.0, 1303
325, 8.0, 1315
326, 67.0, 1318
327, 11.0, 1322
328, 9.0, 1327
329, 9.0, 1331
330, 200.0, 1333
331, 9.0, 1342
332, 136.0, 1347
333, 11.0, 1350
334, 96.0, 1353
335, 10.0, 1356
336, 66.0, 1368
337, 11.0, 1370
338, 9.0, 1375
339, 190.0, 1387
340, 92.0, 1399
341, 133.0, 1405
342, 179.0, 1410
343, 9.0, 1413
344, 95.0, 1418
345, 11.0, 1432
346, 74.0, 1435
347, 10.0, 1440
348, 96.0, 1443
349, 12.0, 1445
350, 98.0, 1456
351, 10.0, 1462
352, 9.0, 1464
353, 132.0, 1473
354, 10.0, 1494
355, 109.0, 1496
356, 166.0, 1499
357, 12.0, 1505
358, 75.0, 1525
359, 107.0, 1533
360, 92.0, 1552
361, 90.0, 1558
362, 102.0, 1566
363, 139.0, 1569
364, 115.0, 1588
365, 111.0, 1592
366, 200.0, 1621
367, 180.0, 1650
368, 103.0, 1661
369, 150.0, 1684
370, 104.0, 1689
371, 102.0, 1692
372, 196.0, 1701
373, 157.0, 1710
374, 105.0, 1728
375, 156.0, 1732
376, 200.0, 1737
377, 149.0, 1743
378, 98.0, 1752
379, 92.0, 1771
380, 113.0, 1794
381, 100.0, 1817
382, 127.0, 1824
383, 109.0, 1844
384, 132.0, 1847
385, 127.0, 1866
386, 149.0, 1883
387, 93.0, 1900
388, 125.0, 1903
389, 157.0, 1907
390, 185.0, 1916
391, 105.0, 1931
392, 91.0, 1945
393, 116.0, 1953
394, 83.0, 1956
395, 106.0, 1959
396, 99.0, 1962
397, 81.0, 1974
398, 200.0, 1994
399, 94.0, 2012
400, 200.0, 2029
401, 119.0, 2038
402, 106.0, 2049
403, 133.0, 2072
404, 142.0, 2087
405, 131.0, 2112
406, 85.0, 2133
407, 167.0, 2148
408, 121.0, 2154
409, 89.0, 2161
410, 125.0, 2165
411, 127.0, 2174
412, 115.0, 2193
413, 114.0, 2196
414, 109.0, 2221
415, 82.0, 2229
416, 92.0, 2230
417, 136.0, 2239
418, 97.0, 2249
419, 119.0, 2252
420, 86.0, 2257
421, 93.0, 2258
422, 115.0, 2264
423, 128.0, 2271
424, 89.0, 2275
425, 94.0, 2282
426, 84.0, 2295
427, 78.0, 2315
428, 85.0, 2329
429, 86.0, 2333
430, 200.0, 2338
431, 86.0, 2343
432, 101.0, 2365
433, 99.0, 2376
434, 86.0, 2379
435, 143.0, 2383
436, 107.0, 2389
437, 93.0, 2392
438, 97.0, 2415
439, 97.0, 2417
440, 89.0, 2419
441, 85.0, 2440
442, 118.0, 2443
443, 13.0, 2460
444, 109.0, 2474
445, 124.0, 2487
446, 156.0, 2502
447, 112.0, 2514
448, 120.0, 2520
449, 90.0, 2527
450, 117.0, 2529
451, 103.0, 2537
452, 11.0, 2546
453, 81.0, 2565
454, 94.0, 2567
455, 105.0, 2583
456, 82.0, 2591
457, 90.0, 2604
458, 143.0, 2620
459, 140.0, 2629
460, 101.0, 2636
461, 123.0, 2660
462, 103.0, 2674
463, 96.0, 2695
464, 90.0, 2710
465, 107.0, 2714
466, 167.0, 2724
467, 98.0, 2734
468, 13.0, 2737
469, 99.0, 2739
470, 193.0, 2751
471, 98.0, 2758
472, 149.0, 2775
473, 114.0, 2785
474, 102.0, 2796
475, 114.0, 2802
476, 111.0, 2810
477, 104.0, 2818
478, 88.0, 2821
479, 146.0, 2834
480, 129.0, 2842
481, 99.0, 2851
482, 140.0, 2860
483, 87.0, 2873
484, 99.0, 2895
485, 162.0, 2900
486, 97.0, 2903
487, 111.0, 2917
488, 103.0, 2939
489, 120.0, 2945
490, 121.0, 2953
491, 111.0, 2976
492, 76.0, 2979
493, 85.0, 2982
494, 97.0, 2992
495, 146.0, 3004
496, 93.0, 3009
497, 82.0, 3011
498, 92.0, 3013
499, 80.0, 3026
500, 83.0, 3030
501, 101.0, 3040
502, 107.0, 3043
503, 103.0, 3051
504, 165.0, 3073
505, 135.0, 3077
506, 91.0, 3091
507, 73.0, 3096
508, 175.0, 3114
509, 87.0, 3122
510, 102.0, 3124
511, 88.0, 3143
512, 124.0, 3149
513, 96.0, 3159
514, 92.0, 3163
515, 128.0, 3167
516, 103.0, 3170
517, 99.0, 3186
518, 92.0, 3193
519, 138.0, 3196
520, 90.0, 3199
521, 134.0, 3220
522, 85.0, 3235
523, 92.0, 3244
524, 138.0, 3255
525, 110.0, 3268
526, 89.0, 3291
527, 124.0, 3295
528, 78.0, 3298
529, 200.0, 3301
530, 86.0, 3303
531, 96.0, 3315
532, 92.0, 3317
533, 96.0, 3320
534, 159.0, 3322
535, 108.0, 3347
536, 96.0, 3350
537, 108.0, 3365
538, 100.0, 3371
539, 96.0, 3373
540, 95.0, 3385
541, 79.0, 3396
542, 74.0, 3408
543, 82.0, 3417
544, 185.0, 3426
545, 88.0, 3430
546, 92.0, 3448
547, 13.0, 3459
548, 149.0, 3466
549, 12.0, 3488
550, 79.0, 3493
551, 83.0, 3512
552, 81.0, 3530
553, 84.0, 3548
554, 126.0, 3558
555, 134.0, 3574
556, 83.0, 3576
557, 190.0, 3592
558, 91.0, 3610
559, 111.0, 3629
560, 104.0, 3632
561, 103.0, 3638
562, 90.0, 3652
563, 91.0, 3666
564, 13.0, 3681
565, 132.0, 3709
566, 102.0, 3728
567, 128.0, 3734
568, 149.0, 3747
569, 200.0, 3758
570, 91.0, 3774
571, 81.0, 3782
572, 82.0, 3785
573, 64.0, 3790
574, 88.0, 3793
575, 118.0, 3797
576, 99.0, 3806
577, 200.0, 3841
578, 93.0, 3853
579, 14.0, 3866
580, 96.0, 3869
581, 88.0, 3875
582, 96.0, 3887
583, 96.0, 3900
584, 117.0, 3912
585, 74.0, 3922
586, 126.0, 3926
587, 88.0, 3942
588, 85.0, 3957
589, 90.0, 3966
590, 88.0, 3982
591, 84.0, 3998
592, 119.0, 4007
593, 84.0, 4011
594, 94.0, 4031
595, 96.0, 4049
596, 105.0, 4072
597, 91.0, 4076
598, 114.0, 4082
599, 200.0, 4107
600, 176.0, 4111
601, 102.0, 4115
602, 200.0, 4121
603, 101.0, 4124
604, 86.0, 4137
605, 82.0, 4140
606, 92.0, 4151
607, 200.0, 4159
608, 151.0, 4165
609, 96.0, 4181
610, 98.0, 4194
611, 108.0, 4199
612, 134.0, 4202
613, 108.0, 4228
614, 147.0, 4257
615, 200.0, 4260
616, 132.0, 4291
617, 160.0, 4315
618, 70.0, 4319
619, 93.0, 4324
620, 86.0, 4335
621, 146.0, 4350
622, 82.0, 4365
623, 87.0, 4368
624, 128.0, 4385
625, 78.0, 4407
626, 122.0, 4409
627, 200.0, 4417
628, 93.0, 4421
629, 129.0, 4432
630, 81.0, 4437
631, 147.0, 4453
632, 94.0, 4463
633, 98.0, 4466
634, 46.0, 4480
635, 96.0, 4487
636, 75.0, 4495
637, 87.0, 4502
638, 97.0, 4531
639, 77.0, 4544
640, 108.0, 4563
641, 199.0, 4579
642, 200.0, 4584
643, 65.0, 4600
644, 141.0, 4604
645, 95.0, 4608
646, 82.0, 4625
647, 67.0, 4646
648, 80.0, 4661
649, 149.0, 4669
650, 84.0, 4673
651, 102.0, 4677
652, 149.0, 4682
653, 102.0, 4686
654, 87.0, 4697
655, 167.0, 4703
656, 83.0, 4711
657, 129.0, 4728
658, 89.0, 4740
659, 113.0, 4753
660, 121.0, 4762
661, 99.0, 4768
662, 131.0, 4785
663, 81.0, 4795
664, 147.0, 4805
665, 100.0, 4815
666, 149.0, 4818
667, 136.0, 4830
668, 75.0, 4835
669, 117.0, 4847
670, 200.0, 4852
671, 110.0, 4869
672, 173.0, 4872
673, 106.0, 4876
674, 125.0, 4883
675, 110.0, 4888
676, 101.0, 4893
677, 113.0, 4904
678, 67.0, 4916
679, 75.0, 4921
680, 84.0, 4924
681, 28.0, 4930
682, 154.0, 4934
683, 200.0, 4937
684, 109.0, 4948
685, 150.0, 4963
686, 116.0, 4972
687, 115.0, 4977
688, 200.0, 4984
689, 102.0, 5015
690, 98.0, 5035
691, 116.0, 5037
692, 75.0, 5040
693, 109.0, 5049
694, 96.0, 5054
695, 168.0, 5068
696, 140.0, 5084
697, 108.0, 5088
698, 76.0, 5098
699, 83.0, 5111
700, 110.0, 5119
701, 85.0, 5151
702, 139.0, 5160
703, 100.0, 5163
704, 80.0, 5168
705, 91.0, 5183
706, 108.0, 5188
707, 96.0, 5193
708, 84.0, 5197
709, 79.0, 5207
710, 87.0, 5211
711, 88.0, 5221
712, 79.0, 5225
713, 88.0, 5235
714, 112.0, 5248
715, 93.0, 5253
716, 102.0, 5272
717, 93.0, 5276
718, 98.0, 5298
719, 88.0, 5310
720, 69.0, 5313
721, 82.0, 5317
722, 103.0, 5320
723, 94.0, 5325
724, 124.0, 5337
725, 90.0, 5345
726, 166.0, 5354
727, 102.0, 5368
728, 106.0, 5372
729, 100.0, 5376
730, 21.0, 5381
731, 136.0, 5388
732, 11.0, 5410
733, 92.0, 5414
734, 113.0, 5436
735, 92.0, 5452
736, 84.0, 5460
737, 86.0, 5484
738, 104.0, 5486
739, 99.0, 5497
740, 150.0, 5500
741, 178.0, 5517
742, 101.0, 5520
743, 116.0, 5558
744, 142.0, 5568
745, 143.0, 5584
746, 86.0, 5597
747, 115.0, 5607
748, 137.0, 5626
749, 99.0, 5646
750, 75.0, 5648
751, 78.0, 5655
752, 97.0, 5664
753, 90.0, 5667
754, 75.0, 5678
755, 81.0, 5707
756, 93.0, 5714
757, 200.0, 5726
758, 91.0, 5745
759, 101.0, 5759
760, 85.0, 5763
761, 91.0, 5765
762, 114.0, 5789
763, 152.0, 5792
764, 32.0, 5808
765, 90.0, 5811
766, 146.0, 5816
767, 177.0, 5825
768, 94.0, 5831
769, 96.0, 5833
770, 99.0, 5838
771, 200.0, 5859
772, 89.0, 5863
773, 93.0, 5866
774, 157.0, 5873
775, 85.0, 5890
776, 101.0, 5902
777, 103.0, 5906
778, 104.0, 5908
779, 176.0, 5910
780, 133.0, 5916
781, 83.0, 5924
782, 200.0, 5942
783, 102.0, 5948
784, 200.0, 5963
785, 101.0, 5976
786, 116.0, 5981
787, 80.0, 5988
788, 144.0, 5995
789, 83.0, 6003
790, 94.0, 6024
791, 78.0, 6040
792, 91.0, 6052
793, 89.0, 6068
794, 108.0, 6073
795, 101.0, 6078
796, 98.0, 6081
797, 101.0, 6101
798, 92.0, 6104
799, 100.0, 6112
800, 63.0, 6114
801, 96.0, 6117
802, 88.0, 6136
803, 100.0, 6142
804, 76.0, 6155
805, 131.0, 6164
806, 92.0, 6180
807, 84.0, 6183
808, 82.0, 6194
809, 197.0, 6197
810, 95.0, 6211
811, 90.0, 6221
812, 197.0, 6233
813, 83.0, 6236
814, 96.0, 6255
815, 79.0, 6259
816, 87.0, 6261
817, 107.0, 6276
818, 55.0, 6279
819, 124.0, 6297
820, 90.0, 6302
821, 90.0, 6305
822, 95.0, 6309
823, 60.0, 6313
824, 78.0, 6319
825, 78.0, 6331
826, 91.0, 6337
827, 161.0, 6342
828, 69.0, 6350
829, 71.0, 6352
830, 91.0, 6354
831, 132.0, 6360
832, 74.0, 6366
833, 96.0, 6368
834, 200.0, 6376
835, 93.0, 6390
836, 85.0, 6402
837, 71.0, 6404
838, 74.0, 6407
839, 75.0, 6409
840, 88.0, 6413
841, 73.0, 6429
842, 98.0, 6446
843, 87.0, 6450
844, 84.0, 6452
845, 88.0, 6459
846, 73.0, 6463
847, 55.0, 6475
848, 80.0, 6477
849, 79.0, 6480
850, 76.0, 6490
851, 75.0, 6492
852, 72.0, 6496
853, 81.0, 6501
854, 70.0, 6523
855, 115.0, 6530
856, 60.0, 6549
857, 97.0, 6572
858, 104.0, 6592
859, 102.0, 6595
860, 35.0, 6606
861, 73.0, 6620
862, 121.0, 6626
863, 87.0, 6634
864, 94.0, 6654
865, 94.0, 6657
866, 118.0, 6671
867, 71.0, 6682
868, 77.0, 6695
869, 133.0, 6714
870, 85.0, 6719
871, 120.0, 6724
872, 74.0, 6740
873, 106.0, 6744
874, 113.0, 6765
875, 65.0, 6773
876, 110.0, 6782
877, 118.0, 6803
878, 69.0, 6821
879, 19.0, 6829
880, 95.0, 6832
881, 74.0, 6841
882, 140.0, 6865
883, 122.0, 6891
884, 110.0, 6904
885, 129.0, 6907
886, 108.0, 6916
887, 131.0, 6920
888, 111.0, 6927
889, 73.0, 6942
890, 61.0, 6946
891, 96.0, 6963
892, 159.0, 6967
893, 106.0, 6989
894, 117.0, 7010
895, 123.0, 7013
896, 113.0, 7033
897, 147.0, 7048
898, 68.0, 7059
899, 70.0, 7062
900, 74.0, 7065
901, 200.0, 7069
902, 103.0, 7077
903, 79.0, 7091
904, 100.0, 7101
905, 96.0, 7110
906, 113.0, 7125
907, 72.0, 7148
908, 85.0, 7151
909, 77.0, 7161
910, 88.0, 7182
911, 73.0, 7194
912, 173.0, 7205
913, 94.0, 7220
914, 120.0, 7242
915, 55.0, 7248
916, 102.0, 7256
917, 105.0, 7258
918, 93.0, 7275
919, 69.0, 7291
920, 69.0, 7306
921, 39.0, 7308
922, 195.0, 7311
923, 136.0, 7327
924, 59.0, 7336
925, 52.0, 7338
926, 147.0, 7348
927, 103.0, 7369
928, 111.0, 7376
929, 132.0, 7394
930, 115.0, 7403
931, 100.0, 7423
932, 69.0, 7439
933, 78.0, 7442
934, 200.0, 7459
935, 148.0, 7483
936, 99.0, 7497
937, 67.0, 7500
938, 102.0, 7535
939, 106.0, 7546
940, 64.0, 7551
941, 108.0, 7575
942, 98.0, 7591
943, 96.0, 7611
944, 161.0, 7615
945, 200.0, 7630
946, 119.0, 7645
947, 180.0, 7661
948, 65.0, 7682
949, 97.0, 7706
950, 84.0, 7714
951, 121.0, 7734
952, 198.0, 7753
953, 93.0, 7759
954, 107.0, 7769
955, 79.0, 7774
956, 104.0, 7782
957, 98.0, 7806
958, 96.0, 7827
959, 94.0, 7837
960, 75.0, 7841
961, 57.0, 7855
962, 104.0, 7859
963, 85.0, 7869
964, 83.0, 7887
965, 98.0, 7894
966, 99.0, 7899
967, 123.0, 7915
968, 94.0, 7930
969, 118.0, 7947
970, 100.0, 7951
971, 107.0, 7968
972, 118.0, 7990
973, 117.0, 7992
974, 93.0, 8013
975, 94.0, 8036
976, 99.0, 8046
977, 90.0, 8064
978, 100.0, 8086
979, 81.0, 8095
980, 93.0, 8111
981, 116.0, 8132
982, 86.0, 8150
983, 86.0, 8158
984, 87.0, 8184
985, 109.0, 8186
986, 85.0, 8205
987, 105.0, 8235
988, 77.0, 8253
989, 86.0, 8273
990, 95.0, 8276
991, 96.0, 8289
992, 108.0, 8292
993, 85.0, 8297
994, 104.0, 8301
995, 101.0, 8313
996, 104.0, 8332
997, 93.0, 8353
998, 74.0, 8368
999, 101.0, 8375
